

================================================================
== Vitis HLS Report for 'cnn_core'
================================================================
* Date:           Wed Feb 11 16:58:21 2026

* Version:        2023.2 (Build 4023990 on Oct 11 2023)
* Project:        cnn_core_prj
* Solution:       solution1 (Vivado IP Flow Target)
* Product family: kintexuplus
* Target device:  xcku5p-ffvb676-2-e


================================================================
== Performance Estimates
================================================================
+ Timing: 
    * Summary: 
    +--------+---------+----------+------------+
    |  Clock |  Target | Estimated| Uncertainty|
    +--------+---------+----------+------------+
    |ap_clk  |  5.00 ns|  3.650 ns|     1.35 ns|
    +--------+---------+----------+------------+

+ Latency: 
    * Summary: 
    +---------+---------+-----------+-----------+------+------+----------+
    |  Latency (cycles) |   Latency (absolute)  |   Interval  | Pipeline |
    |   min   |   max   |    min    |    max    |  min |  max |   Type   |
    +---------+---------+-----------+-----------+------+------+----------+
    |     3218|     3218|  16.090 us|  16.090 us|  3076|  3076|  dataflow|
    +---------+---------+-----------+-----------+------+------+----------+

    + Detail: 
        * Instance: 
        +------------------------------------------------------------------------+-----------------------------------------------------------------------+---------+---------+-----------+-----------+------+------+---------+
        |                                                                        |                                                                       |  Latency (cycles) |   Latency (absolute)  |   Interval  | Pipeline|
        |                                Instance                                |                                 Module                                |   min   |   max   |    min    |    max    |  min |  max |   Type  |
        +------------------------------------------------------------------------+-----------------------------------------------------------------------+---------+---------+-----------+-----------+------+------+---------+
        |transpose_array_ap_fixed_4u_array_ap_fixed_12_6_5_3_0_256u_config2_U0   |transpose_array_ap_fixed_4u_array_ap_fixed_12_6_5_3_0_256u_config2_s   |      269|      269|   1.345 us|   1.345 us|   269|   269|       no|
        |repack_stream_array_ap_fixed_256u_array_ap_fixed_12_6_5_3_0_1u_1024_U0  |repack_stream_array_ap_fixed_256u_array_ap_fixed_12_6_5_3_0_1u_1024_s  |     1553|     1553|   7.765 us|   7.765 us|  1553|  1553|       no|
        |conv_2d_cl_array_ap_fixed_1u_array_ap_fixed_17_9_5_3_0_7u_config4_U0    |conv_2d_cl_array_ap_fixed_1u_array_ap_fixed_17_9_5_3_0_7u_config4_s    |     3075|     3075|  15.375 us|  15.375 us|  3075|  3075|       no|
        |relu_array_ap_fixed_7u_array_ap_fixed_16_6_5_3_0_7u_relu_config5_U0     |relu_array_ap_fixed_7u_array_ap_fixed_16_6_5_3_0_7u_relu_config5_s     |      339|      339|   1.695 us|   1.695 us|   339|   339|       no|
        |pooling2d_cl_array_ap_fixed_7u_array_ap_fixed_16_6_5_3_0_7u_config6_U0  |pooling2d_cl_array_ap_fixed_7u_array_ap_fixed_16_6_5_3_0_7u_config6_s  |      674|      674|   3.370 us|   3.370 us|   674|   674|       no|
        |repack_stream_array_ap_fixed_7u_array_ap_fixed_16_6_5_3_0_42u_1176_U0   |repack_stream_array_ap_fixed_7u_array_ap_fixed_16_6_5_3_0_42u_1176_s   |      171|      171|   0.855 us|   0.855 us|   171|   171|       no|
        |repack_stream_array_ap_fixed_42u_array_ap_fixed_16_6_5_3_0_42u_1176_U0  |repack_stream_array_ap_fixed_42u_array_ap_fixed_16_6_5_3_0_42u_1176_s  |       30|       30|   0.150 us|   0.150 us|    30|    30|       no|
        |dense_array_ap_fixed_42u_array_ap_fixed_17_9_5_3_0_1u_config10_U0       |dense_array_ap_fixed_42u_array_ap_fixed_17_9_5_3_0_1u_config10_s       |       37|       37|   0.185 us|   0.185 us|    37|    37|       no|
        +------------------------------------------------------------------------+-----------------------------------------------------------------------+---------+---------+-----------+-----------+------+------+---------+

        * Loop: 
        N/A



================================================================
== Utilization Estimates
================================================================
* Summary: 
+-----------------+---------+------+--------+--------+-----+
|       Name      | BRAM_18K|  DSP |   FF   |   LUT  | URAM|
+-----------------+---------+------+--------+--------+-----+
|DSP              |        -|     -|       -|       -|    -|
|Expression       |        -|     -|       0|       2|    -|
|FIFO             |      269|     -|    1107|     385|    -|
|Instance         |        1|   239|   63556|   59015|    0|
|Memory           |        -|     -|       -|       -|    -|
|Multiplexer      |        -|     -|       -|       -|    -|
|Register         |        -|     -|       -|       -|    -|
+-----------------+---------+------+--------+--------+-----+
|Total            |      270|   239|   64663|   59402|    0|
+-----------------+---------+------+--------+--------+-----+
|Available        |      960|  1824|  433920|  216960|   64|
+-----------------+---------+------+--------+--------+-----+
|Utilization (%)  |       28|    13|      14|      27|    0|
+-----------------+---------+------+--------+--------+-----+

+ Detail: 
    * Instance: 
    +------------------------------------------------------------------------+-----------------------------------------------------------------------+---------+-----+-------+-------+-----+
    |                                Instance                                |                                 Module                                | BRAM_18K| DSP |   FF  |  LUT  | URAM|
    +------------------------------------------------------------------------+-----------------------------------------------------------------------+---------+-----+-------+-------+-----+
    |conv_2d_cl_array_ap_fixed_1u_array_ap_fixed_17_9_5_3_0_7u_config4_U0    |conv_2d_cl_array_ap_fixed_1u_array_ap_fixed_17_9_5_3_0_7u_config4_s    |        0|   25|    699|   1566|    0|
    |dense_array_ap_fixed_42u_array_ap_fixed_17_9_5_3_0_1u_config10_U0       |dense_array_ap_fixed_42u_array_ap_fixed_17_9_5_3_0_1u_config10_s       |        0|  214|  42969|  46285|    0|
    |pooling2d_cl_array_ap_fixed_7u_array_ap_fixed_16_6_5_3_0_7u_config6_U0  |pooling2d_cl_array_ap_fixed_7u_array_ap_fixed_16_6_5_3_0_7u_config6_s  |        0|    0|    337|    822|    0|
    |relu_array_ap_fixed_7u_array_ap_fixed_16_6_5_3_0_7u_relu_config5_U0     |relu_array_ap_fixed_7u_array_ap_fixed_16_6_5_3_0_7u_relu_config5_s     |        0|    0|    120|    381|    0|
    |repack_stream_array_ap_fixed_256u_array_ap_fixed_12_6_5_3_0_1u_1024_U0  |repack_stream_array_ap_fixed_256u_array_ap_fixed_12_6_5_3_0_1u_1024_s  |        1|    0|   3197|   3578|    0|
    |repack_stream_array_ap_fixed_42u_array_ap_fixed_16_6_5_3_0_42u_1176_U0  |repack_stream_array_ap_fixed_42u_array_ap_fixed_16_6_5_3_0_42u_1176_s  |        0|    0|      9|     95|    0|
    |repack_stream_array_ap_fixed_7u_array_ap_fixed_16_6_5_3_0_42u_1176_U0   |repack_stream_array_ap_fixed_7u_array_ap_fixed_16_6_5_3_0_42u_1176_s   |        0|    0|    838|    951|    0|
    |transpose_array_ap_fixed_4u_array_ap_fixed_12_6_5_3_0_256u_config2_U0   |transpose_array_ap_fixed_4u_array_ap_fixed_12_6_5_3_0_256u_config2_s   |        0|    0|  15387|   5337|    0|
    +------------------------------------------------------------------------+-----------------------------------------------------------------------+---------+-----+-------+-------+-----+
    |Total                                                                   |                                                                       |        1|  239|  63556|  59015|    0|
    +------------------------------------------------------------------------+-----------------------------------------------------------------------+---------+-----+-------+-------+-----+

    * DSP: 
    N/A

    * Memory: 
    N/A

    * FIFO: 
    +---------------+---------+-----+----+-----+------+------+---------+
    |      Name     | BRAM_18K|  FF | LUT| URAM| Depth| Bits | Size:D*B|
    +---------------+---------+-----+----+-----+------+------+---------+
    |layer11_out_U  |        1|  163|   0|    -|  1024|    12|    12288|
    |layer12_out_U  |       38|  152|   0|    -|    28|   672|    18816|
    |layer13_out_U  |       38|  152|   0|    -|    28|   672|    18816|
    |layer2_out_U   |      171|  147|   0|    -|     4|  3072|    12288|
    |layer4_out_U   |        7|  165|   0|    -|   336|   119|    39984|
    |layer5_out_U   |        7|  165|   0|    -|   336|   112|    37632|
    |layer6_out_U   |        7|  163|   0|    -|   168|   112|    18816|
    +---------------+---------+-----+----+-----+------+------+---------+
    |Total          |      269| 1107|   0|    0|  1924|  4771|   158640|
    +---------------+---------+-----+----+-----+------+------+---------+

    * Expression: 
    +--------------+----------+----+---+----+------------+------------+
    | Variable Name| Operation| DSP| FF| LUT| Bitwidth P0| Bitwidth P1|
    +--------------+----------+----+---+----+------------+------------+
    |ap_idle       |       and|   0|  0|   2|           1|           1|
    +--------------+----------+----+---+----+------------+------------+
    |Total         |          |   0|  0|   2|           1|           1|
    +--------------+----------+----+---+----+------------+------------+

    * Multiplexer: 
    N/A

    * Register: 
    N/A



================================================================
== Interface
================================================================
* Summary: 
+--------------------+-----+-----+------------+--------------+--------------+
|      RTL Ports     | Dir | Bits|  Protocol  | Source Object|    C Type    |
+--------------------+-----+-----+------------+--------------+--------------+
|input_layer_TDATA   |   in|   64|        axis|   input_layer|       pointer|
|input_layer_TVALID  |   in|    1|        axis|   input_layer|       pointer|
|input_layer_TREADY  |  out|    1|        axis|   input_layer|       pointer|
|layer10_out_TDATA   |  out|   32|        axis|   layer10_out|       pointer|
|layer10_out_TVALID  |  out|    1|        axis|   layer10_out|       pointer|
|layer10_out_TREADY  |   in|    1|        axis|   layer10_out|       pointer|
|ap_clk              |   in|    1|  ap_ctrl_hs|      cnn_core|  return value|
|ap_rst_n            |   in|    1|  ap_ctrl_hs|      cnn_core|  return value|
|ap_start            |   in|    1|  ap_ctrl_hs|      cnn_core|  return value|
|ap_done             |  out|    1|  ap_ctrl_hs|      cnn_core|  return value|
|ap_ready            |  out|    1|  ap_ctrl_hs|      cnn_core|  return value|
|ap_idle             |  out|    1|  ap_ctrl_hs|      cnn_core|  return value|
+--------------------+-----+-----+------------+--------------+--------------+

