

================================================================
== Vitis HLS Report for 'repack_stream_array_ap_fixed_7u_array_ap_fixed_16_6_5_3_0_42u_1176_s'
================================================================
* Date:           Wed Feb 11 15:57:46 2026

* Version:        2023.2 (Build 4023990 on Oct 11 2023)
* Project:        cnn_core_prj
* Solution:       solution1 (Vivado IP Flow Target)
* Product family: kintexuplus
* Target device:  xcku5p-ffvb676-2-e


================================================================
== Performance Estimates
================================================================
+ Timing: 
    * Summary: 
    +--------+---------+----------+------------+
    |  Clock |  Target | Estimated| Uncertainty|
    +--------+---------+----------+------------+
    |ap_clk  |  5.00 ns|  2.449 ns|     1.35 ns|
    +--------+---------+----------+------------+

+ Latency: 
    * Summary: 
    +---------+---------+----------+----------+-----+-----+---------+
    |  Latency (cycles) |  Latency (absolute) |  Interval | Pipeline|
    |   min   |   max   |    min   |    max   | min | max |   Type  |
    +---------+---------+----------+----------+-----+-----+---------+
    |      171|      171|  0.855 us|  0.855 us|  171|  171|       no|
    +---------+---------+----------+----------+-----+-----+---------+

    + Detail: 
        * Instance: 
        N/A

        * Loop: 
        +--------------------+---------+---------+----------+-----------+-----------+------+----------+
        |                    |  Latency (cycles) | Iteration|  Initiation Interval  | Trip |          |
        |      Loop Name     |   min   |   max   |  Latency |  achieved |   target  | Count| Pipelined|
        +--------------------+---------+---------+----------+-----------+-----------+------+----------+
        |- VITIS_LOOP_269_6  |      169|      169|         3|          1|          1|   168|       yes|
        +--------------------+---------+---------+----------+-----------+-----------+------+----------+



================================================================
== Utilization Estimates
================================================================
* Summary: 
+-----------------+---------+------+--------+--------+-----+
|       Name      | BRAM_18K|  DSP |   FF   |   LUT  | URAM|
+-----------------+---------+------+--------+--------+-----+
|DSP              |        -|     -|       -|       -|    -|
|Expression       |        -|     -|       0|     865|    -|
|FIFO             |        -|     -|       -|       -|    -|
|Instance         |        -|     -|       -|       -|    -|
|Memory           |        -|     -|       -|       -|    -|
|Multiplexer      |        -|     -|       -|      86|    -|
|Register         |        -|     -|     838|       -|    -|
+-----------------+---------+------+--------+--------+-----+
|Total            |        0|     0|     838|     951|    0|
+-----------------+---------+------+--------+--------+-----+
|Available        |      960|  1824|  433920|  216960|   64|
+-----------------+---------+------+--------+--------+-----+
|Utilization (%)  |        0|     0|      ~0|      ~0|    0|
+-----------------+---------+------+--------+--------+-----+

+ Detail: 
    * Instance: 
    N/A

    * DSP: 
    N/A

    * Memory: 
    N/A

    * FIFO: 
    N/A

    * Expression: 
    +----------------------------------+----------+----+---+----+------------+------------+
    |           Variable Name          | Operation| DSP| FF| LUT| Bitwidth P0| Bitwidth P1|
    +----------------------------------+----------+----+---+----+------------+------------+
    |i_4_fu_284_p2                     |         +|   0|  0|  15|           8|           1|
    |pack_cnt_2_fu_402_p2              |         +|   0|  0|  39|          32|           1|
    |ap_block_state2_pp0_stage0_iter1  |       and|   0|  0|   2|           1|           1|
    |ap_block_state3_pp0_stage0_iter2  |       and|   0|  0|   2|           1|           1|
    |ap_condition_279                  |       and|   0|  0|   2|           1|           1|
    |ap_condition_298                  |       and|   0|  0|   2|           1|           1|
    |icmp_ln269_fu_278_p2              |      icmp|   0|  0|  15|           8|           8|
    |icmp_ln275_1_fu_372_p2            |      icmp|   0|  0|  13|           6|           1|
    |icmp_ln275_2_fu_378_p2            |      icmp|   0|  0|  13|           6|           2|
    |icmp_ln275_3_fu_384_p2            |      icmp|   0|  0|  13|           6|           2|
    |icmp_ln275_4_fu_390_p2            |      icmp|   0|  0|  13|           6|           3|
    |icmp_ln275_fu_366_p2              |      icmp|   0|  0|  13|           6|           1|
    |icmp_ln278_fu_396_p2              |      icmp|   0|  0|  39|          32|           3|
    |ap_block_pp0_stage0_01001         |        or|   0|  0|   2|           1|           1|
    |or_ln275_1_fu_544_p2              |        or|   0|  0|   2|           1|           1|
    |or_ln275_2_fu_552_p2              |        or|   0|  0|   2|           1|           1|
    |or_ln275_3_fu_557_p2              |        or|   0|  0|   2|           1|           1|
    |or_ln275_fu_548_p2                |        or|   0|  0|   2|           1|           1|
    |out_data_50_fu_563_p3             |    select|   0|  0|  16|           1|          16|
    |out_data_51_fu_570_p3             |    select|   0|  0|  16|           1|          16|
    |out_data_52_fu_577_p3             |    select|   0|  0|  16|           1|          16|
    |out_data_53_fu_584_p3             |    select|   0|  0|  16|           1|          16|
    |out_data_54_fu_591_p3             |    select|   0|  0|  16|           1|          16|
    |out_data_55_fu_598_p3             |    select|   0|  0|  16|           1|          16|
    |out_data_56_fu_605_p3             |    select|   0|  0|  16|           1|          16|
    |out_data_57_fu_612_p3             |    select|   0|  0|  16|           1|          16|
    |out_data_58_fu_618_p3             |    select|   0|  0|  16|           1|          16|
    |out_data_59_fu_624_p3             |    select|   0|  0|  16|           1|          16|
    |out_data_60_fu_630_p3             |    select|   0|  0|  16|           1|          16|
    |out_data_61_fu_636_p3             |    select|   0|  0|  16|           1|          16|
    |out_data_62_fu_642_p3             |    select|   0|  0|  16|           1|          16|
    |out_data_63_fu_648_p3             |    select|   0|  0|  16|           1|          16|
    |out_data_64_fu_654_p3             |    select|   0|  0|  16|           1|          16|
    |out_data_65_fu_660_p3             |    select|   0|  0|  16|           1|          16|
    |out_data_66_fu_666_p3             |    select|   0|  0|  16|           1|          16|
    |out_data_67_fu_672_p3             |    select|   0|  0|  16|           1|          16|
    |out_data_68_fu_678_p3             |    select|   0|  0|  16|           1|          16|
    |out_data_69_fu_684_p3             |    select|   0|  0|  16|           1|          16|
    |out_data_70_fu_690_p3             |    select|   0|  0|  16|           1|          16|
    |out_data_71_fu_696_p3             |    select|   0|  0|  16|           1|          16|
    |out_data_72_fu_702_p3             |    select|   0|  0|  16|           1|          16|
    |out_data_73_fu_708_p3             |    select|   0|  0|  16|           1|          16|
    |out_data_74_fu_714_p3             |    select|   0|  0|  16|           1|          16|
    |out_data_75_fu_720_p3             |    select|   0|  0|  16|           1|          16|
    |out_data_76_fu_726_p3             |    select|   0|  0|  16|           1|          16|
    |out_data_77_fu_732_p3             |    select|   0|  0|  16|           1|          16|
    |out_data_78_fu_738_p3             |    select|   0|  0|  16|           1|          16|
    |out_data_79_fu_744_p3             |    select|   0|  0|  16|           1|          16|
    |out_data_80_fu_750_p3             |    select|   0|  0|  16|           1|          16|
    |out_data_81_fu_756_p3             |    select|   0|  0|  16|           1|          16|
    |out_data_82_fu_762_p3             |    select|   0|  0|  16|           1|          16|
    |out_data_83_fu_768_p3             |    select|   0|  0|  16|           1|          16|
    |out_data_84_fu_774_p3             |    select|   0|  0|  16|           1|          16|
    |out_data_85_fu_780_p3             |    select|   0|  0|  16|           1|          16|
    |out_data_86_fu_786_p3             |    select|   0|  0|  16|           1|          16|
    |out_data_87_fu_792_p3             |    select|   0|  0|  16|           1|          16|
    |out_data_88_fu_798_p3             |    select|   0|  0|  16|           1|          16|
    |out_data_89_fu_804_p3             |    select|   0|  0|  16|           1|          16|
    |out_data_90_fu_810_p3             |    select|   0|  0|  16|           1|          16|
    |out_data_91_fu_816_p3             |    select|   0|  0|  16|           1|          16|
    |ap_enable_pp0                     |       xor|   0|  0|   2|           1|           2|
    +----------------------------------+----------+----+---+----+------------+------------+
    |Total                             |          |   0|  0| 865|         162|         705|
    +----------------------------------+----------+----+---+----+------------+------------+

    * Multiplexer: 
    +-----------------------------+----+-----------+-----+-----------+
    |             Name            | LUT| Input Size| Bits| Total Bits|
    +-----------------------------+----+-----------+-----+-----------+
    |ap_done_int                  |   9|          2|    1|          2|
    |ap_enable_reg_pp0_iter2      |   9|          2|    1|          2|
    |ap_sig_allocacmp_i_3         |   9|          2|    8|         16|
    |ap_sig_allocacmp_pack_cnt_1  |   9|          2|   32|         64|
    |i_fu_80                      |   9|          2|    8|         16|
    |layer12_out_blk_n            |   9|          2|    1|          2|
    |layer6_out_blk_n             |   9|          2|    1|          2|
    |pack_cnt_fu_76               |  14|          3|   32|         96|
    |real_start                   |   9|          2|    1|          2|
    +-----------------------------+----+-----------+-----+-----------+
    |Total                        |  86|         19|   85|        202|
    +-----------------------------+----+-----------+-----+-----------+

    * Register: 
    +----------------------------------+----+----+-----+-----------+
    |               Name               | FF | LUT| Bits| Const Bits|
    +----------------------------------+----+----+-----+-----------+
    |ap_CS_fsm                         |   1|   0|    1|          0|
    |ap_done_reg                       |   1|   0|    1|          0|
    |ap_enable_reg_pp0_iter1           |   1|   0|    1|          0|
    |ap_enable_reg_pp0_iter2           |   1|   0|    1|          0|
    |ap_loop_exit_ready_pp0_iter1_reg  |   1|   0|    1|          0|
    |ap_loop_init_pp0_iter1_reg        |   1|   0|    1|          0|
    |i_fu_80                           |   8|   0|    8|          0|
    |icmp_ln269_reg_1388               |   1|   0|    1|          0|
    |icmp_ln275_1_reg_1474             |   1|   0|    1|          0|
    |icmp_ln275_2_reg_1486             |   1|   0|    1|          0|
    |icmp_ln275_3_reg_1498             |   1|   0|    1|          0|
    |icmp_ln275_4_reg_1510             |   1|   0|    1|          0|
    |icmp_ln275_reg_1462               |   1|   0|    1|          0|
    |icmp_ln278_reg_1522               |   1|   0|    1|          0|
    |in_data_4_reg_1402                |  16|   0|   16|          0|
    |in_data_5_reg_1412                |  16|   0|   16|          0|
    |in_data_6_reg_1422                |  16|   0|   16|          0|
    |in_data_reg_1392                  |  16|   0|   16|          0|
    |out_data_10_fu_112                |  16|   0|   16|          0|
    |out_data_11_fu_116                |  16|   0|   16|          0|
    |out_data_12_fu_120                |  16|   0|   16|          0|
    |out_data_13_fu_124                |  16|   0|   16|          0|
    |out_data_14_fu_128                |  16|   0|   16|          0|
    |out_data_15_fu_132                |  16|   0|   16|          0|
    |out_data_16_fu_136                |  16|   0|   16|          0|
    |out_data_17_fu_140                |  16|   0|   16|          0|
    |out_data_18_fu_144                |  16|   0|   16|          0|
    |out_data_19_fu_148                |  16|   0|   16|          0|
    |out_data_1_reg_1442               |  16|   0|   16|          0|
    |out_data_20_fu_152                |  16|   0|   16|          0|
    |out_data_21_fu_156                |  16|   0|   16|          0|
    |out_data_22_fu_160                |  16|   0|   16|          0|
    |out_data_23_fu_164                |  16|   0|   16|          0|
    |out_data_24_fu_168                |  16|   0|   16|          0|
    |out_data_25_fu_172                |  16|   0|   16|          0|
    |out_data_26_fu_176                |  16|   0|   16|          0|
    |out_data_27_fu_180                |  16|   0|   16|          0|
    |out_data_28_fu_184                |  16|   0|   16|          0|
    |out_data_29_fu_188                |  16|   0|   16|          0|
    |out_data_2_reg_1452               |  16|   0|   16|          0|
    |out_data_30_fu_192                |  16|   0|   16|          0|
    |out_data_31_fu_196                |  16|   0|   16|          0|
    |out_data_32_fu_200                |  16|   0|   16|          0|
    |out_data_33_fu_204                |  16|   0|   16|          0|
    |out_data_34_fu_208                |  16|   0|   16|          0|
    |out_data_35_fu_212                |  16|   0|   16|          0|
    |out_data_36_fu_216                |  16|   0|   16|          0|
    |out_data_37_fu_220                |  16|   0|   16|          0|
    |out_data_38_fu_224                |  16|   0|   16|          0|
    |out_data_39_fu_228                |  16|   0|   16|          0|
    |out_data_40_fu_232                |  16|   0|   16|          0|
    |out_data_41_fu_236                |  16|   0|   16|          0|
    |out_data_42_fu_240                |  16|   0|   16|          0|
    |out_data_43_fu_244                |  16|   0|   16|          0|
    |out_data_44_fu_248                |  16|   0|   16|          0|
    |out_data_49_reg_1432              |  16|   0|   16|          0|
    |out_data_4_fu_88                  |  16|   0|   16|          0|
    |out_data_5_fu_92                  |  16|   0|   16|          0|
    |out_data_6_fu_96                  |  16|   0|   16|          0|
    |out_data_7_fu_100                 |  16|   0|   16|          0|
    |out_data_8_fu_104                 |  16|   0|   16|          0|
    |out_data_9_fu_108                 |  16|   0|   16|          0|
    |out_data_fu_84                    |  16|   0|   16|          0|
    |pack_cnt_fu_76                    |  32|   0|   32|          0|
    |start_once_reg                    |   1|   0|    1|          0|
    +----------------------------------+----+----+-----+-----------+
    |Total                             | 838|   0|  838|          0|
    +----------------------------------+----+----+-----+-----------+



================================================================
== Interface
================================================================
* Summary: 
+----------------------------+-----+-----+------------+------------------------------------------------------------------------+--------------+
|          RTL Ports         | Dir | Bits|  Protocol  |                              Source Object                             |    C Type    |
+----------------------------+-----+-----+------------+------------------------------------------------------------------------+--------------+
|ap_clk                      |   in|    1|  ap_ctrl_hs|  repack_stream<array<ap_fixed,7u>,array<ap_fixed<16,6,5,3,0>,42u>,1176>|  return value|
|ap_rst                      |   in|    1|  ap_ctrl_hs|  repack_stream<array<ap_fixed,7u>,array<ap_fixed<16,6,5,3,0>,42u>,1176>|  return value|
|ap_start                    |   in|    1|  ap_ctrl_hs|  repack_stream<array<ap_fixed,7u>,array<ap_fixed<16,6,5,3,0>,42u>,1176>|  return value|
|start_full_n                |   in|    1|  ap_ctrl_hs|  repack_stream<array<ap_fixed,7u>,array<ap_fixed<16,6,5,3,0>,42u>,1176>|  return value|
|ap_done                     |  out|    1|  ap_ctrl_hs|  repack_stream<array<ap_fixed,7u>,array<ap_fixed<16,6,5,3,0>,42u>,1176>|  return value|
|ap_continue                 |   in|    1|  ap_ctrl_hs|  repack_stream<array<ap_fixed,7u>,array<ap_fixed<16,6,5,3,0>,42u>,1176>|  return value|
|ap_idle                     |  out|    1|  ap_ctrl_hs|  repack_stream<array<ap_fixed,7u>,array<ap_fixed<16,6,5,3,0>,42u>,1176>|  return value|
|ap_ready                    |  out|    1|  ap_ctrl_hs|  repack_stream<array<ap_fixed,7u>,array<ap_fixed<16,6,5,3,0>,42u>,1176>|  return value|
|start_out                   |  out|    1|  ap_ctrl_hs|  repack_stream<array<ap_fixed,7u>,array<ap_fixed<16,6,5,3,0>,42u>,1176>|  return value|
|start_write                 |  out|    1|  ap_ctrl_hs|  repack_stream<array<ap_fixed,7u>,array<ap_fixed<16,6,5,3,0>,42u>,1176>|  return value|
|layer6_out_dout             |   in|  112|     ap_fifo|                                                              layer6_out|       pointer|
|layer6_out_num_data_valid   |   in|    9|     ap_fifo|                                                              layer6_out|       pointer|
|layer6_out_fifo_cap         |   in|    9|     ap_fifo|                                                              layer6_out|       pointer|
|layer6_out_empty_n          |   in|    1|     ap_fifo|                                                              layer6_out|       pointer|
|layer6_out_read             |  out|    1|     ap_fifo|                                                              layer6_out|       pointer|
|layer12_out_din             |  out|  672|     ap_fifo|                                                             layer12_out|       pointer|
|layer12_out_num_data_valid  |   in|    6|     ap_fifo|                                                             layer12_out|       pointer|
|layer12_out_fifo_cap        |   in|    6|     ap_fifo|                                                             layer12_out|       pointer|
|layer12_out_full_n          |   in|    1|     ap_fifo|                                                             layer12_out|       pointer|
|layer12_out_write           |  out|    1|     ap_fifo|                                                             layer12_out|       pointer|
+----------------------------+-----+-----+------------+------------------------------------------------------------------------+--------------+

