/home/work1/Works/CNN-Core-Wrapper/cnn_core_project/cnn_core_prj/solution1/.autopilot/db/cnn_core.pp.0.cpp:28371:7: warning: Added loop label VITIS_LOOP_1207_1:   [xilinx-label-all-loops]
      for (i = 0; i < __N - 1; ++i) {
      ^~~
      VITIS_LOOP_1207_1: 
/home/work1/Works/CNN-Core-Wrapper/cnn_core_project/cnn_core_prj/solution1/.autopilot/db/cnn_core.pp.0.cpp:28371:7: note: FIX-IT applied suggested code changes
/home/work1/Works/CNN-Core-Wrapper/cnn_core_project/cnn_core_prj/solution1/.autopilot/db/cnn_core.pp.0.cpp:29345:5: warning: Added loop label VITIS_LOOP_676_1:   [xilinx-label-all-loops]
    for (unsigned i = low; i != high; ++i) {
    ^~~
    VITIS_LOOP_676_1: 
/home/work1/Works/CNN-Core-Wrapper/cnn_core_project/cnn_core_prj/solution1/.autopilot/db/cnn_core.pp.0.cpp:29345:5: note: FIX-IT applied suggested code changes
/home/work1/Works/CNN-Core-Wrapper/cnn_core_project/cnn_core_prj/solution1/.autopilot/db/cnn_core.pp.0.cpp:29359:5: warning: Added loop label VITIS_LOOP_690_1:   [xilinx-label-all-loops]
    for (unsigned i = low; i != high; ++i) {
    ^~~
    VITIS_LOOP_690_1: 
/home/work1/Works/CNN-Core-Wrapper/cnn_core_project/cnn_core_prj/solution1/.autopilot/db/cnn_core.pp.0.cpp:29359:5: note: FIX-IT applied suggested code changes
/home/work1/Works/CNN-Core-Wrapper/cnn_core_project/cnn_core_prj/solution1/.autopilot/db/cnn_core.pp.0.cpp:29373:5: warning: Added loop label VITIS_LOOP_704_1:   [xilinx-label-all-loops]
    for (unsigned i = low; i != high; ++i) {
    ^~~
    VITIS_LOOP_704_1: 
/home/work1/Works/CNN-Core-Wrapper/cnn_core_project/cnn_core_prj/solution1/.autopilot/db/cnn_core.pp.0.cpp:29373:5: note: FIX-IT applied suggested code changes
/home/work1/Works/CNN-Core-Wrapper/cnn_core_project/cnn_core_prj/solution1/.autopilot/db/cnn_core.pp.0.cpp:30990:7: warning: Added loop label VITIS_LOOP_1247_1:   [xilinx-label-all-loops]
      for (i = 0; i < __N - 1; ++i) {
      ^~~
      VITIS_LOOP_1247_1: 
/home/work1/Works/CNN-Core-Wrapper/cnn_core_project/cnn_core_prj/solution1/.autopilot/db/cnn_core.pp.0.cpp:30990:7: note: FIX-IT applied suggested code changes
/home/work1/Works/CNN-Core-Wrapper/cnn_core_project/cnn_core_prj/solution1/.autopilot/db/cnn_core.pp.0.cpp:32973:9: warning: Added loop label VITIS_LOOP_27_1:   [xilinx-label-all-loops]
        for (unsigned i = 0; i < N; i++) {
        ^~~
        VITIS_LOOP_27_1: 
/home/work1/Works/CNN-Core-Wrapper/cnn_core_project/cnn_core_prj/solution1/.autopilot/db/cnn_core.pp.0.cpp:32973:9: note: FIX-IT applied suggested code changes
/home/work1/Works/CNN-Core-Wrapper/cnn_core_project/cnn_core_prj/solution1/.autopilot/db/cnn_core.pp.0.cpp:32985:9: warning: Added loop label VITIS_LOOP_39_1:   [xilinx-label-all-loops]
        for (unsigned i = 0; i < N; i++) {
        ^~~
        VITIS_LOOP_39_1: 
/home/work1/Works/CNN-Core-Wrapper/cnn_core_project/cnn_core_prj/solution1/.autopilot/db/cnn_core.pp.0.cpp:32985:9: note: FIX-IT applied suggested code changes
/home/work1/Works/CNN-Core-Wrapper/cnn_core_project/cnn_core_prj/solution1/.autopilot/db/cnn_core.pp.0.cpp:33002:9: warning: Added loop label VITIS_LOOP_56_1:   [xilinx-label-all-loops]
        for (size_t i = 0; i < N; i++) {
        ^~~
        VITIS_LOOP_56_1: 
/home/work1/Works/CNN-Core-Wrapper/cnn_core_project/cnn_core_prj/solution1/.autopilot/db/cnn_core.pp.0.cpp:33002:9: note: FIX-IT applied suggested code changes
/home/work1/Works/CNN-Core-Wrapper/cnn_core_project/cnn_core_prj/solution1/.autopilot/db/cnn_core.pp.0.cpp:56199:5: warning: Added loop label VITIS_LOOP_265_1:   [xilinx-label-all-loops]
    for (typename std::vector<src_T>::const_iterator i = in_begin; i != in_end; ++i) {
    ^~~
    VITIS_LOOP_265_1: 
/home/work1/Works/CNN-Core-Wrapper/cnn_core_project/cnn_core_prj/solution1/.autopilot/db/cnn_core.pp.0.cpp:56199:5: note: FIX-IT applied suggested code changes
/home/work1/Works/CNN-Core-Wrapper/cnn_core_project/cnn_core_prj/solution1/.autopilot/db/cnn_core.pp.0.cpp:56209:5: warning: Added loop label VITIS_LOOP_275_1:   [xilinx-label-all-loops]
    for (auto i = 0; i < SIZE; i++)
    ^~~
    VITIS_LOOP_275_1: 
/home/work1/Works/CNN-Core-Wrapper/cnn_core_project/cnn_core_prj/solution1/.autopilot/db/cnn_core.pp.0.cpp:56209:5: note: FIX-IT applied suggested code changes
/home/work1/Works/CNN-Core-Wrapper/cnn_core_project/cnn_core_prj/solution1/.autopilot/db/cnn_core.pp.0.cpp:56220:5: warning: Added loop label VITIS_LOOP_286_1:   [xilinx-label-all-loops]
    for (int i = 0; i < SIZE; i++) {
    ^~~
    VITIS_LOOP_286_1: 
/home/work1/Works/CNN-Core-Wrapper/cnn_core_project/cnn_core_prj/solution1/.autopilot/db/cnn_core.pp.0.cpp:56220:5: note: FIX-IT applied suggested code changes
/home/work1/Works/CNN-Core-Wrapper/cnn_core_project/cnn_core_prj/solution1/.autopilot/db/cnn_core.pp.0.cpp:56227:5: warning: Added loop label VITIS_LOOP_293_1:   [xilinx-label-all-loops]
    for (int i = 0; i < SIZE / res_T::size; i++) {
    ^~~
    VITIS_LOOP_293_1: 
/home/work1/Works/CNN-Core-Wrapper/cnn_core_project/cnn_core_prj/solution1/.autopilot/db/cnn_core.pp.0.cpp:56227:5: note: FIX-IT applied suggested code changes
/home/work1/Works/CNN-Core-Wrapper/cnn_core_project/cnn_core_prj/solution1/.autopilot/db/cnn_core.pp.0.cpp:56229:9: warning: Added loop label VITIS_LOOP_295_2:   [xilinx-label-all-loops]
        for (int j = 0; j < res_T::size; j++) {
        ^~~
        VITIS_LOOP_295_2: 
/home/work1/Works/CNN-Core-Wrapper/cnn_core_project/cnn_core_prj/solution1/.autopilot/db/cnn_core.pp.0.cpp:56229:9: note: FIX-IT applied suggested code changes
/home/work1/Works/CNN-Core-Wrapper/cnn_core_project/cnn_core_prj/solution1/.autopilot/db/cnn_core.pp.0.cpp:56241:5: warning: Added loop label VITIS_LOOP_307_1:   [xilinx-label-all-loops]
    for (int i = 0; i < SIZE / data_T::size; i++) {
    ^~~
    VITIS_LOOP_307_1: 
/home/work1/Works/CNN-Core-Wrapper/cnn_core_project/cnn_core_prj/solution1/.autopilot/db/cnn_core.pp.0.cpp:56241:5: note: FIX-IT applied suggested code changes
/home/work1/Works/CNN-Core-Wrapper/cnn_core_project/cnn_core_prj/solution1/.autopilot/db/cnn_core.pp.0.cpp:56243:9: warning: Added loop label VITIS_LOOP_309_2:   [xilinx-label-all-loops]
        for (int j = 0; j < data_T::size; j++) {
        ^~~
        VITIS_LOOP_309_2: 
/home/work1/Works/CNN-Core-Wrapper/cnn_core_project/cnn_core_prj/solution1/.autopilot/db/cnn_core.pp.0.cpp:56243:9: note: FIX-IT applied suggested code changes
/home/work1/Works/CNN-Core-Wrapper/cnn_core_project/cnn_core_prj/solution1/.autopilot/db/cnn_core.pp.0.cpp:56258:5: warning: Added loop label VITIS_LOOP_324_1:   [xilinx-label-all-loops]
    for (int ii = 0; ii < nrows; ii++) {
    ^~~
    VITIS_LOOP_324_1: 
/home/work1/Works/CNN-Core-Wrapper/cnn_core_project/cnn_core_prj/solution1/.autopilot/db/cnn_core.pp.0.cpp:56258:5: note: FIX-IT applied suggested code changes
/home/work1/Works/CNN-Core-Wrapper/cnn_core_project/cnn_core_prj/solution1/.autopilot/db/cnn_core.pp.0.cpp:56278:5: warning: Added loop label VITIS_LOOP_344_1:   [xilinx-label-all-loops]
    for (int ii = 0; ii < nrows; ii++) {
    ^~~
    VITIS_LOOP_344_1: 
/home/work1/Works/CNN-Core-Wrapper/cnn_core_project/cnn_core_prj/solution1/.autopilot/db/cnn_core.pp.0.cpp:56278:5: note: FIX-IT applied suggested code changes
/home/work1/Works/CNN-Core-Wrapper/cnn_core_project/cnn_core_prj/solution1/.autopilot/db/cnn_core.pp.0.cpp:56279:9: warning: Added loop label VITIS_LOOP_345_2:   [xilinx-label-all-loops]
        for (int jj = 0; jj < ncols; jj++) {
        ^~~
        VITIS_LOOP_345_2: 
/home/work1/Works/CNN-Core-Wrapper/cnn_core_project/cnn_core_prj/solution1/.autopilot/db/cnn_core.pp.0.cpp:56279:9: note: FIX-IT applied suggested code changes
/home/work1/Works/CNN-Core-Wrapper/cnn_core_project/cnn_core_prj/solution1/.autopilot/db/cnn_core.pp.0.cpp:56294:5: warning: Added loop label VITIS_LOOP_360_1:   [xilinx-label-all-loops]
    for (int ii = 0; ii < N_IN; ii++) {
    ^~~
    VITIS_LOOP_360_1: 
/home/work1/Works/CNN-Core-Wrapper/cnn_core_project/cnn_core_prj/solution1/.autopilot/db/cnn_core.pp.0.cpp:56294:5: note: FIX-IT applied suggested code changes
/home/work1/Works/CNN-Core-Wrapper/cnn_core_project/cnn_core_prj/solution1/.autopilot/db/cnn_core.pp.0.cpp:56301:5: warning: Added loop label VITIS_LOOP_367_1:   [xilinx-label-all-loops]
    for (int ii = 0; ii < N_IN; ii++) {
    ^~~
    VITIS_LOOP_367_1: 
/home/work1/Works/CNN-Core-Wrapper/cnn_core_project/cnn_core_prj/solution1/.autopilot/db/cnn_core.pp.0.cpp:56301:5: note: FIX-IT applied suggested code changes
/home/work1/Works/CNN-Core-Wrapper/cnn_core_project/cnn_core_prj/solution1/.autopilot/db/cnn_core.pp.0.cpp:56611:5: warning: Added loop label VITIS_LOOP_136_1:   [xilinx-label-all-loops]
    for (int ii = 0; ii < CONFIG_T::out_width / CONFIG_T::n_partitions; ii++) {
    ^~~
    VITIS_LOOP_136_1: 
/home/work1/Works/CNN-Core-Wrapper/cnn_core_project/cnn_core_prj/solution1/.autopilot/db/cnn_core.pp.0.cpp:56611:5: note: FIX-IT applied suggested code changes
/home/work1/Works/CNN-Core-Wrapper/cnn_core_project/cnn_core_prj/solution1/.autopilot/db/cnn_core.pp.0.cpp:56612:9: warning: Added loop label VITIS_LOOP_137_2:   [xilinx-label-all-loops]
        for (int ff = 0; ff < CONFIG_T::n_filt; ff++) {
        ^~~
        VITIS_LOOP_137_2: 
/home/work1/Works/CNN-Core-Wrapper/cnn_core_project/cnn_core_prj/solution1/.autopilot/db/cnn_core.pp.0.cpp:56612:9: note: FIX-IT applied suggested code changes
/home/work1/Works/CNN-Core-Wrapper/cnn_core_project/cnn_core_prj/solution1/.autopilot/db/cnn_core.pp.0.cpp:56633:5: warning: Added loop label VITIS_LOOP_158_3:   [xilinx-label-all-loops]
    for (int ii = 0; ii < CONFIG_T::out_width / CONFIG_T::n_partitions; ii++) {
    ^~~
    VITIS_LOOP_158_3: 
/home/work1/Works/CNN-Core-Wrapper/cnn_core_project/cnn_core_prj/solution1/.autopilot/db/cnn_core.pp.0.cpp:56633:5: note: FIX-IT applied suggested code changes
/home/work1/Works/CNN-Core-Wrapper/cnn_core_project/cnn_core_prj/solution1/.autopilot/db/cnn_core.pp.0.cpp:56634:9: warning: Added loop label VITIS_LOOP_159_4:   [xilinx-label-all-loops]
        for (int ff = 0; ff < CONFIG_T::n_filt; ff++) {
        ^~~
        VITIS_LOOP_159_4: 
/home/work1/Works/CNN-Core-Wrapper/cnn_core_project/cnn_core_prj/solution1/.autopilot/db/cnn_core.pp.0.cpp:56634:9: note: FIX-IT applied suggested code changes
/home/work1/Works/CNN-Core-Wrapper/cnn_core_project/cnn_core_prj/solution1/.autopilot/db/cnn_core.pp.0.cpp:56781:2: warning: Added loop label VITIS_LOOP_31_1:   [xilinx-label-all-loops]
 for (int ii = 0; ii < CONFIG_T::n_in; ii++) {
 ^~~
 VITIS_LOOP_31_1: 
/home/work1/Works/CNN-Core-Wrapper/cnn_core_project/cnn_core_prj/solution1/.autopilot/db/cnn_core.pp.0.cpp:56781:2: note: FIX-IT applied suggested code changes
/home/work1/Works/CNN-Core-Wrapper/cnn_core_project/cnn_core_prj/solution1/.autopilot/db/cnn_core.pp.0.cpp:56793:5: warning: Added loop label VITIS_LOOP_43_1:   [xilinx-label-all-loops]
    for (int ii = 0; ii < CONFIG_T::n_in; ii++) {
    ^~~
    VITIS_LOOP_43_1: 
/home/work1/Works/CNN-Core-Wrapper/cnn_core_project/cnn_core_prj/solution1/.autopilot/db/cnn_core.pp.0.cpp:56793:5: note: FIX-IT applied suggested code changes
/home/work1/Works/CNN-Core-Wrapper/cnn_core_project/cnn_core_prj/solution1/.autopilot/db/cnn_core.pp.0.cpp:56807:5: warning: Added loop label VITIS_LOOP_57_1:   [xilinx-label-all-loops]
    for (int ii = 0; ii < CONFIG_T::n_in; ii++) {
    ^~~
    VITIS_LOOP_57_1: 
/home/work1/Works/CNN-Core-Wrapper/cnn_core_project/cnn_core_prj/solution1/.autopilot/db/cnn_core.pp.0.cpp:56807:5: note: FIX-IT applied suggested code changes
/home/work1/Works/CNN-Core-Wrapper/cnn_core_project/cnn_core_prj/solution1/.autopilot/db/cnn_core.pp.0.cpp:56834:5: warning: Added loop label VITIS_LOOP_84_1:   [xilinx-label-all-loops]
    for (int ii = 0; ii < N_TABLE; ii++) {
    ^~~
    VITIS_LOOP_84_1: 
/home/work1/Works/CNN-Core-Wrapper/cnn_core_project/cnn_core_prj/solution1/.autopilot/db/cnn_core.pp.0.cpp:56834:5: note: FIX-IT applied suggested code changes
/home/work1/Works/CNN-Core-Wrapper/cnn_core_project/cnn_core_prj/solution1/.autopilot/db/cnn_core.pp.0.cpp:56864:5: warning: Added loop label VITIS_LOOP_114_1:   [xilinx-label-all-loops]
    for (int ii = 0; ii < CONFIG_T::n_in; ii++) {
    ^~~
    VITIS_LOOP_114_1: 
/home/work1/Works/CNN-Core-Wrapper/cnn_core_project/cnn_core_prj/solution1/.autopilot/db/cnn_core.pp.0.cpp:56864:5: note: FIX-IT applied suggested code changes
/home/work1/Works/CNN-Core-Wrapper/cnn_core_project/cnn_core_prj/solution1/.autopilot/db/cnn_core.pp.0.cpp:56901:5: warning: Added loop label VITIS_LOOP_151_1:   [xilinx-label-all-loops]
    for (unsigned i = 0; i < CONFIG_T::exp_table_size; i++) {
    ^~~
    VITIS_LOOP_151_1: 
/home/work1/Works/CNN-Core-Wrapper/cnn_core_project/cnn_core_prj/solution1/.autopilot/db/cnn_core.pp.0.cpp:56901:5: note: FIX-IT applied suggested code changes
/home/work1/Works/CNN-Core-Wrapper/cnn_core_project/cnn_core_prj/solution1/.autopilot/db/cnn_core.pp.0.cpp:56917:5: warning: Added loop label VITIS_LOOP_167_1:   [xilinx-label-all-loops]
    for (unsigned i = 0; i < CONFIG_T::inv_table_size; i++) {
    ^~~
    VITIS_LOOP_167_1: 
/home/work1/Works/CNN-Core-Wrapper/cnn_core_project/cnn_core_prj/solution1/.autopilot/db/cnn_core.pp.0.cpp:56917:5: note: FIX-IT applied suggested code changes
/home/work1/Works/CNN-Core-Wrapper/cnn_core_project/cnn_core_prj/solution1/.autopilot/db/cnn_core.pp.0.cpp:56950:5: warning: Added loop label VITIS_LOOP_200_1:   [xilinx-label-all-loops]
    for (unsigned i = 0; i < CONFIG_T::n_slice; i++) {
    ^~~
    VITIS_LOOP_200_1: 
/home/work1/Works/CNN-Core-Wrapper/cnn_core_project/cnn_core_prj/solution1/.autopilot/db/cnn_core.pp.0.cpp:56950:5: note: FIX-IT applied suggested code changes
/home/work1/Works/CNN-Core-Wrapper/cnn_core_project/cnn_core_prj/solution1/.autopilot/db/cnn_core.pp.0.cpp:56963:5: warning: Added loop label VITIS_LOOP_213_2:   [xilinx-label-all-loops]
    for (unsigned i = 0; i < CONFIG_T::n_slice; i++) {
    ^~~
    VITIS_LOOP_213_2: 
/home/work1/Works/CNN-Core-Wrapper/cnn_core_project/cnn_core_prj/solution1/.autopilot/db/cnn_core.pp.0.cpp:56963:5: note: FIX-IT applied suggested code changes
/home/work1/Works/CNN-Core-Wrapper/cnn_core_project/cnn_core_prj/solution1/.autopilot/db/cnn_core.pp.0.cpp:56996:5: warning: Added loop label VITIS_LOOP_246_1:   [xilinx-label-all-loops]
    for (unsigned i = 0; i < CONFIG_T::n_slice; i++) {
    ^~~
    VITIS_LOOP_246_1: 
/home/work1/Works/CNN-Core-Wrapper/cnn_core_project/cnn_core_prj/solution1/.autopilot/db/cnn_core.pp.0.cpp:56996:5: note: FIX-IT applied suggested code changes
/home/work1/Works/CNN-Core-Wrapper/cnn_core_project/cnn_core_prj/solution1/.autopilot/db/cnn_core.pp.0.cpp:57005:5: warning: Added loop label VITIS_LOOP_255_2:   [xilinx-label-all-loops]
    for (unsigned i = 0; i < CONFIG_T::n_slice; i++) {
    ^~~
    VITIS_LOOP_255_2: 
/home/work1/Works/CNN-Core-Wrapper/cnn_core_project/cnn_core_prj/solution1/.autopilot/db/cnn_core.pp.0.cpp:57005:5: note: FIX-IT applied suggested code changes
/home/work1/Works/CNN-Core-Wrapper/cnn_core_project/cnn_core_prj/solution1/.autopilot/db/cnn_core.pp.0.cpp:57018:5: warning: Added loop label VITIS_LOOP_268_3:   [xilinx-label-all-loops]
    for (unsigned i = 0; i < CONFIG_T::n_slice; i++) {
    ^~~
    VITIS_LOOP_268_3: 
/home/work1/Works/CNN-Core-Wrapper/cnn_core_project/cnn_core_prj/solution1/.autopilot/db/cnn_core.pp.0.cpp:57018:5: note: FIX-IT applied suggested code changes
/home/work1/Works/CNN-Core-Wrapper/cnn_core_project/cnn_core_prj/solution1/.autopilot/db/cnn_core.pp.0.cpp:57025:5: warning: Added loop label VITIS_LOOP_275_1:   [xilinx-label-all-loops]
    for (int ii = 0; ii < N_TABLE; ii++) {
    ^~~
    VITIS_LOOP_275_1: 
/home/work1/Works/CNN-Core-Wrapper/cnn_core_project/cnn_core_prj/solution1/.autopilot/db/cnn_core.pp.0.cpp:57025:5: note: FIX-IT applied suggested code changes
/home/work1/Works/CNN-Core-Wrapper/cnn_core_project/cnn_core_prj/solution1/.autopilot/db/cnn_core.pp.0.cpp:57038:5: warning: Added loop label VITIS_LOOP_288_1:   [xilinx-label-all-loops]
    for (int ii = 0; ii < N_TABLE; ii++) {
    ^~~
    VITIS_LOOP_288_1: 
/home/work1/Works/CNN-Core-Wrapper/cnn_core_project/cnn_core_prj/solution1/.autopilot/db/cnn_core.pp.0.cpp:57038:5: note: FIX-IT applied suggested code changes
/home/work1/Works/CNN-Core-Wrapper/cnn_core_project/cnn_core_prj/solution1/.autopilot/db/cnn_core.pp.0.cpp:57075:5: warning: Added loop label VITIS_LOOP_325_1:   [xilinx-label-all-loops]
    for (int ii = 0; ii < CONFIG_T::n_slice; ii++) {
    ^~~
    VITIS_LOOP_325_1: 
/home/work1/Works/CNN-Core-Wrapper/cnn_core_project/cnn_core_prj/solution1/.autopilot/db/cnn_core.pp.0.cpp:57075:5: note: FIX-IT applied suggested code changes
/home/work1/Works/CNN-Core-Wrapper/cnn_core_project/cnn_core_prj/solution1/.autopilot/db/cnn_core.pp.0.cpp:57080:5: warning: Added loop label VITIS_LOOP_330_2:   [xilinx-label-all-loops]
    for (int ii = 0; ii < CONFIG_T::n_slice; ii++) {
    ^~~
    VITIS_LOOP_330_2: 
/home/work1/Works/CNN-Core-Wrapper/cnn_core_project/cnn_core_prj/solution1/.autopilot/db/cnn_core.pp.0.cpp:57080:5: note: FIX-IT applied suggested code changes
/home/work1/Works/CNN-Core-Wrapper/cnn_core_project/cnn_core_prj/solution1/.autopilot/db/cnn_core.pp.0.cpp:57081:9: warning: Added loop label VITIS_LOOP_331_3:   [xilinx-label-all-loops]
        for (int jj = 0; jj < CONFIG_T::n_slice; jj++) {
        ^~~
        VITIS_LOOP_331_3: 
/home/work1/Works/CNN-Core-Wrapper/cnn_core_project/cnn_core_prj/solution1/.autopilot/db/cnn_core.pp.0.cpp:57081:9: note: FIX-IT applied suggested code changes
/home/work1/Works/CNN-Core-Wrapper/cnn_core_project/cnn_core_prj/solution1/.autopilot/db/cnn_core.pp.0.cpp:57098:5: warning: Added loop label VITIS_LOOP_348_4:   [xilinx-label-all-loops]
    for (int ii = 0; ii < CONFIG_T::n_slice; ii++) {
    ^~~
    VITIS_LOOP_348_4: 
/home/work1/Works/CNN-Core-Wrapper/cnn_core_project/cnn_core_prj/solution1/.autopilot/db/cnn_core.pp.0.cpp:57098:5: note: FIX-IT applied suggested code changes
/home/work1/Works/CNN-Core-Wrapper/cnn_core_project/cnn_core_prj/solution1/.autopilot/db/cnn_core.pp.0.cpp:57111:5: warning: Added loop label VITIS_LOOP_361_1:   [xilinx-label-all-loops]
    for (int i = 0; i < CONFIG_T::n_slice; i++) {
    ^~~
    VITIS_LOOP_361_1: 
/home/work1/Works/CNN-Core-Wrapper/cnn_core_project/cnn_core_prj/solution1/.autopilot/db/cnn_core.pp.0.cpp:57111:5: note: FIX-IT applied suggested code changes
/home/work1/Works/CNN-Core-Wrapper/cnn_core_project/cnn_core_prj/solution1/.autopilot/db/cnn_core.pp.0.cpp:57119:5: warning: Added loop label VITIS_LOOP_369_2:   [xilinx-label-all-loops]
    for (int i = 1; i < CONFIG_T::n_slice; i++) {
    ^~~
    VITIS_LOOP_369_2: 
/home/work1/Works/CNN-Core-Wrapper/cnn_core_project/cnn_core_prj/solution1/.autopilot/db/cnn_core.pp.0.cpp:57119:5: note: FIX-IT applied suggested code changes
/home/work1/Works/CNN-Core-Wrapper/cnn_core_project/cnn_core_prj/solution1/.autopilot/db/cnn_core.pp.0.cpp:57155:5: warning: Added loop label VITIS_LOOP_405_1:   [xilinx-label-all-loops]
    for (signed i = 0; i < CONFIG_T::n_outer; i++) {
    ^~~
    VITIS_LOOP_405_1: 
/home/work1/Works/CNN-Core-Wrapper/cnn_core_project/cnn_core_prj/solution1/.autopilot/db/cnn_core.pp.0.cpp:57155:5: note: FIX-IT applied suggested code changes
/home/work1/Works/CNN-Core-Wrapper/cnn_core_project/cnn_core_prj/solution1/.autopilot/db/cnn_core.pp.0.cpp:57157:2: warning: Added loop label VITIS_LOOP_407_2:   [xilinx-label-all-loops]
 for (signed k = 0; k < CONFIG_T::n_inner; k++) {
 ^~~
 VITIS_LOOP_407_2: 
/home/work1/Works/CNN-Core-Wrapper/cnn_core_project/cnn_core_prj/solution1/.autopilot/db/cnn_core.pp.0.cpp:57157:2: note: FIX-IT applied suggested code changes
/home/work1/Works/CNN-Core-Wrapper/cnn_core_project/cnn_core_prj/solution1/.autopilot/db/cnn_core.pp.0.cpp:57159:2: warning: Added loop label VITIS_LOOP_409_3:   [xilinx-label-all-loops]
 for (signed j = 0; j < CONFIG_T::n_slice; j++) {
 ^~~
 VITIS_LOOP_409_3: 
/home/work1/Works/CNN-Core-Wrapper/cnn_core_project/cnn_core_prj/solution1/.autopilot/db/cnn_core.pp.0.cpp:57159:2: note: FIX-IT applied suggested code changes
/home/work1/Works/CNN-Core-Wrapper/cnn_core_project/cnn_core_prj/solution1/.autopilot/db/cnn_core.pp.0.cpp:57164:13: warning: Added loop label VITIS_LOOP_414_4:   [xilinx-label-all-loops]
            for (signed j = 0; j < CONFIG_T::n_slice; j++) {
            ^~~
            VITIS_LOOP_414_4: 
/home/work1/Works/CNN-Core-Wrapper/cnn_core_project/cnn_core_prj/solution1/.autopilot/db/cnn_core.pp.0.cpp:57164:13: note: FIX-IT applied suggested code changes
/home/work1/Works/CNN-Core-Wrapper/cnn_core_project/cnn_core_prj/solution1/.autopilot/db/cnn_core.pp.0.cpp:57177:5: warning: Added loop label VITIS_LOOP_427_1:   [xilinx-label-all-loops]
    for (int ii = 0; ii < N_TABLE; ii++) {
    ^~~
    VITIS_LOOP_427_1: 
/home/work1/Works/CNN-Core-Wrapper/cnn_core_project/cnn_core_prj/solution1/.autopilot/db/cnn_core.pp.0.cpp:57177:5: note: FIX-IT applied suggested code changes
/home/work1/Works/CNN-Core-Wrapper/cnn_core_project/cnn_core_prj/solution1/.autopilot/db/cnn_core.pp.0.cpp:57207:5: warning: Added loop label VITIS_LOOP_457_1:   [xilinx-label-all-loops]
    for (int ii = 0; ii < CONFIG_T::n_in; ii++) {
    ^~~
    VITIS_LOOP_457_1: 
/home/work1/Works/CNN-Core-Wrapper/cnn_core_project/cnn_core_prj/solution1/.autopilot/db/cnn_core.pp.0.cpp:57207:5: note: FIX-IT applied suggested code changes
/home/work1/Works/CNN-Core-Wrapper/cnn_core_project/cnn_core_prj/solution1/.autopilot/db/cnn_core.pp.0.cpp:57234:2: warning: Added loop label VITIS_LOOP_484_1:   [xilinx-label-all-loops]
 for (int ii = 0; ii < CONFIG_T::n_in; ii++) {
 ^~~
 VITIS_LOOP_484_1: 
/home/work1/Works/CNN-Core-Wrapper/cnn_core_project/cnn_core_prj/solution1/.autopilot/db/cnn_core.pp.0.cpp:57234:2: note: FIX-IT applied suggested code changes
/home/work1/Works/CNN-Core-Wrapper/cnn_core_project/cnn_core_prj/solution1/.autopilot/db/cnn_core.pp.0.cpp:57248:2: warning: Added loop label VITIS_LOOP_498_1:   [xilinx-label-all-loops]
 for (int ii = 0; ii < CONFIG_T::n_in; ii++) {
 ^~~
 VITIS_LOOP_498_1: 
/home/work1/Works/CNN-Core-Wrapper/cnn_core_project/cnn_core_prj/solution1/.autopilot/db/cnn_core.pp.0.cpp:57248:2: note: FIX-IT applied suggested code changes
/home/work1/Works/CNN-Core-Wrapper/cnn_core_project/cnn_core_prj/solution1/.autopilot/db/cnn_core.pp.0.cpp:57264:5: warning: Added loop label VITIS_LOOP_514_1:   [xilinx-label-all-loops]
    for (int ii = 0; ii < CONFIG_T::n_in; ii++) {
    ^~~
    VITIS_LOOP_514_1: 
/home/work1/Works/CNN-Core-Wrapper/cnn_core_project/cnn_core_prj/solution1/.autopilot/db/cnn_core.pp.0.cpp:57264:5: note: FIX-IT applied suggested code changes
/home/work1/Works/CNN-Core-Wrapper/cnn_core_project/cnn_core_prj/solution1/.autopilot/db/cnn_core.pp.0.cpp:57282:5: warning: Added loop label VITIS_LOOP_532_1:   [xilinx-label-all-loops]
    for (int ii = 0; ii < CONFIG_T::n_in; ii++) {
    ^~~
    VITIS_LOOP_532_1: 
/home/work1/Works/CNN-Core-Wrapper/cnn_core_project/cnn_core_prj/solution1/.autopilot/db/cnn_core.pp.0.cpp:57282:5: note: FIX-IT applied suggested code changes
/home/work1/Works/CNN-Core-Wrapper/cnn_core_project/cnn_core_prj/solution1/.autopilot/db/cnn_core.pp.0.cpp:57299:5: warning: Added loop label VITIS_LOOP_549_1:   [xilinx-label-all-loops]
    for (int ii = 0; ii < CONFIG_T::n_in; ii++) {
    ^~~
    VITIS_LOOP_549_1: 
/home/work1/Works/CNN-Core-Wrapper/cnn_core_project/cnn_core_prj/solution1/.autopilot/db/cnn_core.pp.0.cpp:57299:5: note: FIX-IT applied suggested code changes
/home/work1/Works/CNN-Core-Wrapper/cnn_core_project/cnn_core_prj/solution1/.autopilot/db/cnn_core.pp.0.cpp:57316:5: warning: Added loop label VITIS_LOOP_566_1:   [xilinx-label-all-loops]
    for (int ii = 0; ii < N_TABLE; ii++) {
    ^~~
    VITIS_LOOP_566_1: 
/home/work1/Works/CNN-Core-Wrapper/cnn_core_project/cnn_core_prj/solution1/.autopilot/db/cnn_core.pp.0.cpp:57316:5: note: FIX-IT applied suggested code changes
/home/work1/Works/CNN-Core-Wrapper/cnn_core_project/cnn_core_prj/solution1/.autopilot/db/cnn_core.pp.0.cpp:57346:5: warning: Added loop label VITIS_LOOP_596_1:   [xilinx-label-all-loops]
    for (int ii = 0; ii < CONFIG_T::n_in; ii++) {
    ^~~
    VITIS_LOOP_596_1: 
/home/work1/Works/CNN-Core-Wrapper/cnn_core_project/cnn_core_prj/solution1/.autopilot/db/cnn_core.pp.0.cpp:57346:5: note: FIX-IT applied suggested code changes
/home/work1/Works/CNN-Core-Wrapper/cnn_core_project/cnn_core_prj/solution1/.autopilot/db/cnn_core.pp.0.cpp:57365:5: warning: Added loop label VITIS_LOOP_615_1:   [xilinx-label-all-loops]
    for (int ii = 0; ii < N_TABLE; ii++) {
    ^~~
    VITIS_LOOP_615_1: 
/home/work1/Works/CNN-Core-Wrapper/cnn_core_project/cnn_core_prj/solution1/.autopilot/db/cnn_core.pp.0.cpp:57365:5: note: FIX-IT applied suggested code changes
/home/work1/Works/CNN-Core-Wrapper/cnn_core_project/cnn_core_prj/solution1/.autopilot/db/cnn_core.pp.0.cpp:57395:5: warning: Added loop label VITIS_LOOP_645_1:   [xilinx-label-all-loops]
    for (int ii = 0; ii < CONFIG_T::n_in; ii++) {
    ^~~
    VITIS_LOOP_645_1: 
/home/work1/Works/CNN-Core-Wrapper/cnn_core_project/cnn_core_prj/solution1/.autopilot/db/cnn_core.pp.0.cpp:57395:5: note: FIX-IT applied suggested code changes
/home/work1/Works/CNN-Core-Wrapper/cnn_core_project/cnn_core_prj/solution1/.autopilot/db/cnn_core.pp.0.cpp:57414:5: warning: Added loop label VITIS_LOOP_664_1:   [xilinx-label-all-loops]
    for (int ii = 0; ii < N_TABLE; ii++) {
    ^~~
    VITIS_LOOP_664_1: 
/home/work1/Works/CNN-Core-Wrapper/cnn_core_project/cnn_core_prj/solution1/.autopilot/db/cnn_core.pp.0.cpp:57414:5: note: FIX-IT applied suggested code changes
/home/work1/Works/CNN-Core-Wrapper/cnn_core_project/cnn_core_prj/solution1/.autopilot/db/cnn_core.pp.0.cpp:57444:5: warning: Added loop label VITIS_LOOP_694_1:   [xilinx-label-all-loops]
    for (int ii = 0; ii < CONFIG_T::n_in; ii++) {
    ^~~
    VITIS_LOOP_694_1: 
/home/work1/Works/CNN-Core-Wrapper/cnn_core_project/cnn_core_prj/solution1/.autopilot/db/cnn_core.pp.0.cpp:57444:5: note: FIX-IT applied suggested code changes
/home/work1/Works/CNN-Core-Wrapper/cnn_core_project/cnn_core_prj/solution1/.autopilot/db/cnn_core.pp.0.cpp:57471:5: warning: Added loop label VITIS_LOOP_721_1:   [xilinx-label-all-loops]
    for (int ii = 0; ii < N_TABLE; ii++) {
    ^~~
    VITIS_LOOP_721_1: 
/home/work1/Works/CNN-Core-Wrapper/cnn_core_project/cnn_core_prj/solution1/.autopilot/db/cnn_core.pp.0.cpp:57471:5: note: FIX-IT applied suggested code changes
/home/work1/Works/CNN-Core-Wrapper/cnn_core_project/cnn_core_prj/solution1/.autopilot/db/cnn_core.pp.0.cpp:57499:2: warning: Added loop label VITIS_LOOP_749_1:   [xilinx-label-all-loops]
 for (int ii = 0; ii < CONFIG_T::n_in; ii++) {
 ^~~
 VITIS_LOOP_749_1: 
/home/work1/Works/CNN-Core-Wrapper/cnn_core_project/cnn_core_prj/solution1/.autopilot/db/cnn_core.pp.0.cpp:57499:2: note: FIX-IT applied suggested code changes
/home/work1/Works/CNN-Core-Wrapper/cnn_core_project/cnn_core_prj/solution1/.autopilot/db/cnn_core.pp.0.cpp:57529:5: warning: Added loop label VITIS_LOOP_779_1:   [xilinx-label-all-loops]
    for (int ii = 0; ii < CONFIG_T::n_in; ii++) {
    ^~~
    VITIS_LOOP_779_1: 
/home/work1/Works/CNN-Core-Wrapper/cnn_core_project/cnn_core_prj/solution1/.autopilot/db/cnn_core.pp.0.cpp:57529:5: note: FIX-IT applied suggested code changes
/home/work1/Works/CNN-Core-Wrapper/cnn_core_project/cnn_core_prj/solution1/.autopilot/db/cnn_core.pp.0.cpp:57558:5: warning: Added loop label VITIS_LOOP_808_1:   [xilinx-label-all-loops]
    for (int ii = 0; ii < CONFIG_T::n_in; ii++) {
    ^~~
    VITIS_LOOP_808_1: 
/home/work1/Works/CNN-Core-Wrapper/cnn_core_project/cnn_core_prj/solution1/.autopilot/db/cnn_core.pp.0.cpp:57558:5: note: FIX-IT applied suggested code changes
/home/work1/Works/CNN-Core-Wrapper/cnn_core_project/cnn_core_prj/solution1/.autopilot/db/cnn_core.pp.0.cpp:57578:5: warning: Added loop label VITIS_LOOP_828_1:   [xilinx-label-all-loops]
    for (int ii = 0; ii < CONFIG_T::n_in; ii++) {
    ^~~
    VITIS_LOOP_828_1: 
/home/work1/Works/CNN-Core-Wrapper/cnn_core_project/cnn_core_prj/solution1/.autopilot/db/cnn_core.pp.0.cpp:57578:5: note: FIX-IT applied suggested code changes
/home/work1/Works/CNN-Core-Wrapper/cnn_core_project/cnn_core_prj/solution1/.autopilot/db/cnn_core.pp.0.cpp:57823:9: warning: Added loop label VITIS_LOOP_229_1:   [xilinx-label-all-loops]
        for (int i = 0; i < N / data_T::size; i++) {
        ^~~
        VITIS_LOOP_229_1: 
/home/work1/Works/CNN-Core-Wrapper/cnn_core_project/cnn_core_prj/solution1/.autopilot/db/cnn_core.pp.0.cpp:57823:9: note: FIX-IT applied suggested code changes
/home/work1/Works/CNN-Core-Wrapper/cnn_core_project/cnn_core_prj/solution1/.autopilot/db/cnn_core.pp.0.cpp:57830:13: warning: Added loop label VITIS_LOOP_236_2:   [xilinx-label-all-loops]
            for (int j = 0; j < data_T::size; j++) {
            ^~~
            VITIS_LOOP_236_2: 
/home/work1/Works/CNN-Core-Wrapper/cnn_core_project/cnn_core_prj/solution1/.autopilot/db/cnn_core.pp.0.cpp:57830:13: note: FIX-IT applied suggested code changes
/home/work1/Works/CNN-Core-Wrapper/cnn_core_project/cnn_core_prj/solution1/.autopilot/db/cnn_core.pp.0.cpp:57839:9: warning: Added loop label VITIS_LOOP_245_3:   [xilinx-label-all-loops]
        for (int i = 0; i < N / data_T::size; i++) {
        ^~~
        VITIS_LOOP_245_3: 
/home/work1/Works/CNN-Core-Wrapper/cnn_core_project/cnn_core_prj/solution1/.autopilot/db/cnn_core.pp.0.cpp:57839:9: note: FIX-IT applied suggested code changes
/home/work1/Works/CNN-Core-Wrapper/cnn_core_project/cnn_core_prj/solution1/.autopilot/db/cnn_core.pp.0.cpp:57848:13: warning: Added loop label VITIS_LOOP_254_4:   [xilinx-label-all-loops]
            for (int j = 0; j < pack_diff; j++) {
            ^~~
            VITIS_LOOP_254_4: 
/home/work1/Works/CNN-Core-Wrapper/cnn_core_project/cnn_core_prj/solution1/.autopilot/db/cnn_core.pp.0.cpp:57848:13: note: FIX-IT applied suggested code changes
/home/work1/Works/CNN-Core-Wrapper/cnn_core_project/cnn_core_prj/solution1/.autopilot/db/cnn_core.pp.0.cpp:57852:17: warning: Added loop label VITIS_LOOP_258_5:   [xilinx-label-all-loops]
                for (int k = 0; k < res_T::size; k++) {
                ^~~
                VITIS_LOOP_258_5: 
/home/work1/Works/CNN-Core-Wrapper/cnn_core_project/cnn_core_prj/solution1/.autopilot/db/cnn_core.pp.0.cpp:57852:17: note: FIX-IT applied suggested code changes
/home/work1/Works/CNN-Core-Wrapper/cnn_core_project/cnn_core_prj/solution1/.autopilot/db/cnn_core.pp.0.cpp:57863:9: warning: Added loop label VITIS_LOOP_269_6:   [xilinx-label-all-loops]
        for (int i = 0; i < N / data_T::size; i++) {
        ^~~
        VITIS_LOOP_269_6: 
/home/work1/Works/CNN-Core-Wrapper/cnn_core_project/cnn_core_prj/solution1/.autopilot/db/cnn_core.pp.0.cpp:57863:9: note: FIX-IT applied suggested code changes
/home/work1/Works/CNN-Core-Wrapper/cnn_core_project/cnn_core_prj/solution1/.autopilot/db/cnn_core.pp.0.cpp:57867:13: warning: Added loop label VITIS_LOOP_273_7:   [xilinx-label-all-loops]
            for (int j = 0; j < data_T::size; j++) {
            ^~~
            VITIS_LOOP_273_7: 
/home/work1/Works/CNN-Core-Wrapper/cnn_core_project/cnn_core_prj/solution1/.autopilot/db/cnn_core.pp.0.cpp:57867:13: note: FIX-IT applied suggested code changes
/home/work1/Works/CNN-Core-Wrapper/cnn_core_project/cnn_core_prj/solution1/.autopilot/db/cnn_core.pp.0.cpp:57891:9: warning: Added loop label VITIS_LOOP_297_1:   [xilinx-label-all-loops]
        for (int j = 0; j < n_dupl; j++) {
        ^~~
        VITIS_LOOP_297_1: 
/home/work1/Works/CNN-Core-Wrapper/cnn_core_project/cnn_core_prj/solution1/.autopilot/db/cnn_core.pp.0.cpp:57891:9: note: FIX-IT applied suggested code changes
/home/work1/Works/CNN-Core-Wrapper/cnn_core_project/cnn_core_prj/solution1/.autopilot/db/cnn_core.pp.0.cpp:57895:13: warning: Added loop label VITIS_LOOP_301_2:   [xilinx-label-all-loops]
            for (int k = 0; k < res_T::size; k++) {
            ^~~
            VITIS_LOOP_301_2: 
/home/work1/Works/CNN-Core-Wrapper/cnn_core_project/cnn_core_prj/solution1/.autopilot/db/cnn_core.pp.0.cpp:57895:13: note: FIX-IT applied suggested code changes
/home/work1/Works/CNN-Core-Wrapper/cnn_core_project/cnn_core_prj/solution1/.autopilot/db/cnn_core.pp.0.cpp:57914:9: warning: Added loop label VITIS_LOOP_320_1:   [xilinx-label-all-loops]
        for (int k = 0; k < res_T::size; k++) {
        ^~~
        VITIS_LOOP_320_1: 
/home/work1/Works/CNN-Core-Wrapper/cnn_core_project/cnn_core_prj/solution1/.autopilot/db/cnn_core.pp.0.cpp:57914:9: note: FIX-IT applied suggested code changes
/home/work1/Works/CNN-Core-Wrapper/cnn_core_project/cnn_core_prj/solution1/.autopilot/db/cnn_core.pp.0.cpp:58138:9: warning: Added loop label VITIS_LOOP_211_1:   [xilinx-label-all-loops]
        for (unsigned j = 0; j < data_T::size; j++) {
        ^~~
        VITIS_LOOP_211_1: 
/home/work1/Works/CNN-Core-Wrapper/cnn_core_project/cnn_core_prj/solution1/.autopilot/db/cnn_core.pp.0.cpp:58138:9: note: FIX-IT applied suggested code changes
/home/work1/Works/CNN-Core-Wrapper/cnn_core_project/cnn_core_prj/solution1/.autopilot/db/cnn_core.pp.0.cpp:58147:9: warning: Added loop label VITIS_LOOP_220_2:   [xilinx-label-all-loops]
        for (unsigned j = 0; j < data_T::size; j++) {
        ^~~
        VITIS_LOOP_220_2: 
/home/work1/Works/CNN-Core-Wrapper/cnn_core_project/cnn_core_prj/solution1/.autopilot/db/cnn_core.pp.0.cpp:58147:9: note: FIX-IT applied suggested code changes
/home/work1/Works/CNN-Core-Wrapper/cnn_core_project/cnn_core_prj/solution1/.autopilot/db/cnn_core.pp.0.cpp:58252:5: warning: Added loop label VITIS_LOOP_325_1:   [xilinx-label-all-loops]
    for (int i = 0; i < CONFIG_T::n_in / res_T::size; i++) {
    ^~~
    VITIS_LOOP_325_1: 
/home/work1/Works/CNN-Core-Wrapper/cnn_core_project/cnn_core_prj/solution1/.autopilot/db/cnn_core.pp.0.cpp:58252:5: note: FIX-IT applied suggested code changes
/home/work1/Works/CNN-Core-Wrapper/cnn_core_project/cnn_core_prj/solution1/.autopilot/db/cnn_core.pp.0.cpp:58257:9: warning: Added loop label VITIS_LOOP_330_2:   [xilinx-label-all-loops]
        for (int i = 0; i < res_T::size; i++) {
        ^~~
        VITIS_LOOP_330_2: 
/home/work1/Works/CNN-Core-Wrapper/cnn_core_project/cnn_core_prj/solution1/.autopilot/db/cnn_core.pp.0.cpp:58257:9: note: FIX-IT applied suggested code changes
/home/work1/Works/CNN-Core-Wrapper/cnn_core_project/cnn_core_prj/solution1/.autopilot/db/cnn_core.pp.0.cpp:58265:9: warning: Added loop label VITIS_LOOP_338_3:   [xilinx-label-all-loops]
        for (int i = 1; i < res_T::size; i++) {
        ^~~
        VITIS_LOOP_338_3: 
/home/work1/Works/CNN-Core-Wrapper/cnn_core_project/cnn_core_prj/solution1/.autopilot/db/cnn_core.pp.0.cpp:58265:9: note: FIX-IT applied suggested code changes
/home/work1/Works/CNN-Core-Wrapper/cnn_core_project/cnn_core_prj/solution1/.autopilot/db/cnn_core.pp.0.cpp:58950:9: error: Resource with core_name: ROM_nP_BRAM pragma is ignored, because this core doesn't exist at all  [clang-diagnostic-error]
#pragma HLS RESOURCE variable=weights core=ROM_nP_BRAM
        ^
/home/work1/Works/CNN-Core-Wrapper/cnn_core_project/cnn_core_prj/solution1/.autopilot/db/cnn_core.pp.0.cpp:59024:9: error: Resource with core_name: ROM_nP_BRAM pragma is ignored, because this core doesn't exist at all  [clang-diagnostic-error]
#pragma HLS RESOURCE variable=weights core=ROM_nP_BRAM
        ^
/home/work1/Works/CNN-Core-Wrapper/cnn_core_project/cnn_core_prj/solution1/.autopilot/db/cnn_core.pp.0.cpp:59106:9: error: Resource with core_name: ROM_nP_BRAM pragma is ignored, because this core doesn't exist at all  [clang-diagnostic-error]
#pragma HLS RESOURCE variable=weights core=ROM_nP_BRAM
        ^
/home/work1/Works/CNN-Core-Wrapper/cnn_core_project/cnn_core_prj/solution1/.autopilot/db/cnn_core.pp.0.cpp:59479:9: warning: Added loop label VITIS_LOOP_64_1:   [xilinx-label-all-loops]
        for (unsigned i = 0; i < __SHIFT_DEPTH__; ++i)
        ^~~
        VITIS_LOOP_64_1: 
/home/work1/Works/CNN-Core-Wrapper/cnn_core_project/cnn_core_prj/solution1/.autopilot/db/cnn_core.pp.0.cpp:59479:9: note: FIX-IT applied suggested code changes
/home/work1/Works/CNN-Core-Wrapper/cnn_core_project/cnn_core_prj/solution1/.autopilot/db/cnn_core.pp.0.cpp:59486:9: warning: Added loop label VITIS_LOOP_71_1:   [xilinx-label-all-loops]
        for (unsigned i = 0; i < __SHIFT_DEPTH__; ++i)
        ^~~
        VITIS_LOOP_71_1: 
/home/work1/Works/CNN-Core-Wrapper/cnn_core_project/cnn_core_prj/solution1/.autopilot/db/cnn_core.pp.0.cpp:59486:9: note: FIX-IT applied suggested code changes
/home/work1/Works/CNN-Core-Wrapper/cnn_core_project/cnn_core_prj/solution1/.autopilot/db/cnn_core.pp.0.cpp:60008:5: warning: Added loop label VITIS_LOOP_14_1:   [xilinx-label-all-loops]
    for (unsigned k = 0; k < CONFIG_T::n_out; k++) {
    ^~~
    VITIS_LOOP_14_1: 
/home/work1/Works/CNN-Core-Wrapper/cnn_core_project/cnn_core_prj/solution1/.autopilot/db/cnn_core.pp.0.cpp:60008:5: note: FIX-IT applied suggested code changes
/home/work1/Works/CNN-Core-Wrapper/cnn_core_project/cnn_core_prj/solution1/.autopilot/db/cnn_core.pp.0.cpp:60068:9: warning: Added loop label VITIS_LOOP_74_1:   [xilinx-label-all-loops]
        for (int im = 0; im < CONFIG_T::n_out; im++) {
        ^~~
        VITIS_LOOP_74_1: 
/home/work1/Works/CNN-Core-Wrapper/cnn_core_project/cnn_core_prj/solution1/.autopilot/db/cnn_core.pp.0.cpp:60068:9: note: FIX-IT applied suggested code changes
/home/work1/Works/CNN-Core-Wrapper/cnn_core_project/cnn_core_prj/solution1/.autopilot/db/cnn_core.pp.0.cpp:60204:5: warning: Added loop label VITIS_LOOP_13_1:   [xilinx-label-all-loops]
    for (int i = 1; i < N; i++) {
    ^~~
    VITIS_LOOP_13_1: 
/home/work1/Works/CNN-Core-Wrapper/cnn_core_project/cnn_core_prj/solution1/.autopilot/db/cnn_core.pp.0.cpp:60204:5: note: FIX-IT applied suggested code changes
/home/work1/Works/CNN-Core-Wrapper/cnn_core_project/cnn_core_prj/solution1/.autopilot/db/cnn_core.pp.0.cpp:60213:5: warning: Added loop label VITIS_LOOP_22_1:   [xilinx-label-all-loops]
    for (int i = 0; i < N; i++) {
    ^~~
    VITIS_LOOP_22_1: 
/home/work1/Works/CNN-Core-Wrapper/cnn_core_project/cnn_core_prj/solution1/.autopilot/db/cnn_core.pp.0.cpp:60213:5: note: FIX-IT applied suggested code changes
/home/work1/Works/CNN-Core-Wrapper/cnn_core_project/cnn_core_prj/solution1/.autopilot/db/cnn_core.pp.0.cpp:60288:5: warning: Added loop label VITIS_LOOP_97_1:   [xilinx-label-all-loops]
    for (int ff = 0; ff < CONFIG_T::n_filt; ff++) {
    ^~~
    VITIS_LOOP_97_1: 
/home/work1/Works/CNN-Core-Wrapper/cnn_core_project/cnn_core_prj/solution1/.autopilot/db/cnn_core.pp.0.cpp:60288:5: note: FIX-IT applied suggested code changes
/home/work1/Works/CNN-Core-Wrapper/cnn_core_project/cnn_core_prj/solution1/.autopilot/db/cnn_core.pp.0.cpp:60290:9: warning: Added loop label VITIS_LOOP_99_2:   [xilinx-label-all-loops]
        for (int ii = 0; ii < restricted_padded_width; ii += CONFIG_T::stride_width) {
        ^~~
        VITIS_LOOP_99_2: 
/home/work1/Works/CNN-Core-Wrapper/cnn_core_project/cnn_core_prj/solution1/.autopilot/db/cnn_core.pp.0.cpp:60290:9: note: FIX-IT applied suggested code changes
/home/work1/Works/CNN-Core-Wrapper/cnn_core_project/cnn_core_prj/solution1/.autopilot/db/cnn_core.pp.0.cpp:60295:2: warning: Added loop label VITIS_LOOP_104_3:   [xilinx-label-all-loops]
 for (int jj = 0; jj < CONFIG_T::pool_width; jj++) {
 ^~~
 VITIS_LOOP_104_3: 
/home/work1/Works/CNN-Core-Wrapper/cnn_core_project/cnn_core_prj/solution1/.autopilot/db/cnn_core.pp.0.cpp:60295:2: note: FIX-IT applied suggested code changes
/home/work1/Works/CNN-Core-Wrapper/cnn_core_project/cnn_core_prj/solution1/.autopilot/db/cnn_core.pp.0.cpp:60323:2: warning: Added loop label VITIS_LOOP_132_1:   [xilinx-label-all-loops]
 for (int ff = 0; ff < CONFIG_T::n_filt; ff++) {
 ^~~
 VITIS_LOOP_132_1: 
/home/work1/Works/CNN-Core-Wrapper/cnn_core_project/cnn_core_prj/solution1/.autopilot/db/cnn_core.pp.0.cpp:60323:2: note: FIX-IT applied suggested code changes
/home/work1/Works/CNN-Core-Wrapper/cnn_core_project/cnn_core_prj/solution1/.autopilot/db/cnn_core.pp.0.cpp:60326:2: warning: Added loop label VITIS_LOOP_135_2:   [xilinx-label-all-loops]
 for (int jj = 0; jj < CONFIG_T::n_in; jj++) {
 ^~~
 VITIS_LOOP_135_2: 
/home/work1/Works/CNN-Core-Wrapper/cnn_core_project/cnn_core_prj/solution1/.autopilot/db/cnn_core.pp.0.cpp:60326:2: note: FIX-IT applied suggested code changes
/home/work1/Works/CNN-Core-Wrapper/cnn_core_project/cnn_core_prj/solution1/.autopilot/db/cnn_core.pp.0.cpp:60381:5: warning: Added loop label VITIS_LOOP_190_1:   [xilinx-label-all-loops]
    for (int ff = 0; ff < CONFIG_T::n_filt; ff++) {
    ^~~
    VITIS_LOOP_190_1: 
/home/work1/Works/CNN-Core-Wrapper/cnn_core_project/cnn_core_prj/solution1/.autopilot/db/cnn_core.pp.0.cpp:60381:5: note: FIX-IT applied suggested code changes
/home/work1/Works/CNN-Core-Wrapper/cnn_core_project/cnn_core_prj/solution1/.autopilot/db/cnn_core.pp.0.cpp:60383:9: warning: Added loop label VITIS_LOOP_192_2:   [xilinx-label-all-loops]
        for (int ii = 0; ii < restricted_padded_height; ii += CONFIG_T::stride_height) {
        ^~~
        VITIS_LOOP_192_2: 
/home/work1/Works/CNN-Core-Wrapper/cnn_core_project/cnn_core_prj/solution1/.autopilot/db/cnn_core.pp.0.cpp:60383:9: note: FIX-IT applied suggested code changes
/home/work1/Works/CNN-Core-Wrapper/cnn_core_project/cnn_core_prj/solution1/.autopilot/db/cnn_core.pp.0.cpp:60385:13: warning: Added loop label VITIS_LOOP_194_3:   [xilinx-label-all-loops]
            for (int jj = 0; jj < restricted_padded_width; jj += CONFIG_T::stride_width) {
            ^~~
            VITIS_LOOP_194_3: 
/home/work1/Works/CNN-Core-Wrapper/cnn_core_project/cnn_core_prj/solution1/.autopilot/db/cnn_core.pp.0.cpp:60385:13: note: FIX-IT applied suggested code changes
/home/work1/Works/CNN-Core-Wrapper/cnn_core_project/cnn_core_prj/solution1/.autopilot/db/cnn_core.pp.0.cpp:60392:17: warning: Added loop label VITIS_LOOP_201_4:   [xilinx-label-all-loops]
                for (int kk = 0; kk < CONFIG_T::pool_height; kk++) {
                ^~~
                VITIS_LOOP_201_4: 
/home/work1/Works/CNN-Core-Wrapper/cnn_core_project/cnn_core_prj/solution1/.autopilot/db/cnn_core.pp.0.cpp:60392:17: note: FIX-IT applied suggested code changes
/home/work1/Works/CNN-Core-Wrapper/cnn_core_project/cnn_core_prj/solution1/.autopilot/db/cnn_core.pp.0.cpp:60394:21: warning: Added loop label VITIS_LOOP_203_5:   [xilinx-label-all-loops]
                    for (int ll = 0; ll < CONFIG_T::pool_width; ll++) {
                    ^~~
                    VITIS_LOOP_203_5: 
/home/work1/Works/CNN-Core-Wrapper/cnn_core_project/cnn_core_prj/solution1/.autopilot/db/cnn_core.pp.0.cpp:60394:21: note: FIX-IT applied suggested code changes
/home/work1/Works/CNN-Core-Wrapper/cnn_core_project/cnn_core_prj/solution1/.autopilot/db/cnn_core.pp.0.cpp:60435:5: warning: Added loop label VITIS_LOOP_244_1:   [xilinx-label-all-loops]
    for (int ff = 0; ff < CONFIG_T::n_filt; ff++) {
    ^~~
    VITIS_LOOP_244_1: 
/home/work1/Works/CNN-Core-Wrapper/cnn_core_project/cnn_core_prj/solution1/.autopilot/db/cnn_core.pp.0.cpp:60435:5: note: FIX-IT applied suggested code changes
/home/work1/Works/CNN-Core-Wrapper/cnn_core_project/cnn_core_prj/solution1/.autopilot/db/cnn_core.pp.0.cpp:60437:9: warning: Added loop label VITIS_LOOP_246_2:   [xilinx-label-all-loops]
        for (int ii = 0; ii < restricted_padded_height; ii += CONFIG_T::stride_height) {
        ^~~
        VITIS_LOOP_246_2: 
/home/work1/Works/CNN-Core-Wrapper/cnn_core_project/cnn_core_prj/solution1/.autopilot/db/cnn_core.pp.0.cpp:60437:9: note: FIX-IT applied suggested code changes
/home/work1/Works/CNN-Core-Wrapper/cnn_core_project/cnn_core_prj/solution1/.autopilot/db/cnn_core.pp.0.cpp:60439:13: warning: Added loop label VITIS_LOOP_248_3:   [xilinx-label-all-loops]
            for (int jj = 0; jj < restricted_padded_width; jj += CONFIG_T::stride_width) {
            ^~~
            VITIS_LOOP_248_3: 
/home/work1/Works/CNN-Core-Wrapper/cnn_core_project/cnn_core_prj/solution1/.autopilot/db/cnn_core.pp.0.cpp:60439:13: note: FIX-IT applied suggested code changes
/home/work1/Works/CNN-Core-Wrapper/cnn_core_project/cnn_core_prj/solution1/.autopilot/db/cnn_core.pp.0.cpp:60445:17: warning: Added loop label VITIS_LOOP_254_4:   [xilinx-label-all-loops]
                for (int kk = 0; kk < CONFIG_T::stride_height; kk++) {
                ^~~
                VITIS_LOOP_254_4: 
/home/work1/Works/CNN-Core-Wrapper/cnn_core_project/cnn_core_prj/solution1/.autopilot/db/cnn_core.pp.0.cpp:60445:17: note: FIX-IT applied suggested code changes
/home/work1/Works/CNN-Core-Wrapper/cnn_core_project/cnn_core_prj/solution1/.autopilot/db/cnn_core.pp.0.cpp:60447:21: warning: Added loop label VITIS_LOOP_256_5:   [xilinx-label-all-loops]
                    for (int ll = 0; ll < CONFIG_T::stride_width; ll++) {
                    ^~~
                    VITIS_LOOP_256_5: 
/home/work1/Works/CNN-Core-Wrapper/cnn_core_project/cnn_core_prj/solution1/.autopilot/db/cnn_core.pp.0.cpp:60447:21: note: FIX-IT applied suggested code changes
/home/work1/Works/CNN-Core-Wrapper/cnn_core_project/cnn_core_prj/solution1/.autopilot/db/cnn_core.pp.0.cpp:61688:5: warning: Added loop label VITIS_LOOP_21_1:   [xilinx-label-all-loops]
    for (int i = CONFIG_T::dims - 1; i >= 0; i--) {
    ^~~
    VITIS_LOOP_21_1: 
/home/work1/Works/CNN-Core-Wrapper/cnn_core_project/cnn_core_prj/solution1/.autopilot/db/cnn_core.pp.0.cpp:61688:5: note: FIX-IT applied suggested code changes
/home/work1/Works/CNN-Core-Wrapper/cnn_core_project/cnn_core_prj/solution1/.autopilot/db/cnn_core.pp.0.cpp:61697:5: warning: Added loop label VITIS_LOOP_30_1:   [xilinx-label-all-loops]
    for (int i = 0; i < CONFIG_T::N; i++) {
    ^~~
    VITIS_LOOP_30_1: 
/home/work1/Works/CNN-Core-Wrapper/cnn_core_project/cnn_core_prj/solution1/.autopilot/db/cnn_core.pp.0.cpp:61697:5: note: FIX-IT applied suggested code changes
/home/work1/Works/CNN-Core-Wrapper/cnn_core_project/cnn_core_prj/solution1/.autopilot/db/cnn_core.pp.0.cpp:61722:2: warning: Added loop label VITIS_LOOP_16_1:   [xilinx-label-all-loops]
 for (int i = 0; i < CONFIG_T::N / data_T::size; i++) {
 ^~~
 VITIS_LOOP_16_1: 
/home/work1/Works/CNN-Core-Wrapper/cnn_core_project/cnn_core_prj/solution1/.autopilot/db/cnn_core.pp.0.cpp:61722:2: note: FIX-IT applied suggested code changes
/home/work1/Works/CNN-Core-Wrapper/cnn_core_project/cnn_core_prj/solution1/.autopilot/db/cnn_core.pp.0.cpp:61725:9: warning: Added loop label VITIS_LOOP_19_2:   [xilinx-label-all-loops]
        for (int j = 0; j < data_T::size; j++) {
        ^~~
        VITIS_LOOP_19_2: 
/home/work1/Works/CNN-Core-Wrapper/cnn_core_project/cnn_core_prj/solution1/.autopilot/db/cnn_core.pp.0.cpp:61725:9: note: FIX-IT applied suggested code changes
/home/work1/Works/CNN-Core-Wrapper/cnn_core_project/cnn_core_prj/solution1/.autopilot/db/cnn_core.pp.0.cpp:61731:5: warning: Added loop label VITIS_LOOP_25_3:   [xilinx-label-all-loops]
    for (int i = 0; i < CONFIG_T::N / res_T::size; i++) {
    ^~~
    VITIS_LOOP_25_3: 
/home/work1/Works/CNN-Core-Wrapper/cnn_core_project/cnn_core_prj/solution1/.autopilot/db/cnn_core.pp.0.cpp:61731:5: note: FIX-IT applied suggested code changes
/home/work1/Works/CNN-Core-Wrapper/cnn_core_project/cnn_core_prj/solution1/.autopilot/db/cnn_core.pp.0.cpp:61735:9: warning: Added loop label VITIS_LOOP_29_4:   [xilinx-label-all-loops]
        for (int j = 0; j < res_T::size; j++) {
        ^~~
        VITIS_LOOP_29_4: 
/home/work1/Works/CNN-Core-Wrapper/cnn_core_project/cnn_core_prj/solution1/.autopilot/db/cnn_core.pp.0.cpp:61735:9: note: FIX-IT applied suggested code changes
/home/work1/Works/CNN-Core-Wrapper/cnn_core_project/cnn_core_prj/solution1/.autopilot/db/cnn_core.pp.0.cpp:61751:2: warning: Added loop label VITIS_LOOP_45_1:   [xilinx-label-all-loops]
 for (int i = 0; i < CONFIG_T::N / data_T::size; i++) {
 ^~~
 VITIS_LOOP_45_1: 
/home/work1/Works/CNN-Core-Wrapper/cnn_core_project/cnn_core_prj/solution1/.autopilot/db/cnn_core.pp.0.cpp:61751:2: note: FIX-IT applied suggested code changes
/home/work1/Works/CNN-Core-Wrapper/cnn_core_project/cnn_core_prj/solution1/.autopilot/db/cnn_core.pp.0.cpp:61754:9: warning: Added loop label VITIS_LOOP_48_2:   [xilinx-label-all-loops]
        for (int j = 0; j < data_T::size; j++) {
        ^~~
        VITIS_LOOP_48_2: 
/home/work1/Works/CNN-Core-Wrapper/cnn_core_project/cnn_core_prj/solution1/.autopilot/db/cnn_core.pp.0.cpp:61754:9: note: FIX-IT applied suggested code changes
/home/work1/Works/CNN-Core-Wrapper/cnn_core_project/cnn_core_prj/solution1/.autopilot/db/cnn_core.pp.0.cpp:61760:5: warning: Added loop label VITIS_LOOP_54_3:   [xilinx-label-all-loops]
    for (int i = 0; i < CONFIG_T::N / res_T::size; i++) {
    ^~~
    VITIS_LOOP_54_3: 
/home/work1/Works/CNN-Core-Wrapper/cnn_core_project/cnn_core_prj/solution1/.autopilot/db/cnn_core.pp.0.cpp:61760:5: note: FIX-IT applied suggested code changes
/home/work1/Works/CNN-Core-Wrapper/cnn_core_project/cnn_core_prj/solution1/.autopilot/db/cnn_core.pp.0.cpp:61764:9: warning: Added loop label VITIS_LOOP_58_4:   [xilinx-label-all-loops]
        for (int j = 0; j < res_T::size; j++) {
        ^~~
        VITIS_LOOP_58_4: 
/home/work1/Works/CNN-Core-Wrapper/cnn_core_project/cnn_core_prj/solution1/.autopilot/db/cnn_core.pp.0.cpp:61764:9: note: FIX-IT applied suggested code changes
