

================================================================
== Vitis HLS Report for 'dense_latency_ap_fixed_12_6_5_3_0_ap_fixed_17_9_5_3_0_config4_mult_s'
================================================================
* Date:           Wed Feb 11 15:57:30 2026

* Version:        2023.2 (Build 4023990 on Oct 11 2023)
* Project:        cnn_core_prj
* Solution:       solution1 (Vivado IP Flow Target)
* Product family: kintexuplus
* Target device:  xcku5p-ffvb676-2-e


================================================================
== Performance Estimates
================================================================
+ Timing: 
    * Summary: 
    +--------+---------+----------+------------+
    |  Clock |  Target | Estimated| Uncertainty|
    +--------+---------+----------+------------+
    |ap_clk  |  5.00 ns|  3.562 ns|     1.35 ns|
    +--------+---------+----------+------------+

+ Latency: 
    * Summary: 
    +---------+---------+----------+----------+-----+-----+---------+
    |  Latency (cycles) |  Latency (absolute) |  Interval | Pipeline|
    |   min   |   max   |    min   |    max   | min | max |   Type  |
    +---------+---------+----------+----------+-----+-----+---------+
    |        1|        1|  5.000 ns|  5.000 ns|    1|    1|      yes|
    +---------+---------+----------+----------+-----+-----+---------+

    + Detail: 
        * Instance: 
        N/A

        * Loop: 
        N/A

============================================================
+ Verbose Summary: Synthesis Manager
============================================================
InlineROM: 1
ExposeGlobal: 0
============================================================
+ Verbose Summary: CDFG Model
============================================================
IsTopModel: 0
ResetActiveHigh: 1
IsCombinational: 0
IsDatapathOnly: 0
HasWiredReturn: 1
HasMFsm: 2
HasVarLatency: 0
IsPipeline: 1
IsRtlPipelined: 1
IsInstanceOverlapped: 0
IsDontTouch: 0
HasImplIP: 0
IsGatedGlobalClock: 0

+ Individual pipeline summary: 
  * Pipeline-0: initiation interval (II) = 1, depth = 2


============================================================
+ Verbose Summary: Schedule
============================================================
* Number of FSM states : 2
* Pipeline : 1
  Pipeline-0 : II = 1, D = 2, States = { 1 2 }
* Dataflow Pipeline: 0

* FSM state transitions: 
1 --> 2 
2 --> 

* FSM state operations: 

State 1 <SV = 0> <Delay = 3.04>
ST_1 : Operation 3 [1/1] (0.00ns)   --->   "%a = load i12 %void_compute_output_buffer_1d_array_const_stream_weight_t_bias_t_kernel_data_4"   --->   Operation 3 'load' 'a' <Predicate = true> <Delay = 0.00>
ST_1 : Operation 4 [1/1] (0.00ns)   --->   "%sext_ln73 = sext i12 %a" [firmware/nnet_utils/nnet_mult.h:73->firmware/nnet_utils/nnet_dense_latency.h:42]   --->   Operation 4 'sext' 'sext_ln73' <Predicate = true> <Delay = 0.00>
ST_1 : Operation 5 [1/1] (0.00ns)   --->   "%sext_ln73_993 = sext i12 %a" [firmware/nnet_utils/nnet_mult.h:73->firmware/nnet_utils/nnet_dense_latency.h:42]   --->   Operation 5 'sext' 'sext_ln73_993' <Predicate = true> <Delay = 0.00>
ST_1 : Operation 6 [1/1] (2.18ns)   --->   "%mul_ln73 = mul i19 %sext_ln73_993, i19 54" [firmware/nnet_utils/nnet_mult.h:73->firmware/nnet_utils/nnet_dense_latency.h:42]   --->   Operation 6 'mul' 'mul_ln73' <Predicate = true> <Delay = 2.18> <CoreInst = "Multiplier">   --->   Core 3 'Multiplier' <Latency = 0> <II = 1> <Delay = 2.18> <FuncUnit> <Opcode : 'mul'> <InPorts = 2> <OutPorts = 1>
ST_1 : Operation 7 [1/1] (0.00ns)   --->   "%trunc_ln = partselect i15 @_ssdm_op_PartSelect.i15.i19.i32.i32, i19 %mul_ln73, i32 4, i32 18" [firmware/nnet_utils/nnet_dense_latency.h:42]   --->   Operation 7 'partselect' 'trunc_ln' <Predicate = true> <Delay = 0.00>
ST_1 : Operation 8 [1/1] (0.00ns)   --->   "%sext_ln42 = sext i15 %trunc_ln" [firmware/nnet_utils/nnet_dense_latency.h:42]   --->   Operation 8 'sext' 'sext_ln42' <Predicate = true> <Delay = 0.00>
ST_1 : Operation 9 [1/1] (0.00ns)   --->   "%shl_ln = bitconcatenate i17 @_ssdm_op_BitConcatenate.i17.i12.i5, i12 %a, i5 0" [firmware/nnet_utils/nnet_mult.h:73->firmware/nnet_utils/nnet_dense_latency.h:42]   --->   Operation 9 'bitconcatenate' 'shl_ln' <Predicate = true> <Delay = 0.00>
ST_1 : Operation 10 [1/1] (0.00ns)   --->   "%sext_ln73_994 = sext i17 %shl_ln" [firmware/nnet_utils/nnet_mult.h:73->firmware/nnet_utils/nnet_dense_latency.h:42]   --->   Operation 10 'sext' 'sext_ln73_994' <Predicate = true> <Delay = 0.00>
ST_1 : Operation 11 [1/1] (0.00ns)   --->   "%shl_ln73_s = bitconcatenate i13 @_ssdm_op_BitConcatenate.i13.i12.i1, i12 %a, i1 0" [firmware/nnet_utils/nnet_mult.h:73->firmware/nnet_utils/nnet_dense_latency.h:42]   --->   Operation 11 'bitconcatenate' 'shl_ln73_s' <Predicate = true> <Delay = 0.00>
ST_1 : Operation 12 [1/1] (0.00ns)   --->   "%sext_ln73_995 = sext i13 %shl_ln73_s" [firmware/nnet_utils/nnet_mult.h:73->firmware/nnet_utils/nnet_dense_latency.h:42]   --->   Operation 12 'sext' 'sext_ln73_995' <Predicate = true> <Delay = 0.00>
ST_1 : Operation 13 [1/1] (0.86ns)   --->   "%add_ln73 = add i18 %sext_ln73_994, i18 %sext_ln73_995" [firmware/nnet_utils/nnet_mult.h:73->firmware/nnet_utils/nnet_dense_latency.h:42]   --->   Operation 13 'add' 'add_ln73' <Predicate = true> <Delay = 0.86> <CoreInst = "Adder">   --->   Core 1 'Adder' <Latency = 0> <II = 1> <Delay = 0.86> <FuncUnit> <Opcode : 'add' 'sub'> <InPorts = 2> <OutPorts = 1>
ST_1 : Operation 14 [1/1] (0.00ns)   --->   "%trunc_ln42_1 = partselect i14 @_ssdm_op_PartSelect.i14.i18.i32.i32, i18 %add_ln73, i32 4, i32 17" [firmware/nnet_utils/nnet_dense_latency.h:42]   --->   Operation 14 'partselect' 'trunc_ln42_1' <Predicate = true> <Delay = 0.00>
ST_1 : Operation 15 [1/1] (0.00ns)   --->   "%sext_ln42_116 = sext i14 %trunc_ln42_1" [firmware/nnet_utils/nnet_dense_latency.h:42]   --->   Operation 15 'sext' 'sext_ln42_116' <Predicate = true> <Delay = 0.00>
ST_1 : Operation 16 [1/1] (0.00ns)   --->   "%trunc_ln42_2 = partselect i9 @_ssdm_op_PartSelect.i9.i12.i32.i32, i12 %a, i32 3, i32 11" [firmware/nnet_utils/nnet_dense_latency.h:42]   --->   Operation 16 'partselect' 'trunc_ln42_2' <Predicate = true> <Delay = 0.00>
ST_1 : Operation 17 [1/1] (2.18ns)   --->   "%mul_ln73_173 = mul i18 %sext_ln73, i18 262125" [firmware/nnet_utils/nnet_mult.h:73->firmware/nnet_utils/nnet_dense_latency.h:42]   --->   Operation 17 'mul' 'mul_ln73_173' <Predicate = true> <Delay = 2.18> <CoreInst = "Multiplier">   --->   Core 3 'Multiplier' <Latency = 0> <II = 1> <Delay = 2.18> <FuncUnit> <Opcode : 'mul'> <InPorts = 2> <OutPorts = 1>
ST_1 : Operation 18 [1/1] (0.00ns)   --->   "%trunc_ln42_3 = partselect i14 @_ssdm_op_PartSelect.i14.i18.i32.i32, i18 %mul_ln73_173, i32 4, i32 17" [firmware/nnet_utils/nnet_dense_latency.h:42]   --->   Operation 18 'partselect' 'trunc_ln42_3' <Predicate = true> <Delay = 0.00>
ST_1 : Operation 19 [1/1] (0.00ns)   --->   "%shl_ln73_994 = bitconcatenate i14 @_ssdm_op_BitConcatenate.i14.i12.i2, i12 %a, i2 0" [firmware/nnet_utils/nnet_mult.h:73->firmware/nnet_utils/nnet_dense_latency.h:42]   --->   Operation 19 'bitconcatenate' 'shl_ln73_994' <Predicate = true> <Delay = 0.00>
ST_1 : Operation 20 [1/1] (0.00ns)   --->   "%sext_ln73_997 = sext i14 %shl_ln73_994" [firmware/nnet_utils/nnet_mult.h:73->firmware/nnet_utils/nnet_dense_latency.h:42]   --->   Operation 20 'sext' 'sext_ln73_997' <Predicate = true> <Delay = 0.00>
ST_1 : Operation 21 [1/1] (0.83ns)   --->   "%sub_ln73 = sub i15 0, i15 %sext_ln73_997" [firmware/nnet_utils/nnet_mult.h:73->firmware/nnet_utils/nnet_dense_latency.h:42]   --->   Operation 21 'sub' 'sub_ln73' <Predicate = true> <Delay = 0.83> <CoreInst = "Adder">   --->   Core 1 'Adder' <Latency = 0> <II = 1> <Delay = 0.83> <FuncUnit> <Opcode : 'add' 'sub'> <InPorts = 2> <OutPorts = 1>
ST_1 : Operation 22 [1/1] (0.00ns)   --->   "%trunc_ln42_4 = partselect i11 @_ssdm_op_PartSelect.i11.i15.i32.i32, i15 %sub_ln73, i32 4, i32 14" [firmware/nnet_utils/nnet_dense_latency.h:42]   --->   Operation 22 'partselect' 'trunc_ln42_4' <Predicate = true> <Delay = 0.00>
ST_1 : Operation 23 [1/1] (0.00ns)   --->   "%sext_ln73_1015 = sext i11 %trunc_ln42_4" [firmware/nnet_utils/nnet_mult.h:73->firmware/nnet_utils/nnet_dense_latency.h:42]   --->   Operation 23 'sext' 'sext_ln73_1015' <Predicate = true> <Delay = 0.00>
ST_1 : Operation 24 [1/1] (2.18ns)   --->   "%mul_ln73_174 = mul i19 %sext_ln73_993, i19 524237" [firmware/nnet_utils/nnet_mult.h:73->firmware/nnet_utils/nnet_dense_latency.h:42]   --->   Operation 24 'mul' 'mul_ln73_174' <Predicate = true> <Delay = 2.18> <CoreInst = "Multiplier">   --->   Core 3 'Multiplier' <Latency = 0> <II = 1> <Delay = 2.18> <FuncUnit> <Opcode : 'mul'> <InPorts = 2> <OutPorts = 1>
ST_1 : Operation 25 [1/1] (0.00ns)   --->   "%trunc_ln42_5 = partselect i15 @_ssdm_op_PartSelect.i15.i19.i32.i32, i19 %mul_ln73_174, i32 4, i32 18" [firmware/nnet_utils/nnet_dense_latency.h:42]   --->   Operation 25 'partselect' 'trunc_ln42_5' <Predicate = true> <Delay = 0.00>
ST_1 : Operation 26 [1/1] (0.00ns)   --->   "%sext_ln42_117 = sext i15 %trunc_ln42_5" [firmware/nnet_utils/nnet_dense_latency.h:42]   --->   Operation 26 'sext' 'sext_ln42_117' <Predicate = true> <Delay = 0.00>
ST_1 : Operation 27 [1/1] (0.00ns)   --->   "%a_2 = load i12 %void_compute_output_buffer_1d_array_const_stream_weight_t_bias_t_kernel_data_2"   --->   Operation 27 'load' 'a_2' <Predicate = true> <Delay = 0.00>
ST_1 : Operation 28 [1/1] (0.00ns)   --->   "%sext_ln42_120 = sext i12 %a_2" [firmware/nnet_utils/nnet_dense_latency.h:42]   --->   Operation 28 'sext' 'sext_ln42_120' <Predicate = true> <Delay = 0.00>
ST_1 : Operation 29 [1/1] (2.18ns)   --->   "%mul_ln73_178 = mul i20 %sext_ln42_120, i20 1048474" [firmware/nnet_utils/nnet_mult.h:73->firmware/nnet_utils/nnet_dense_latency.h:42]   --->   Operation 29 'mul' 'mul_ln73_178' <Predicate = true> <Delay = 2.18> <CoreInst = "Multiplier">   --->   Core 3 'Multiplier' <Latency = 0> <II = 1> <Delay = 2.18> <FuncUnit> <Opcode : 'mul'> <InPorts = 2> <OutPorts = 1>
ST_1 : Operation 30 [1/1] (0.00ns)   --->   "%trunc_ln42_12 = partselect i16 @_ssdm_op_PartSelect.i16.i20.i32.i32, i20 %mul_ln73_178, i32 4, i32 19" [firmware/nnet_utils/nnet_dense_latency.h:42]   --->   Operation 30 'partselect' 'trunc_ln42_12' <Predicate = true> <Delay = 0.00>
ST_1 : Operation 31 [1/1] (2.18ns)   --->   "%mul_ln73_179 = mul i20 %sext_ln42_120, i20 92" [firmware/nnet_utils/nnet_mult.h:73->firmware/nnet_utils/nnet_dense_latency.h:42]   --->   Operation 31 'mul' 'mul_ln73_179' <Predicate = true> <Delay = 2.18> <CoreInst = "Multiplier">   --->   Core 3 'Multiplier' <Latency = 0> <II = 1> <Delay = 2.18> <FuncUnit> <Opcode : 'mul'> <InPorts = 2> <OutPorts = 1>
ST_1 : Operation 32 [1/1] (0.00ns)   --->   "%trunc_ln42_13 = partselect i16 @_ssdm_op_PartSelect.i16.i20.i32.i32, i20 %mul_ln73_179, i32 4, i32 19" [firmware/nnet_utils/nnet_dense_latency.h:42]   --->   Operation 32 'partselect' 'trunc_ln42_13' <Predicate = true> <Delay = 0.00>
ST_1 : Operation 33 [1/1] (2.18ns)   --->   "%mul_ln42_41 = mul i20 %sext_ln42_120, i20 183" [firmware/nnet_utils/nnet_dense_latency.h:42]   --->   Operation 33 'mul' 'mul_ln42_41' <Predicate = true> <Delay = 2.18> <CoreInst = "Multiplier">   --->   Core 3 'Multiplier' <Latency = 0> <II = 1> <Delay = 2.18> <FuncUnit> <Opcode : 'mul'> <InPorts = 2> <OutPorts = 1>
ST_1 : Operation 34 [1/1] (0.00ns)   --->   "%trunc_ln42_14 = partselect i16 @_ssdm_op_PartSelect.i16.i20.i32.i32, i20 %mul_ln42_41, i32 4, i32 19" [firmware/nnet_utils/nnet_dense_latency.h:42]   --->   Operation 34 'partselect' 'trunc_ln42_14' <Predicate = true> <Delay = 0.00>
ST_1 : Operation 35 [1/1] (2.18ns)   --->   "%mul_ln73_182 = mul i20 %sext_ln42_120, i20 1048497" [firmware/nnet_utils/nnet_mult.h:73->firmware/nnet_utils/nnet_dense_latency.h:42]   --->   Operation 35 'mul' 'mul_ln73_182' <Predicate = true> <Delay = 2.18> <CoreInst = "Multiplier">   --->   Core 3 'Multiplier' <Latency = 0> <II = 1> <Delay = 2.18> <FuncUnit> <Opcode : 'mul'> <InPorts = 2> <OutPorts = 1>
ST_1 : Operation 36 [1/1] (0.00ns)   --->   "%trunc_ln42_17 = partselect i16 @_ssdm_op_PartSelect.i16.i20.i32.i32, i20 %mul_ln73_182, i32 4, i32 19" [firmware/nnet_utils/nnet_dense_latency.h:42]   --->   Operation 36 'partselect' 'trunc_ln42_17' <Predicate = true> <Delay = 0.00>
ST_1 : Operation 37 [1/1] (2.18ns)   --->   "%mul_ln73_183 = mul i20 %sext_ln42_120, i20 1048500" [firmware/nnet_utils/nnet_mult.h:73->firmware/nnet_utils/nnet_dense_latency.h:42]   --->   Operation 37 'mul' 'mul_ln73_183' <Predicate = true> <Delay = 2.18> <CoreInst = "Multiplier">   --->   Core 3 'Multiplier' <Latency = 0> <II = 1> <Delay = 2.18> <FuncUnit> <Opcode : 'mul'> <InPorts = 2> <OutPorts = 1>
ST_1 : Operation 38 [1/1] (0.00ns)   --->   "%trunc_ln42_18 = partselect i16 @_ssdm_op_PartSelect.i16.i20.i32.i32, i20 %mul_ln73_183, i32 4, i32 19" [firmware/nnet_utils/nnet_dense_latency.h:42]   --->   Operation 38 'partselect' 'trunc_ln42_18' <Predicate = true> <Delay = 0.00>
ST_1 : Operation 39 [1/1] (0.00ns)   --->   "%a_3 = load i12 %void_compute_output_buffer_1d_array_const_stream_weight_t_bias_t_kernel_data_1"   --->   Operation 39 'load' 'a_3' <Predicate = true> <Delay = 0.00>
ST_1 : Operation 40 [1/1] (0.00ns)   --->   "%sext_ln73_1003 = sext i12 %a_3" [firmware/nnet_utils/nnet_mult.h:73->firmware/nnet_utils/nnet_dense_latency.h:42]   --->   Operation 40 'sext' 'sext_ln73_1003' <Predicate = true> <Delay = 0.00>
ST_1 : Operation 41 [1/1] (0.00ns)   --->   "%sext_ln73_1004 = sext i12 %a_3" [firmware/nnet_utils/nnet_mult.h:73->firmware/nnet_utils/nnet_dense_latency.h:42]   --->   Operation 41 'sext' 'sext_ln73_1004' <Predicate = true> <Delay = 0.00>
ST_1 : Operation 42 [1/1] (2.18ns)   --->   "%mul_ln73_184 = mul i20 %sext_ln73_1004, i20 1048479" [firmware/nnet_utils/nnet_mult.h:73->firmware/nnet_utils/nnet_dense_latency.h:42]   --->   Operation 42 'mul' 'mul_ln73_184' <Predicate = true> <Delay = 2.18> <CoreInst = "Multiplier">   --->   Core 3 'Multiplier' <Latency = 0> <II = 1> <Delay = 2.18> <FuncUnit> <Opcode : 'mul'> <InPorts = 2> <OutPorts = 1>
ST_1 : Operation 43 [1/1] (0.00ns)   --->   "%trunc_ln42_19 = partselect i16 @_ssdm_op_PartSelect.i16.i20.i32.i32, i20 %mul_ln73_184, i32 4, i32 19" [firmware/nnet_utils/nnet_dense_latency.h:42]   --->   Operation 43 'partselect' 'trunc_ln42_19' <Predicate = true> <Delay = 0.00>
ST_1 : Operation 44 [1/1] (2.18ns)   --->   "%mul_ln73_185 = mul i19 %sext_ln73_1003, i19 57" [firmware/nnet_utils/nnet_mult.h:73->firmware/nnet_utils/nnet_dense_latency.h:42]   --->   Operation 44 'mul' 'mul_ln73_185' <Predicate = true> <Delay = 2.18> <CoreInst = "Multiplier">   --->   Core 3 'Multiplier' <Latency = 0> <II = 1> <Delay = 2.18> <FuncUnit> <Opcode : 'mul'> <InPorts = 2> <OutPorts = 1>
ST_1 : Operation 45 [1/1] (0.00ns)   --->   "%trunc_ln42_20 = partselect i15 @_ssdm_op_PartSelect.i15.i19.i32.i32, i19 %mul_ln73_185, i32 4, i32 18" [firmware/nnet_utils/nnet_dense_latency.h:42]   --->   Operation 45 'partselect' 'trunc_ln42_20' <Predicate = true> <Delay = 0.00>
ST_1 : Operation 46 [1/1] (2.18ns)   --->   "%mul_ln42_42 = mul i20 %sext_ln73_1004, i20 158" [firmware/nnet_utils/nnet_dense_latency.h:42]   --->   Operation 46 'mul' 'mul_ln42_42' <Predicate = true> <Delay = 2.18> <CoreInst = "Multiplier">   --->   Core 3 'Multiplier' <Latency = 0> <II = 1> <Delay = 2.18> <FuncUnit> <Opcode : 'mul'> <InPorts = 2> <OutPorts = 1>
ST_1 : Operation 47 [1/1] (0.00ns)   --->   "%trunc_ln42_21 = partselect i16 @_ssdm_op_PartSelect.i16.i20.i32.i32, i20 %mul_ln42_42, i32 4, i32 19" [firmware/nnet_utils/nnet_dense_latency.h:42]   --->   Operation 47 'partselect' 'trunc_ln42_21' <Predicate = true> <Delay = 0.00>
ST_1 : Operation 48 [1/1] (2.18ns)   --->   "%mul_ln42_43 = mul i20 %sext_ln73_1004, i20 1048443" [firmware/nnet_utils/nnet_dense_latency.h:42]   --->   Operation 48 'mul' 'mul_ln42_43' <Predicate = true> <Delay = 2.18> <CoreInst = "Multiplier">   --->   Core 3 'Multiplier' <Latency = 0> <II = 1> <Delay = 2.18> <FuncUnit> <Opcode : 'mul'> <InPorts = 2> <OutPorts = 1>
ST_1 : Operation 49 [1/1] (0.00ns)   --->   "%trunc_ln42_22 = partselect i16 @_ssdm_op_PartSelect.i16.i20.i32.i32, i20 %mul_ln42_43, i32 4, i32 19" [firmware/nnet_utils/nnet_dense_latency.h:42]   --->   Operation 49 'partselect' 'trunc_ln42_22' <Predicate = true> <Delay = 0.00>
ST_1 : Operation 50 [1/1] (2.18ns)   --->   "%mul_ln73_186 = mul i20 %sext_ln73_1004, i20 1048474" [firmware/nnet_utils/nnet_mult.h:73->firmware/nnet_utils/nnet_dense_latency.h:42]   --->   Operation 50 'mul' 'mul_ln73_186' <Predicate = true> <Delay = 2.18> <CoreInst = "Multiplier">   --->   Core 3 'Multiplier' <Latency = 0> <II = 1> <Delay = 2.18> <FuncUnit> <Opcode : 'mul'> <InPorts = 2> <OutPorts = 1>
ST_1 : Operation 51 [1/1] (0.00ns)   --->   "%trunc_ln42_23 = partselect i16 @_ssdm_op_PartSelect.i16.i20.i32.i32, i20 %mul_ln73_186, i32 4, i32 19" [firmware/nnet_utils/nnet_dense_latency.h:42]   --->   Operation 51 'partselect' 'trunc_ln42_23' <Predicate = true> <Delay = 0.00>
ST_1 : Operation 52 [1/1] (0.00ns)   --->   "%shl_ln73_999 = bitconcatenate i18 @_ssdm_op_BitConcatenate.i18.i12.i6, i12 %a_3, i6 0" [firmware/nnet_utils/nnet_mult.h:73->firmware/nnet_utils/nnet_dense_latency.h:42]   --->   Operation 52 'bitconcatenate' 'shl_ln73_999' <Predicate = true> <Delay = 0.00>
ST_1 : Operation 53 [1/1] (0.00ns)   --->   "%sext_ln73_1005 = sext i18 %shl_ln73_999" [firmware/nnet_utils/nnet_mult.h:73->firmware/nnet_utils/nnet_dense_latency.h:42]   --->   Operation 53 'sext' 'sext_ln73_1005' <Predicate = true> <Delay = 0.00>
ST_1 : Operation 54 [1/1] (0.00ns)   --->   "%shl_ln73_1000 = bitconcatenate i15 @_ssdm_op_BitConcatenate.i15.i12.i3, i12 %a_3, i3 0" [firmware/nnet_utils/nnet_mult.h:73->firmware/nnet_utils/nnet_dense_latency.h:42]   --->   Operation 54 'bitconcatenate' 'shl_ln73_1000' <Predicate = true> <Delay = 0.00>
ST_1 : Operation 55 [1/1] (0.00ns)   --->   "%sext_ln73_1006 = sext i15 %shl_ln73_1000" [firmware/nnet_utils/nnet_mult.h:73->firmware/nnet_utils/nnet_dense_latency.h:42]   --->   Operation 55 'sext' 'sext_ln73_1006' <Predicate = true> <Delay = 0.00>
ST_1 : Operation 56 [1/1] (0.87ns)   --->   "%sub_ln73_850 = sub i19 %sext_ln73_1005, i19 %sext_ln73_1006" [firmware/nnet_utils/nnet_mult.h:73->firmware/nnet_utils/nnet_dense_latency.h:42]   --->   Operation 56 'sub' 'sub_ln73_850' <Predicate = true> <Delay = 0.87> <CoreInst = "Adder">   --->   Core 1 'Adder' <Latency = 0> <II = 1> <Delay = 0.87> <FuncUnit> <Opcode : 'add' 'sub'> <InPorts = 2> <OutPorts = 1>
ST_1 : Operation 57 [1/1] (0.00ns)   --->   "%trunc_ln42_24 = partselect i15 @_ssdm_op_PartSelect.i15.i19.i32.i32, i19 %sub_ln73_850, i32 4, i32 18" [firmware/nnet_utils/nnet_dense_latency.h:42]   --->   Operation 57 'partselect' 'trunc_ln42_24' <Predicate = true> <Delay = 0.00>
ST_1 : Operation 58 [1/1] (0.00ns)   --->   "%sext_ln42_122 = sext i15 %trunc_ln42_24" [firmware/nnet_utils/nnet_dense_latency.h:42]   --->   Operation 58 'sext' 'sext_ln42_122' <Predicate = true> <Delay = 0.00>
ST_1 : Operation 59 [1/1] (2.18ns)   --->   "%mul_ln73_187 = mul i19 %sext_ln73_1003, i19 35" [firmware/nnet_utils/nnet_mult.h:73->firmware/nnet_utils/nnet_dense_latency.h:42]   --->   Operation 59 'mul' 'mul_ln73_187' <Predicate = true> <Delay = 2.18> <CoreInst = "Multiplier">   --->   Core 3 'Multiplier' <Latency = 0> <II = 1> <Delay = 2.18> <FuncUnit> <Opcode : 'mul'> <InPorts = 2> <OutPorts = 1>
ST_1 : Operation 60 [1/1] (0.00ns)   --->   "%trunc_ln42_25 = partselect i15 @_ssdm_op_PartSelect.i15.i19.i32.i32, i19 %mul_ln73_187, i32 4, i32 18" [firmware/nnet_utils/nnet_dense_latency.h:42]   --->   Operation 60 'partselect' 'trunc_ln42_25' <Predicate = true> <Delay = 0.00>
ST_1 : Operation 61 [1/1] (0.00ns)   --->   "%sext_ln42_123 = sext i15 %trunc_ln42_25" [firmware/nnet_utils/nnet_dense_latency.h:42]   --->   Operation 61 'sext' 'sext_ln42_123' <Predicate = true> <Delay = 0.00>
ST_1 : Operation 62 [1/1] (0.00ns)   --->   "%a_4 = load i12 %void_compute_output_buffer_1d_array_const_stream_weight_t_bias_t_kernel_data"   --->   Operation 62 'load' 'a_4' <Predicate = true> <Delay = 0.00>
ST_1 : Operation 63 [1/1] (0.00ns)   --->   "%sext_ln73_1007 = sext i12 %a_4" [firmware/nnet_utils/nnet_mult.h:73->firmware/nnet_utils/nnet_dense_latency.h:42]   --->   Operation 63 'sext' 'sext_ln73_1007' <Predicate = true> <Delay = 0.00>
ST_1 : Operation 64 [1/1] (0.00ns)   --->   "%sext_ln73_1008 = sext i12 %a_4" [firmware/nnet_utils/nnet_mult.h:73->firmware/nnet_utils/nnet_dense_latency.h:42]   --->   Operation 64 'sext' 'sext_ln73_1008' <Predicate = true> <Delay = 0.00>
ST_1 : Operation 65 [1/1] (0.00ns)   --->   "%sext_ln73_1009 = sext i12 %a_4" [firmware/nnet_utils/nnet_mult.h:73->firmware/nnet_utils/nnet_dense_latency.h:42]   --->   Operation 65 'sext' 'sext_ln73_1009' <Predicate = true> <Delay = 0.00>
ST_1 : Operation 66 [1/1] (0.00ns)   --->   "%shl_ln73_1001 = bitconcatenate i19 @_ssdm_op_BitConcatenate.i19.i12.i7, i12 %a_4, i7 0" [firmware/nnet_utils/nnet_mult.h:73->firmware/nnet_utils/nnet_dense_latency.h:42]   --->   Operation 66 'bitconcatenate' 'shl_ln73_1001' <Predicate = true> <Delay = 0.00>
ST_1 : Operation 67 [1/1] (0.00ns)   --->   "%sext_ln73_1010 = sext i19 %shl_ln73_1001" [firmware/nnet_utils/nnet_mult.h:73->firmware/nnet_utils/nnet_dense_latency.h:42]   --->   Operation 67 'sext' 'sext_ln73_1010' <Predicate = true> <Delay = 0.00>
ST_1 : Operation 68 [1/1] (0.00ns) (grouped into TernaryAdder)   --->   "%sub_ln73_851 = sub i20 0, i20 %sext_ln73_1010" [firmware/nnet_utils/nnet_mult.h:73->firmware/nnet_utils/nnet_dense_latency.h:42]   --->   Operation 68 'sub' 'sub_ln73_851' <Predicate = true> <Delay = 0.00> <CoreInst = "TAddSub">   --->   Core 10 'TAddSub' <Latency = 0> <II = 1> <Delay = 0.34> <IPBlock> <Opcode : '' 'add' 'sub'> <InPorts = 3> <OutPorts = 1> <Sync> <CReg>
ST_1 : Operation 69 [1/1] (0.00ns)   --->   "%shl_ln73_1002 = bitconcatenate i13 @_ssdm_op_BitConcatenate.i13.i12.i1, i12 %a_4, i1 0" [firmware/nnet_utils/nnet_mult.h:73->firmware/nnet_utils/nnet_dense_latency.h:42]   --->   Operation 69 'bitconcatenate' 'shl_ln73_1002' <Predicate = true> <Delay = 0.00>
ST_1 : Operation 70 [1/1] (0.00ns)   --->   "%sext_ln73_1011 = sext i13 %shl_ln73_1002" [firmware/nnet_utils/nnet_mult.h:73->firmware/nnet_utils/nnet_dense_latency.h:42]   --->   Operation 70 'sext' 'sext_ln73_1011' <Predicate = true> <Delay = 0.00>
ST_1 : Operation 71 [1/1] (0.69ns) (root node of TernaryAdder)   --->   "%sub_ln73_852 = sub i20 %sub_ln73_851, i20 %sext_ln73_1011" [firmware/nnet_utils/nnet_mult.h:73->firmware/nnet_utils/nnet_dense_latency.h:42]   --->   Operation 71 'sub' 'sub_ln73_852' <Predicate = true> <Delay = 0.69> <CoreInst = "TAddSub">   --->   Core 10 'TAddSub' <Latency = 0> <II = 1> <Delay = 0.34> <IPBlock> <Opcode : '' 'add' 'sub'> <InPorts = 3> <OutPorts = 1> <Sync> <CReg>
ST_1 : Operation 72 [1/1] (0.00ns)   --->   "%trunc_ln42_26 = partselect i16 @_ssdm_op_PartSelect.i16.i20.i32.i32, i20 %sub_ln73_852, i32 4, i32 19" [firmware/nnet_utils/nnet_dense_latency.h:42]   --->   Operation 72 'partselect' 'trunc_ln42_26' <Predicate = true> <Delay = 0.00>
ST_1 : Operation 73 [1/1] (2.18ns)   --->   "%mul_ln73_188 = mul i18 %sext_ln73_1008, i18 262122" [firmware/nnet_utils/nnet_mult.h:73->firmware/nnet_utils/nnet_dense_latency.h:42]   --->   Operation 73 'mul' 'mul_ln73_188' <Predicate = true> <Delay = 2.18> <CoreInst = "Multiplier">   --->   Core 3 'Multiplier' <Latency = 0> <II = 1> <Delay = 2.18> <FuncUnit> <Opcode : 'mul'> <InPorts = 2> <OutPorts = 1>
ST_1 : Operation 74 [1/1] (0.00ns)   --->   "%trunc_ln42_27 = partselect i14 @_ssdm_op_PartSelect.i14.i18.i32.i32, i18 %mul_ln73_188, i32 4, i32 17" [firmware/nnet_utils/nnet_dense_latency.h:42]   --->   Operation 74 'partselect' 'trunc_ln42_27' <Predicate = true> <Delay = 0.00>
ST_1 : Operation 75 [1/1] (2.18ns)   --->   "%mul_ln73_189 = mul i20 %sext_ln73_1007, i20 102" [firmware/nnet_utils/nnet_mult.h:73->firmware/nnet_utils/nnet_dense_latency.h:42]   --->   Operation 75 'mul' 'mul_ln73_189' <Predicate = true> <Delay = 2.18> <CoreInst = "Multiplier">   --->   Core 3 'Multiplier' <Latency = 0> <II = 1> <Delay = 2.18> <FuncUnit> <Opcode : 'mul'> <InPorts = 2> <OutPorts = 1>
ST_1 : Operation 76 [1/1] (0.00ns)   --->   "%trunc_ln42_28 = partselect i16 @_ssdm_op_PartSelect.i16.i20.i32.i32, i20 %mul_ln73_189, i32 4, i32 19" [firmware/nnet_utils/nnet_dense_latency.h:42]   --->   Operation 76 'partselect' 'trunc_ln42_28' <Predicate = true> <Delay = 0.00>
ST_1 : Operation 77 [1/1] (2.18ns)   --->   "%mul_ln73_190 = mul i20 %sext_ln73_1007, i20 1048494" [firmware/nnet_utils/nnet_mult.h:73->firmware/nnet_utils/nnet_dense_latency.h:42]   --->   Operation 77 'mul' 'mul_ln73_190' <Predicate = true> <Delay = 2.18> <CoreInst = "Multiplier">   --->   Core 3 'Multiplier' <Latency = 0> <II = 1> <Delay = 2.18> <FuncUnit> <Opcode : 'mul'> <InPorts = 2> <OutPorts = 1>
ST_1 : Operation 78 [1/1] (0.00ns)   --->   "%trunc_ln42_29 = partselect i16 @_ssdm_op_PartSelect.i16.i20.i32.i32, i20 %mul_ln73_190, i32 4, i32 19" [firmware/nnet_utils/nnet_dense_latency.h:42]   --->   Operation 78 'partselect' 'trunc_ln42_29' <Predicate = true> <Delay = 0.00>
ST_1 : Operation 79 [1/1] (2.18ns)   --->   "%mul_ln73_191 = mul i19 %sext_ln73_1009, i19 524246" [firmware/nnet_utils/nnet_mult.h:73->firmware/nnet_utils/nnet_dense_latency.h:42]   --->   Operation 79 'mul' 'mul_ln73_191' <Predicate = true> <Delay = 2.18> <CoreInst = "Multiplier">   --->   Core 3 'Multiplier' <Latency = 0> <II = 1> <Delay = 2.18> <FuncUnit> <Opcode : 'mul'> <InPorts = 2> <OutPorts = 1>
ST_1 : Operation 80 [1/1] (0.00ns)   --->   "%trunc_ln42_30 = partselect i15 @_ssdm_op_PartSelect.i15.i19.i32.i32, i19 %mul_ln73_191, i32 4, i32 18" [firmware/nnet_utils/nnet_dense_latency.h:42]   --->   Operation 80 'partselect' 'trunc_ln42_30' <Predicate = true> <Delay = 0.00>
ST_1 : Operation 81 [1/1] (0.00ns)   --->   "%shl_ln73_1003 = bitconcatenate i17 @_ssdm_op_BitConcatenate.i17.i12.i5, i12 %a_4, i5 0" [firmware/nnet_utils/nnet_mult.h:73->firmware/nnet_utils/nnet_dense_latency.h:42]   --->   Operation 81 'bitconcatenate' 'shl_ln73_1003' <Predicate = true> <Delay = 0.00>
ST_1 : Operation 82 [1/1] (0.00ns)   --->   "%sext_ln73_1012 = sext i17 %shl_ln73_1003" [firmware/nnet_utils/nnet_mult.h:73->firmware/nnet_utils/nnet_dense_latency.h:42]   --->   Operation 82 'sext' 'sext_ln73_1012' <Predicate = true> <Delay = 0.00>
ST_1 : Operation 83 [1/1] (0.00ns) (grouped into TernaryAdder)   --->   "%sub_ln73_853 = sub i18 0, i18 %sext_ln73_1012" [firmware/nnet_utils/nnet_mult.h:73->firmware/nnet_utils/nnet_dense_latency.h:42]   --->   Operation 83 'sub' 'sub_ln73_853' <Predicate = true> <Delay = 0.00> <CoreInst = "TAddSub">   --->   Core 10 'TAddSub' <Latency = 0> <II = 1> <Delay = 0.34> <IPBlock> <Opcode : '' 'add' 'sub'> <InPorts = 3> <OutPorts = 1> <Sync> <CReg>
ST_1 : Operation 84 [1/1] (0.00ns)   --->   "%shl_ln73_1004 = bitconcatenate i14 @_ssdm_op_BitConcatenate.i14.i12.i2, i12 %a_4, i2 0" [firmware/nnet_utils/nnet_mult.h:73->firmware/nnet_utils/nnet_dense_latency.h:42]   --->   Operation 84 'bitconcatenate' 'shl_ln73_1004' <Predicate = true> <Delay = 0.00>
ST_1 : Operation 85 [1/1] (0.00ns)   --->   "%sext_ln73_1013 = sext i14 %shl_ln73_1004" [firmware/nnet_utils/nnet_mult.h:73->firmware/nnet_utils/nnet_dense_latency.h:42]   --->   Operation 85 'sext' 'sext_ln73_1013' <Predicate = true> <Delay = 0.00>
ST_1 : Operation 86 [1/1] (0.69ns) (root node of TernaryAdder)   --->   "%sub_ln73_854 = sub i18 %sub_ln73_853, i18 %sext_ln73_1013" [firmware/nnet_utils/nnet_mult.h:73->firmware/nnet_utils/nnet_dense_latency.h:42]   --->   Operation 86 'sub' 'sub_ln73_854' <Predicate = true> <Delay = 0.69> <CoreInst = "TAddSub">   --->   Core 10 'TAddSub' <Latency = 0> <II = 1> <Delay = 0.34> <IPBlock> <Opcode : '' 'add' 'sub'> <InPorts = 3> <OutPorts = 1> <Sync> <CReg>
ST_1 : Operation 87 [1/1] (0.00ns)   --->   "%trunc_ln42_31 = partselect i14 @_ssdm_op_PartSelect.i14.i18.i32.i32, i18 %sub_ln73_854, i32 4, i32 17" [firmware/nnet_utils/nnet_dense_latency.h:42]   --->   Operation 87 'partselect' 'trunc_ln42_31' <Predicate = true> <Delay = 0.00>
ST_1 : Operation 88 [1/1] (0.00ns)   --->   "%sext_ln73_1017 = sext i14 %trunc_ln42_31" [firmware/nnet_utils/nnet_mult.h:73->firmware/nnet_utils/nnet_dense_latency.h:42]   --->   Operation 88 'sext' 'sext_ln73_1017' <Predicate = true> <Delay = 0.00>
ST_1 : Operation 89 [1/1] (2.18ns)   --->   "%mul_ln73_192 = mul i19 %sext_ln73_1009, i19 53" [firmware/nnet_utils/nnet_mult.h:73->firmware/nnet_utils/nnet_dense_latency.h:42]   --->   Operation 89 'mul' 'mul_ln73_192' <Predicate = true> <Delay = 2.18> <CoreInst = "Multiplier">   --->   Core 3 'Multiplier' <Latency = 0> <II = 1> <Delay = 2.18> <FuncUnit> <Opcode : 'mul'> <InPorts = 2> <OutPorts = 1>
ST_1 : Operation 90 [1/1] (0.00ns)   --->   "%trunc_ln42_32 = partselect i15 @_ssdm_op_PartSelect.i15.i19.i32.i32, i19 %mul_ln73_192, i32 4, i32 18" [firmware/nnet_utils/nnet_dense_latency.h:42]   --->   Operation 90 'partselect' 'trunc_ln42_32' <Predicate = true> <Delay = 0.00>
ST_1 : Operation 91 [1/1] (0.00ns)   --->   "%sext_ln42_125 = sext i15 %trunc_ln42_32" [firmware/nnet_utils/nnet_dense_latency.h:42]   --->   Operation 91 'sext' 'sext_ln42_125' <Predicate = true> <Delay = 0.00>
ST_1 : Operation 92 [1/1] (0.85ns)   --->   "%add_ln58_1162 = add i16 %trunc_ln42_12, i16 %trunc_ln42_19" [firmware/nnet_utils/nnet_dense_latency.h:58]   --->   Operation 92 'add' 'add_ln58_1162' <Predicate = true> <Delay = 0.85> <CoreInst = "Adder">   --->   Core 1 'Adder' <Latency = 0> <II = 1> <Delay = 0.85> <FuncUnit> <Opcode : 'add' 'sub'> <InPorts = 2> <OutPorts = 1>
ST_1 : Operation 93 [1/1] (0.00ns) (grouped into TernaryAdder)   --->   "%add_ln58_1164 = add i16 %sext_ln42, i16 64712" [firmware/nnet_utils/nnet_dense_latency.h:58]   --->   Operation 93 'add' 'add_ln58_1164' <Predicate = true> <Delay = 0.00> <CoreInst = "TAddSub">   --->   Core 10 'TAddSub' <Latency = 0> <II = 1> <Delay = 0.34> <IPBlock> <Opcode : '' 'add' 'sub'> <InPorts = 3> <OutPorts = 1> <Sync> <CReg>
ST_1 : Operation 94 [1/1] (0.68ns) (root node of TernaryAdder)   --->   "%add_ln58_1165 = add i16 %add_ln58_1164, i16 %trunc_ln42_26" [firmware/nnet_utils/nnet_dense_latency.h:58]   --->   Operation 94 'add' 'add_ln58_1165' <Predicate = true> <Delay = 0.68> <CoreInst = "TAddSub">   --->   Core 10 'TAddSub' <Latency = 0> <II = 1> <Delay = 0.34> <IPBlock> <Opcode : '' 'add' 'sub'> <InPorts = 3> <OutPorts = 1> <Sync> <CReg>
ST_1 : Operation 95 [1/1] (0.85ns)   --->   "%add_ln58_1167 = add i16 %trunc_ln42_13, i16 %sext_ln42" [firmware/nnet_utils/nnet_dense_latency.h:58]   --->   Operation 95 'add' 'add_ln58_1167' <Predicate = true> <Delay = 0.85> <CoreInst = "Adder">   --->   Core 1 'Adder' <Latency = 0> <II = 1> <Delay = 0.85> <FuncUnit> <Opcode : 'add' 'sub'> <InPorts = 2> <OutPorts = 1>
ST_1 : Operation 96 [1/1] (0.85ns)   --->   "%add_ln58_1172 = add i16 %trunc_ln42_14, i16 %trunc_ln42_21" [firmware/nnet_utils/nnet_dense_latency.h:58]   --->   Operation 96 'add' 'add_ln58_1172' <Predicate = true> <Delay = 0.85> <CoreInst = "Adder">   --->   Core 1 'Adder' <Latency = 0> <II = 1> <Delay = 0.85> <FuncUnit> <Opcode : 'add' 'sub'> <InPorts = 2> <OutPorts = 1>
ST_1 : Operation 97 [1/1] (0.83ns)   --->   "%add_ln58_1174 = add i15 %sext_ln42_116, i15 31828" [firmware/nnet_utils/nnet_dense_latency.h:58]   --->   Operation 97 'add' 'add_ln58_1174' <Predicate = true> <Delay = 0.83> <CoreInst = "Adder">   --->   Core 1 'Adder' <Latency = 0> <II = 1> <Delay = 0.83> <FuncUnit> <Opcode : 'add' 'sub'> <InPorts = 2> <OutPorts = 1>
ST_1 : Operation 98 [1/1] (0.00ns)   --->   "%sext_ln58_782 = sext i15 %add_ln58_1174" [firmware/nnet_utils/nnet_dense_latency.h:58]   --->   Operation 98 'sext' 'sext_ln58_782' <Predicate = true> <Delay = 0.00>
ST_1 : Operation 99 [1/1] (0.85ns)   --->   "%add_ln58_1175 = add i16 %sext_ln58_782, i16 %trunc_ln42_28" [firmware/nnet_utils/nnet_dense_latency.h:58]   --->   Operation 99 'add' 'add_ln58_1175' <Predicate = true> <Delay = 0.85> <CoreInst = "Adder">   --->   Core 1 'Adder' <Latency = 0> <II = 1> <Delay = 0.85> <FuncUnit> <Opcode : 'add' 'sub'> <InPorts = 2> <OutPorts = 1>
ST_1 : Operation 100 [1/1] (0.85ns)   --->   "%add_ln58_1186 = add i16 %trunc_ln42_17, i16 %sext_ln42_122" [firmware/nnet_utils/nnet_dense_latency.h:58]   --->   Operation 100 'add' 'add_ln58_1186' <Predicate = true> <Delay = 0.85> <CoreInst = "Adder">   --->   Core 1 'Adder' <Latency = 0> <II = 1> <Delay = 0.85> <FuncUnit> <Opcode : 'add' 'sub'> <InPorts = 2> <OutPorts = 1>
ST_1 : Operation 101 [1/1] (0.79ns)   --->   "%add_ln58_1188 = add i12 %sext_ln73_1015, i12 3588" [firmware/nnet_utils/nnet_dense_latency.h:58]   --->   Operation 101 'add' 'add_ln58_1188' <Predicate = true> <Delay = 0.79> <CoreInst = "Adder">   --->   Core 1 'Adder' <Latency = 0> <II = 1> <Delay = 0.79> <FuncUnit> <Opcode : 'add' 'sub'> <InPorts = 2> <OutPorts = 1>
ST_1 : Operation 102 [1/1] (0.00ns)   --->   "%sext_ln58_784 = sext i12 %add_ln58_1188" [firmware/nnet_utils/nnet_dense_latency.h:58]   --->   Operation 102 'sext' 'sext_ln58_784' <Predicate = true> <Delay = 0.00>
ST_1 : Operation 103 [1/1] (0.83ns)   --->   "%add_ln58_1189 = add i15 %sext_ln58_784, i15 %sext_ln73_1017" [firmware/nnet_utils/nnet_dense_latency.h:58]   --->   Operation 103 'add' 'add_ln58_1189' <Predicate = true> <Delay = 0.83> <CoreInst = "Adder">   --->   Core 1 'Adder' <Latency = 0> <II = 1> <Delay = 0.83> <FuncUnit> <Opcode : 'add' 'sub'> <InPorts = 2> <OutPorts = 1>
ST_1 : Operation 104 [1/1] (0.85ns)   --->   "%add_ln58_1191 = add i16 %trunc_ln42_18, i16 %sext_ln42_117" [firmware/nnet_utils/nnet_dense_latency.h:58]   --->   Operation 104 'add' 'add_ln58_1191' <Predicate = true> <Delay = 0.85> <CoreInst = "Adder">   --->   Core 1 'Adder' <Latency = 0> <II = 1> <Delay = 0.85> <FuncUnit> <Opcode : 'add' 'sub'> <InPorts = 2> <OutPorts = 1>
ST_1 : Operation 105 [1/1] (0.00ns) (grouped into TernaryAdder)   --->   "%add_ln58_1193 = add i16 %sext_ln42_125, i16 64504" [firmware/nnet_utils/nnet_dense_latency.h:58]   --->   Operation 105 'add' 'add_ln58_1193' <Predicate = true> <Delay = 0.00> <CoreInst = "TAddSub">   --->   Core 10 'TAddSub' <Latency = 0> <II = 1> <Delay = 0.34> <IPBlock> <Opcode : '' 'add' 'sub'> <InPorts = 3> <OutPorts = 1> <Sync> <CReg>
ST_1 : Operation 106 [1/1] (0.68ns) (root node of TernaryAdder)   --->   "%add_ln58_1194 = add i16 %add_ln58_1193, i16 %sext_ln42_123" [firmware/nnet_utils/nnet_dense_latency.h:58]   --->   Operation 106 'add' 'add_ln58_1194' <Predicate = true> <Delay = 0.68> <CoreInst = "TAddSub">   --->   Core 10 'TAddSub' <Latency = 0> <II = 1> <Delay = 0.34> <IPBlock> <Opcode : '' 'add' 'sub'> <InPorts = 3> <OutPorts = 1> <Sync> <CReg>

State 2 <SV = 1> <Delay = 3.56>
ST_2 : Operation 107 [1/1] (0.00ns)   --->   "%specpipeline_ln33 = specpipeline void @_ssdm_op_SpecPipeline, i32 1, i32 0, i32 0, i32 0, void @empty_10" [firmware/nnet_utils/nnet_dense_latency.h:33]   --->   Operation 107 'specpipeline' 'specpipeline_ln33' <Predicate = true> <Delay = 0.00>
ST_2 : Operation 108 [1/1] (0.00ns)   --->   "%specresourcelimit_ln33 = specresourcelimit void @_ssdm_op_SpecResourceLimit, i64 35, void @empty_8, void @empty_10, void @empty_10, void @empty_10" [firmware/nnet_utils/nnet_dense_latency.h:33]   --->   Operation 108 'specresourcelimit' 'specresourcelimit_ln33' <Predicate = true> <Delay = 0.00>
ST_2 : Operation 109 [1/1] (0.00ns)   --->   "%sext_ln73_996 = sext i9 %trunc_ln42_2" [firmware/nnet_utils/nnet_mult.h:73->firmware/nnet_utils/nnet_dense_latency.h:42]   --->   Operation 109 'sext' 'sext_ln73_996' <Predicate = true> <Delay = 0.00>
ST_2 : Operation 110 [1/1] (0.00ns)   --->   "%sext_ln73_1014 = sext i14 %trunc_ln42_3" [firmware/nnet_utils/nnet_mult.h:73->firmware/nnet_utils/nnet_dense_latency.h:42]   --->   Operation 110 'sext' 'sext_ln73_1014' <Predicate = true> <Delay = 0.00>
ST_2 : Operation 111 [1/1] (0.00ns)   --->   "%a_1 = load i12 %void_compute_output_buffer_1d_array_const_stream_weight_t_bias_t_kernel_data_3"   --->   Operation 111 'load' 'a_1' <Predicate = true> <Delay = 0.00>
ST_2 : Operation 112 [1/1] (0.00ns)   --->   "%sext_ln42_118 = sext i12 %a_1" [firmware/nnet_utils/nnet_dense_latency.h:42]   --->   Operation 112 'sext' 'sext_ln42_118' <Predicate = true> <Delay = 0.00>
ST_2 : Operation 113 [1/1] (0.00ns)   --->   "%shl_ln73_995 = bitconcatenate i19 @_ssdm_op_BitConcatenate.i19.i12.i7, i12 %a_1, i7 0" [firmware/nnet_utils/nnet_mult.h:73->firmware/nnet_utils/nnet_dense_latency.h:42]   --->   Operation 113 'bitconcatenate' 'shl_ln73_995' <Predicate = true> <Delay = 0.00>
ST_2 : Operation 114 [1/1] (0.00ns)   --->   "%sext_ln73_998 = sext i19 %shl_ln73_995" [firmware/nnet_utils/nnet_mult.h:73->firmware/nnet_utils/nnet_dense_latency.h:42]   --->   Operation 114 'sext' 'sext_ln73_998' <Predicate = true> <Delay = 0.00>
ST_2 : Operation 115 [1/1] (0.88ns)   --->   "%sub_ln73_846 = sub i20 0, i20 %sext_ln73_998" [firmware/nnet_utils/nnet_mult.h:73->firmware/nnet_utils/nnet_dense_latency.h:42]   --->   Operation 115 'sub' 'sub_ln73_846' <Predicate = true> <Delay = 0.88> <CoreInst = "Adder">   --->   Core 1 'Adder' <Latency = 0> <II = 1> <Delay = 0.88> <FuncUnit> <Opcode : 'add' 'sub'> <InPorts = 2> <OutPorts = 1>
ST_2 : Operation 116 [1/1] (0.00ns)   --->   "%shl_ln73_996 = bitconcatenate i13 @_ssdm_op_BitConcatenate.i13.i12.i1, i12 %a_1, i1 0" [firmware/nnet_utils/nnet_mult.h:73->firmware/nnet_utils/nnet_dense_latency.h:42]   --->   Operation 116 'bitconcatenate' 'shl_ln73_996' <Predicate = true> <Delay = 0.00>
ST_2 : Operation 117 [1/1] (0.00ns)   --->   "%sext_ln73_999 = sext i13 %shl_ln73_996" [firmware/nnet_utils/nnet_mult.h:73->firmware/nnet_utils/nnet_dense_latency.h:42]   --->   Operation 117 'sext' 'sext_ln73_999' <Predicate = true> <Delay = 0.00>
ST_2 : Operation 118 [1/1] (0.00ns)   --->   "%sext_ln73_1000 = sext i13 %shl_ln73_996" [firmware/nnet_utils/nnet_mult.h:73->firmware/nnet_utils/nnet_dense_latency.h:42]   --->   Operation 118 'sext' 'sext_ln73_1000' <Predicate = true> <Delay = 0.00>
ST_2 : Operation 119 [1/1] (0.89ns)   --->   "%sub_ln73_847 = sub i20 %sub_ln73_846, i20 %sext_ln73_1000" [firmware/nnet_utils/nnet_mult.h:73->firmware/nnet_utils/nnet_dense_latency.h:42]   --->   Operation 119 'sub' 'sub_ln73_847' <Predicate = true> <Delay = 0.89> <CoreInst = "Adder">   --->   Core 1 'Adder' <Latency = 0> <II = 1> <Delay = 0.89> <FuncUnit> <Opcode : 'add' 'sub'> <InPorts = 2> <OutPorts = 1>
ST_2 : Operation 120 [1/1] (0.00ns)   --->   "%trunc_ln42_6 = partselect i16 @_ssdm_op_PartSelect.i16.i20.i32.i32, i20 %sub_ln73_847, i32 4, i32 19" [firmware/nnet_utils/nnet_dense_latency.h:42]   --->   Operation 120 'partselect' 'trunc_ln42_6' <Predicate = true> <Delay = 0.00>
ST_2 : Operation 121 [1/1] (2.18ns)   --->   "%mul_ln73_175 = mul i20 %sext_ln42_118, i20 100" [firmware/nnet_utils/nnet_mult.h:73->firmware/nnet_utils/nnet_dense_latency.h:42]   --->   Operation 121 'mul' 'mul_ln73_175' <Predicate = true> <Delay = 2.18> <CoreInst = "Multiplier">   --->   Core 3 'Multiplier' <Latency = 0> <II = 1> <Delay = 2.18> <FuncUnit> <Opcode : 'mul'> <InPorts = 2> <OutPorts = 1>
ST_2 : Operation 122 [1/1] (0.00ns)   --->   "%trunc_ln42_7 = partselect i16 @_ssdm_op_PartSelect.i16.i20.i32.i32, i20 %mul_ln73_175, i32 4, i32 19" [firmware/nnet_utils/nnet_dense_latency.h:42]   --->   Operation 122 'partselect' 'trunc_ln42_7' <Predicate = true> <Delay = 0.00>
ST_2 : Operation 123 [1/1] (2.18ns)   --->   "%mul_ln42 = mul i20 %sext_ln42_118, i20 142" [firmware/nnet_utils/nnet_dense_latency.h:42]   --->   Operation 123 'mul' 'mul_ln42' <Predicate = true> <Delay = 2.18> <CoreInst = "Multiplier">   --->   Core 3 'Multiplier' <Latency = 0> <II = 1> <Delay = 2.18> <FuncUnit> <Opcode : 'mul'> <InPorts = 2> <OutPorts = 1>
ST_2 : Operation 124 [1/1] (0.00ns)   --->   "%trunc_ln42_8 = partselect i16 @_ssdm_op_PartSelect.i16.i20.i32.i32, i20 %mul_ln42, i32 4, i32 19" [firmware/nnet_utils/nnet_dense_latency.h:42]   --->   Operation 124 'partselect' 'trunc_ln42_8' <Predicate = true> <Delay = 0.00>
ST_2 : Operation 125 [1/1] (2.18ns)   --->   "%mul_ln73_176 = mul i20 %sext_ln42_118, i20 118" [firmware/nnet_utils/nnet_mult.h:73->firmware/nnet_utils/nnet_dense_latency.h:42]   --->   Operation 125 'mul' 'mul_ln73_176' <Predicate = true> <Delay = 2.18> <CoreInst = "Multiplier">   --->   Core 3 'Multiplier' <Latency = 0> <II = 1> <Delay = 2.18> <FuncUnit> <Opcode : 'mul'> <InPorts = 2> <OutPorts = 1>
ST_2 : Operation 126 [1/1] (0.00ns)   --->   "%trunc_ln42_9 = partselect i16 @_ssdm_op_PartSelect.i16.i20.i32.i32, i20 %mul_ln73_176, i32 4, i32 19" [firmware/nnet_utils/nnet_dense_latency.h:42]   --->   Operation 126 'partselect' 'trunc_ln42_9' <Predicate = true> <Delay = 0.00>
ST_2 : Operation 127 [1/1] (0.00ns)   --->   "%shl_ln73_997 = bitconcatenate i18 @_ssdm_op_BitConcatenate.i18.i12.i6, i12 %a_1, i6 0" [firmware/nnet_utils/nnet_mult.h:73->firmware/nnet_utils/nnet_dense_latency.h:42]   --->   Operation 127 'bitconcatenate' 'shl_ln73_997' <Predicate = true> <Delay = 0.00>
ST_2 : Operation 128 [1/1] (0.00ns)   --->   "%sext_ln73_1001 = sext i18 %shl_ln73_997" [firmware/nnet_utils/nnet_mult.h:73->firmware/nnet_utils/nnet_dense_latency.h:42]   --->   Operation 128 'sext' 'sext_ln73_1001' <Predicate = true> <Delay = 0.00>
ST_2 : Operation 129 [1/1] (0.87ns)   --->   "%sub_ln73_848 = sub i19 %sext_ln73_999, i19 %sext_ln73_1001" [firmware/nnet_utils/nnet_mult.h:73->firmware/nnet_utils/nnet_dense_latency.h:42]   --->   Operation 129 'sub' 'sub_ln73_848' <Predicate = true> <Delay = 0.87> <CoreInst = "Adder">   --->   Core 1 'Adder' <Latency = 0> <II = 1> <Delay = 0.87> <FuncUnit> <Opcode : 'add' 'sub'> <InPorts = 2> <OutPorts = 1>
ST_2 : Operation 130 [1/1] (0.00ns)   --->   "%trunc_ln42_s = partselect i15 @_ssdm_op_PartSelect.i15.i19.i32.i32, i19 %sub_ln73_848, i32 4, i32 18" [firmware/nnet_utils/nnet_dense_latency.h:42]   --->   Operation 130 'partselect' 'trunc_ln42_s' <Predicate = true> <Delay = 0.00>
ST_2 : Operation 131 [1/1] (0.00ns)   --->   "%sext_ln42_119 = sext i15 %trunc_ln42_s" [firmware/nnet_utils/nnet_dense_latency.h:42]   --->   Operation 131 'sext' 'sext_ln42_119' <Predicate = true> <Delay = 0.00>
ST_2 : Operation 132 [1/1] (2.18ns)   --->   "%mul_ln73_177 = mul i20 %sext_ln42_118, i20 117" [firmware/nnet_utils/nnet_mult.h:73->firmware/nnet_utils/nnet_dense_latency.h:42]   --->   Operation 132 'mul' 'mul_ln73_177' <Predicate = true> <Delay = 2.18> <CoreInst = "Multiplier">   --->   Core 3 'Multiplier' <Latency = 0> <II = 1> <Delay = 2.18> <FuncUnit> <Opcode : 'mul'> <InPorts = 2> <OutPorts = 1>
ST_2 : Operation 133 [1/1] (0.00ns)   --->   "%trunc_ln42_10 = partselect i16 @_ssdm_op_PartSelect.i16.i20.i32.i32, i20 %mul_ln73_177, i32 4, i32 19" [firmware/nnet_utils/nnet_dense_latency.h:42]   --->   Operation 133 'partselect' 'trunc_ln42_10' <Predicate = true> <Delay = 0.00>
ST_2 : Operation 134 [1/1] (0.00ns)   --->   "%shl_ln73_998 = bitconcatenate i14 @_ssdm_op_BitConcatenate.i14.i12.i2, i12 %a_1, i2 0" [firmware/nnet_utils/nnet_mult.h:73->firmware/nnet_utils/nnet_dense_latency.h:42]   --->   Operation 134 'bitconcatenate' 'shl_ln73_998' <Predicate = true> <Delay = 0.00>
ST_2 : Operation 135 [1/1] (0.00ns)   --->   "%sext_ln73_1002 = sext i14 %shl_ln73_998" [firmware/nnet_utils/nnet_mult.h:73->firmware/nnet_utils/nnet_dense_latency.h:42]   --->   Operation 135 'sext' 'sext_ln73_1002' <Predicate = true> <Delay = 0.00>
ST_2 : Operation 136 [1/1] (0.89ns)   --->   "%sub_ln73_849 = sub i20 %sub_ln73_846, i20 %sext_ln73_1002" [firmware/nnet_utils/nnet_mult.h:73->firmware/nnet_utils/nnet_dense_latency.h:42]   --->   Operation 136 'sub' 'sub_ln73_849' <Predicate = true> <Delay = 0.89> <CoreInst = "Adder">   --->   Core 1 'Adder' <Latency = 0> <II = 1> <Delay = 0.89> <FuncUnit> <Opcode : 'add' 'sub'> <InPorts = 2> <OutPorts = 1>
ST_2 : Operation 137 [1/1] (0.00ns)   --->   "%trunc_ln42_11 = partselect i16 @_ssdm_op_PartSelect.i16.i20.i32.i32, i20 %sub_ln73_849, i32 4, i32 19" [firmware/nnet_utils/nnet_dense_latency.h:42]   --->   Operation 137 'partselect' 'trunc_ln42_11' <Predicate = true> <Delay = 0.00>
ST_2 : Operation 138 [1/1] (2.18ns)   --->   "%mul_ln73_180 = mul i20 %sext_ln42_120, i20 84" [firmware/nnet_utils/nnet_mult.h:73->firmware/nnet_utils/nnet_dense_latency.h:42]   --->   Operation 138 'mul' 'mul_ln73_180' <Predicate = true> <Delay = 2.18> <CoreInst = "Multiplier">   --->   Core 3 'Multiplier' <Latency = 0> <II = 1> <Delay = 2.18> <FuncUnit> <Opcode : 'mul'> <InPorts = 2> <OutPorts = 1>
ST_2 : Operation 139 [1/1] (0.00ns)   --->   "%trunc_ln42_15 = partselect i16 @_ssdm_op_PartSelect.i16.i20.i32.i32, i20 %mul_ln73_180, i32 4, i32 19" [firmware/nnet_utils/nnet_dense_latency.h:42]   --->   Operation 139 'partselect' 'trunc_ln42_15' <Predicate = true> <Delay = 0.00>
ST_2 : Operation 140 [1/1] (2.18ns)   --->   "%mul_ln73_181 = mul i20 %sext_ln42_120, i20 1048459" [firmware/nnet_utils/nnet_mult.h:73->firmware/nnet_utils/nnet_dense_latency.h:42]   --->   Operation 140 'mul' 'mul_ln73_181' <Predicate = true> <Delay = 2.18> <CoreInst = "Multiplier">   --->   Core 3 'Multiplier' <Latency = 0> <II = 1> <Delay = 2.18> <FuncUnit> <Opcode : 'mul'> <InPorts = 2> <OutPorts = 1>
ST_2 : Operation 141 [1/1] (0.00ns)   --->   "%trunc_ln42_16 = partselect i16 @_ssdm_op_PartSelect.i16.i20.i32.i32, i20 %mul_ln73_181, i32 4, i32 19" [firmware/nnet_utils/nnet_dense_latency.h:42]   --->   Operation 141 'partselect' 'trunc_ln42_16' <Predicate = true> <Delay = 0.00>
ST_2 : Operation 142 [1/1] (0.00ns)   --->   "%sext_ln42_121 = sext i15 %trunc_ln42_20" [firmware/nnet_utils/nnet_dense_latency.h:42]   --->   Operation 142 'sext' 'sext_ln42_121' <Predicate = true> <Delay = 0.00>
ST_2 : Operation 143 [1/1] (0.00ns)   --->   "%sext_ln73_1016 = sext i14 %trunc_ln42_27" [firmware/nnet_utils/nnet_mult.h:73->firmware/nnet_utils/nnet_dense_latency.h:42]   --->   Operation 143 'sext' 'sext_ln73_1016' <Predicate = true> <Delay = 0.00>
ST_2 : Operation 144 [1/1] (0.00ns)   --->   "%sext_ln42_124 = sext i15 %trunc_ln42_30" [firmware/nnet_utils/nnet_dense_latency.h:42]   --->   Operation 144 'sext' 'sext_ln42_124' <Predicate = true> <Delay = 0.00>
ST_2 : Operation 145 [1/1] (0.79ns)   --->   "%add_ln58 = add i12 %sext_ln73_996, i12 3096" [firmware/nnet_utils/nnet_dense_latency.h:58]   --->   Operation 145 'add' 'add_ln58' <Predicate = true> <Delay = 0.79> <CoreInst = "Adder">   --->   Core 1 'Adder' <Latency = 0> <II = 1> <Delay = 0.79> <FuncUnit> <Opcode : 'add' 'sub'> <InPorts = 2> <OutPorts = 1>
ST_2 : Operation 146 [1/1] (0.00ns)   --->   "%sext_ln58 = sext i12 %add_ln58" [firmware/nnet_utils/nnet_dense_latency.h:58]   --->   Operation 146 'sext' 'sext_ln58' <Predicate = true> <Delay = 0.00>
ST_2 : Operation 147 [1/1] (0.00ns) (grouped into TernaryAdder)   --->   "%add_ln58_1163 = add i16 %add_ln58_1162, i16 %trunc_ln42_6" [firmware/nnet_utils/nnet_dense_latency.h:58]   --->   Operation 147 'add' 'add_ln58_1163' <Predicate = true> <Delay = 0.00> <CoreInst = "TAddSub">   --->   Core 10 'TAddSub' <Latency = 0> <II = 1> <Delay = 0.34> <IPBlock> <Opcode : '' 'add' 'sub'> <InPorts = 3> <OutPorts = 1> <Sync> <CReg>
ST_2 : Operation 148 [1/1] (0.68ns) (root node of TernaryAdder)   --->   "%x = add i16 %add_ln58_1165, i16 %add_ln58_1163" [firmware/nnet_utils/nnet_dense_latency.h:58]   --->   Operation 148 'add' 'x' <Predicate = true> <Delay = 0.68> <CoreInst = "TAddSub">   --->   Core 10 'TAddSub' <Latency = 0> <II = 1> <Delay = 0.34> <IPBlock> <Opcode : '' 'add' 'sub'> <InPorts = 3> <OutPorts = 1> <Sync> <CReg>
ST_2 : Operation 149 [1/1] (0.00ns) (grouped into TernaryAdder)   --->   "%add_ln58_1168 = add i16 %add_ln58_1167, i16 %trunc_ln42_7" [firmware/nnet_utils/nnet_dense_latency.h:58]   --->   Operation 149 'add' 'add_ln58_1168' <Predicate = true> <Delay = 0.00> <CoreInst = "TAddSub">   --->   Core 10 'TAddSub' <Latency = 0> <II = 1> <Delay = 0.34> <IPBlock> <Opcode : '' 'add' 'sub'> <InPorts = 3> <OutPorts = 1> <Sync> <CReg>
ST_2 : Operation 150 [1/1] (0.83ns)   --->   "%add_ln58_1169 = add i15 %sext_ln73_1016, i15 348" [firmware/nnet_utils/nnet_dense_latency.h:58]   --->   Operation 150 'add' 'add_ln58_1169' <Predicate = true> <Delay = 0.83> <CoreInst = "Adder">   --->   Core 1 'Adder' <Latency = 0> <II = 1> <Delay = 0.83> <FuncUnit> <Opcode : 'add' 'sub'> <InPorts = 2> <OutPorts = 1>
ST_2 : Operation 151 [1/1] (0.00ns)   --->   "%sext_ln58_781 = sext i15 %add_ln58_1169" [firmware/nnet_utils/nnet_dense_latency.h:58]   --->   Operation 151 'sext' 'sext_ln58_781' <Predicate = true> <Delay = 0.00>
ST_2 : Operation 152 [1/1] (0.84ns)   --->   "%add_ln58_1170 = add i16 %sext_ln58_781, i16 %sext_ln42_121" [firmware/nnet_utils/nnet_dense_latency.h:58]   --->   Operation 152 'add' 'add_ln58_1170' <Predicate = true> <Delay = 0.84> <CoreInst = "Adder">   --->   Core 1 'Adder' <Latency = 0> <II = 1> <Delay = 0.84> <FuncUnit> <Opcode : 'add' 'sub'> <InPorts = 2> <OutPorts = 1>
ST_2 : Operation 153 [1/1] (0.68ns) (root node of TernaryAdder)   --->   "%x_1 = add i16 %add_ln58_1170, i16 %add_ln58_1168" [firmware/nnet_utils/nnet_dense_latency.h:58]   --->   Operation 153 'add' 'x_1' <Predicate = true> <Delay = 0.68> <CoreInst = "TAddSub">   --->   Core 10 'TAddSub' <Latency = 0> <II = 1> <Delay = 0.34> <IPBlock> <Opcode : '' 'add' 'sub'> <InPorts = 3> <OutPorts = 1> <Sync> <CReg>
ST_2 : Operation 154 [1/1] (0.00ns) (grouped into TernaryAdder)   --->   "%add_ln58_1173 = add i16 %add_ln58_1172, i16 %trunc_ln42_8" [firmware/nnet_utils/nnet_dense_latency.h:58]   --->   Operation 154 'add' 'add_ln58_1173' <Predicate = true> <Delay = 0.00> <CoreInst = "TAddSub">   --->   Core 10 'TAddSub' <Latency = 0> <II = 1> <Delay = 0.34> <IPBlock> <Opcode : '' 'add' 'sub'> <InPorts = 3> <OutPorts = 1> <Sync> <CReg>
ST_2 : Operation 155 [1/1] (0.68ns) (root node of TernaryAdder)   --->   "%x_2 = add i16 %add_ln58_1175, i16 %add_ln58_1173" [firmware/nnet_utils/nnet_dense_latency.h:58]   --->   Operation 155 'add' 'x_2' <Predicate = true> <Delay = 0.68> <CoreInst = "TAddSub">   --->   Core 10 'TAddSub' <Latency = 0> <II = 1> <Delay = 0.34> <IPBlock> <Opcode : '' 'add' 'sub'> <InPorts = 3> <OutPorts = 1> <Sync> <CReg>
ST_2 : Operation 156 [1/1] (0.00ns) (grouped into TernaryAdder)   --->   "%add_ln58_1177 = add i16 %trunc_ln42_15, i16 %trunc_ln42_22" [firmware/nnet_utils/nnet_dense_latency.h:58]   --->   Operation 156 'add' 'add_ln58_1177' <Predicate = true> <Delay = 0.00> <CoreInst = "TAddSub">   --->   Core 10 'TAddSub' <Latency = 0> <II = 1> <Delay = 0.34> <IPBlock> <Opcode : '' 'add' 'sub'> <InPorts = 3> <OutPorts = 1> <Sync> <CReg>
ST_2 : Operation 157 [1/1] (0.00ns) (grouped into TernaryAdder)   --->   "%add_ln58_1178 = add i16 %trunc_ln42_9, i16 %sext_ln58" [firmware/nnet_utils/nnet_dense_latency.h:58]   --->   Operation 157 'add' 'add_ln58_1178' <Predicate = true> <Delay = 0.00> <CoreInst = "TAddSub">   --->   Core 10 'TAddSub' <Latency = 0> <II = 1> <Delay = 0.34> <IPBlock> <Opcode : '' 'add' 'sub'> <InPorts = 3> <OutPorts = 1> <Sync> <CReg>
ST_2 : Operation 158 [1/1] (0.68ns) (root node of TernaryAdder)   --->   "%add_ln58_1179 = add i16 %add_ln58_1178, i16 %trunc_ln42_29" [firmware/nnet_utils/nnet_dense_latency.h:58]   --->   Operation 158 'add' 'add_ln58_1179' <Predicate = true> <Delay = 0.68> <CoreInst = "TAddSub">   --->   Core 10 'TAddSub' <Latency = 0> <II = 1> <Delay = 0.34> <IPBlock> <Opcode : '' 'add' 'sub'> <InPorts = 3> <OutPorts = 1> <Sync> <CReg>
ST_2 : Operation 159 [1/1] (0.68ns) (root node of TernaryAdder)   --->   "%x_3 = add i16 %add_ln58_1179, i16 %add_ln58_1177" [firmware/nnet_utils/nnet_dense_latency.h:58]   --->   Operation 159 'add' 'x_3' <Predicate = true> <Delay = 0.68> <CoreInst = "TAddSub">   --->   Core 10 'TAddSub' <Latency = 0> <II = 1> <Delay = 0.34> <IPBlock> <Opcode : '' 'add' 'sub'> <InPorts = 3> <OutPorts = 1> <Sync> <CReg>
ST_2 : Operation 160 [1/1] (0.85ns)   --->   "%add_ln58_1181 = add i16 %trunc_ln42_23, i16 %sext_ln42_119" [firmware/nnet_utils/nnet_dense_latency.h:58]   --->   Operation 160 'add' 'add_ln58_1181' <Predicate = true> <Delay = 0.85> <CoreInst = "Adder">   --->   Core 1 'Adder' <Latency = 0> <II = 1> <Delay = 0.85> <FuncUnit> <Opcode : 'add' 'sub'> <InPorts = 2> <OutPorts = 1>
ST_2 : Operation 161 [1/1] (0.00ns) (grouped into TernaryAdder)   --->   "%add_ln58_1182 = add i16 %add_ln58_1181, i16 %trunc_ln42_16" [firmware/nnet_utils/nnet_dense_latency.h:58]   --->   Operation 161 'add' 'add_ln58_1182' <Predicate = true> <Delay = 0.00> <CoreInst = "TAddSub">   --->   Core 10 'TAddSub' <Latency = 0> <II = 1> <Delay = 0.34> <IPBlock> <Opcode : '' 'add' 'sub'> <InPorts = 3> <OutPorts = 1> <Sync> <CReg>
ST_2 : Operation 162 [1/1] (0.83ns)   --->   "%add_ln58_1183 = add i15 %sext_ln73_1014, i15 476" [firmware/nnet_utils/nnet_dense_latency.h:58]   --->   Operation 162 'add' 'add_ln58_1183' <Predicate = true> <Delay = 0.83> <CoreInst = "Adder">   --->   Core 1 'Adder' <Latency = 0> <II = 1> <Delay = 0.83> <FuncUnit> <Opcode : 'add' 'sub'> <InPorts = 2> <OutPorts = 1>
ST_2 : Operation 163 [1/1] (0.00ns)   --->   "%sext_ln58_783 = sext i15 %add_ln58_1183" [firmware/nnet_utils/nnet_dense_latency.h:58]   --->   Operation 163 'sext' 'sext_ln58_783' <Predicate = true> <Delay = 0.00>
ST_2 : Operation 164 [1/1] (0.84ns)   --->   "%add_ln58_1184 = add i16 %sext_ln58_783, i16 %sext_ln42_124" [firmware/nnet_utils/nnet_dense_latency.h:58]   --->   Operation 164 'add' 'add_ln58_1184' <Predicate = true> <Delay = 0.84> <CoreInst = "Adder">   --->   Core 1 'Adder' <Latency = 0> <II = 1> <Delay = 0.84> <FuncUnit> <Opcode : 'add' 'sub'> <InPorts = 2> <OutPorts = 1>
ST_2 : Operation 165 [1/1] (0.68ns) (root node of TernaryAdder)   --->   "%x_4 = add i16 %add_ln58_1184, i16 %add_ln58_1182" [firmware/nnet_utils/nnet_dense_latency.h:58]   --->   Operation 165 'add' 'x_4' <Predicate = true> <Delay = 0.68> <CoreInst = "TAddSub">   --->   Core 10 'TAddSub' <Latency = 0> <II = 1> <Delay = 0.34> <IPBlock> <Opcode : '' 'add' 'sub'> <InPorts = 3> <OutPorts = 1> <Sync> <CReg>
ST_2 : Operation 166 [1/1] (0.00ns) (grouped into TernaryAdder)   --->   "%add_ln58_1187 = add i16 %add_ln58_1186, i16 %trunc_ln42_10" [firmware/nnet_utils/nnet_dense_latency.h:58]   --->   Operation 166 'add' 'add_ln58_1187' <Predicate = true> <Delay = 0.00> <CoreInst = "TAddSub">   --->   Core 10 'TAddSub' <Latency = 0> <II = 1> <Delay = 0.34> <IPBlock> <Opcode : '' 'add' 'sub'> <InPorts = 3> <OutPorts = 1> <Sync> <CReg>
ST_2 : Operation 167 [1/1] (0.00ns)   --->   "%sext_ln58_785 = sext i15 %add_ln58_1189" [firmware/nnet_utils/nnet_dense_latency.h:58]   --->   Operation 167 'sext' 'sext_ln58_785' <Predicate = true> <Delay = 0.00>
ST_2 : Operation 168 [1/1] (0.68ns) (root node of TernaryAdder)   --->   "%x_5 = add i16 %sext_ln58_785, i16 %add_ln58_1187" [firmware/nnet_utils/nnet_dense_latency.h:58]   --->   Operation 168 'add' 'x_5' <Predicate = true> <Delay = 0.68> <CoreInst = "TAddSub">   --->   Core 10 'TAddSub' <Latency = 0> <II = 1> <Delay = 0.34> <IPBlock> <Opcode : '' 'add' 'sub'> <InPorts = 3> <OutPorts = 1> <Sync> <CReg>
ST_2 : Operation 169 [1/1] (0.00ns) (grouped into TernaryAdder)   --->   "%add_ln58_1192 = add i16 %add_ln58_1191, i16 %trunc_ln42_11" [firmware/nnet_utils/nnet_dense_latency.h:58]   --->   Operation 169 'add' 'add_ln58_1192' <Predicate = true> <Delay = 0.00> <CoreInst = "TAddSub">   --->   Core 10 'TAddSub' <Latency = 0> <II = 1> <Delay = 0.34> <IPBlock> <Opcode : '' 'add' 'sub'> <InPorts = 3> <OutPorts = 1> <Sync> <CReg>
ST_2 : Operation 170 [1/1] (0.68ns) (root node of TernaryAdder)   --->   "%x_6 = add i16 %add_ln58_1194, i16 %add_ln58_1192" [firmware/nnet_utils/nnet_dense_latency.h:58]   --->   Operation 170 'add' 'x_6' <Predicate = true> <Delay = 0.68> <CoreInst = "TAddSub">   --->   Core 10 'TAddSub' <Latency = 0> <II = 1> <Delay = 0.34> <IPBlock> <Opcode : '' 'add' 'sub'> <InPorts = 3> <OutPorts = 1> <Sync> <CReg>
ST_2 : Operation 171 [1/1] (0.00ns)   --->   "%trunc_ln2 = partselect i14 @_ssdm_op_PartSelect.i14.i16.i32.i32, i16 %x, i32 2, i32 15" [firmware/nnet_utils/nnet_mult.h:111->firmware/nnet_utils/nnet_dense_latency.h:66]   --->   Operation 171 'partselect' 'trunc_ln2' <Predicate = true> <Delay = 0.00>
ST_2 : Operation 172 [1/1] (0.00ns)   --->   "%sext_ln111 = sext i14 %trunc_ln2" [firmware/nnet_utils/nnet_mult.h:111->firmware/nnet_utils/nnet_dense_latency.h:66]   --->   Operation 172 'sext' 'sext_ln111' <Predicate = true> <Delay = 0.00>
ST_2 : Operation 173 [1/1] (0.00ns)   --->   "%trunc_ln111_1 = partselect i14 @_ssdm_op_PartSelect.i14.i16.i32.i32, i16 %x_1, i32 2, i32 15" [firmware/nnet_utils/nnet_mult.h:111->firmware/nnet_utils/nnet_dense_latency.h:66]   --->   Operation 173 'partselect' 'trunc_ln111_1' <Predicate = true> <Delay = 0.00>
ST_2 : Operation 174 [1/1] (0.00ns)   --->   "%sext_ln111_1 = sext i14 %trunc_ln111_1" [firmware/nnet_utils/nnet_mult.h:111->firmware/nnet_utils/nnet_dense_latency.h:66]   --->   Operation 174 'sext' 'sext_ln111_1' <Predicate = true> <Delay = 0.00>
ST_2 : Operation 175 [1/1] (0.00ns)   --->   "%trunc_ln111_2 = partselect i14 @_ssdm_op_PartSelect.i14.i16.i32.i32, i16 %x_2, i32 2, i32 15" [firmware/nnet_utils/nnet_mult.h:111->firmware/nnet_utils/nnet_dense_latency.h:66]   --->   Operation 175 'partselect' 'trunc_ln111_2' <Predicate = true> <Delay = 0.00>
ST_2 : Operation 176 [1/1] (0.00ns)   --->   "%sext_ln111_2 = sext i14 %trunc_ln111_2" [firmware/nnet_utils/nnet_mult.h:111->firmware/nnet_utils/nnet_dense_latency.h:66]   --->   Operation 176 'sext' 'sext_ln111_2' <Predicate = true> <Delay = 0.00>
ST_2 : Operation 177 [1/1] (0.00ns)   --->   "%trunc_ln111_3 = partselect i14 @_ssdm_op_PartSelect.i14.i16.i32.i32, i16 %x_3, i32 2, i32 15" [firmware/nnet_utils/nnet_mult.h:111->firmware/nnet_utils/nnet_dense_latency.h:66]   --->   Operation 177 'partselect' 'trunc_ln111_3' <Predicate = true> <Delay = 0.00>
ST_2 : Operation 178 [1/1] (0.00ns)   --->   "%sext_ln111_3 = sext i14 %trunc_ln111_3" [firmware/nnet_utils/nnet_mult.h:111->firmware/nnet_utils/nnet_dense_latency.h:66]   --->   Operation 178 'sext' 'sext_ln111_3' <Predicate = true> <Delay = 0.00>
ST_2 : Operation 179 [1/1] (0.00ns)   --->   "%trunc_ln111_4 = partselect i14 @_ssdm_op_PartSelect.i14.i16.i32.i32, i16 %x_4, i32 2, i32 15" [firmware/nnet_utils/nnet_mult.h:111->firmware/nnet_utils/nnet_dense_latency.h:66]   --->   Operation 179 'partselect' 'trunc_ln111_4' <Predicate = true> <Delay = 0.00>
ST_2 : Operation 180 [1/1] (0.00ns)   --->   "%sext_ln111_4 = sext i14 %trunc_ln111_4" [firmware/nnet_utils/nnet_mult.h:111->firmware/nnet_utils/nnet_dense_latency.h:66]   --->   Operation 180 'sext' 'sext_ln111_4' <Predicate = true> <Delay = 0.00>
ST_2 : Operation 181 [1/1] (0.00ns)   --->   "%trunc_ln111_5 = partselect i14 @_ssdm_op_PartSelect.i14.i16.i32.i32, i16 %x_5, i32 2, i32 15" [firmware/nnet_utils/nnet_mult.h:111->firmware/nnet_utils/nnet_dense_latency.h:66]   --->   Operation 181 'partselect' 'trunc_ln111_5' <Predicate = true> <Delay = 0.00>
ST_2 : Operation 182 [1/1] (0.00ns)   --->   "%sext_ln111_5 = sext i14 %trunc_ln111_5" [firmware/nnet_utils/nnet_mult.h:111->firmware/nnet_utils/nnet_dense_latency.h:66]   --->   Operation 182 'sext' 'sext_ln111_5' <Predicate = true> <Delay = 0.00>
ST_2 : Operation 183 [1/1] (0.00ns)   --->   "%trunc_ln111_6 = partselect i14 @_ssdm_op_PartSelect.i14.i16.i32.i32, i16 %x_6, i32 2, i32 15" [firmware/nnet_utils/nnet_mult.h:111->firmware/nnet_utils/nnet_dense_latency.h:66]   --->   Operation 183 'partselect' 'trunc_ln111_6' <Predicate = true> <Delay = 0.00>
ST_2 : Operation 184 [1/1] (0.00ns)   --->   "%sext_ln111_6 = sext i14 %trunc_ln111_6" [firmware/nnet_utils/nnet_mult.h:111->firmware/nnet_utils/nnet_dense_latency.h:66]   --->   Operation 184 'sext' 'sext_ln111_6' <Predicate = true> <Delay = 0.00>
ST_2 : Operation 185 [1/1] (0.00ns)   --->   "%mrv_i = insertvalue i119 <undef>, i17 %sext_ln111" [firmware/nnet_utils/nnet_dense_latency.h:68]   --->   Operation 185 'insertvalue' 'mrv_i' <Predicate = true> <Delay = 0.00>
ST_2 : Operation 186 [1/1] (0.00ns)   --->   "%mrv_1_i = insertvalue i119 %mrv_i, i17 %sext_ln111_1" [firmware/nnet_utils/nnet_dense_latency.h:68]   --->   Operation 186 'insertvalue' 'mrv_1_i' <Predicate = true> <Delay = 0.00>
ST_2 : Operation 187 [1/1] (0.00ns)   --->   "%mrv_2_i = insertvalue i119 %mrv_1_i, i17 %sext_ln111_2" [firmware/nnet_utils/nnet_dense_latency.h:68]   --->   Operation 187 'insertvalue' 'mrv_2_i' <Predicate = true> <Delay = 0.00>
ST_2 : Operation 188 [1/1] (0.00ns)   --->   "%mrv_3_i = insertvalue i119 %mrv_2_i, i17 %sext_ln111_3" [firmware/nnet_utils/nnet_dense_latency.h:68]   --->   Operation 188 'insertvalue' 'mrv_3_i' <Predicate = true> <Delay = 0.00>
ST_2 : Operation 189 [1/1] (0.00ns)   --->   "%mrv_4_i = insertvalue i119 %mrv_3_i, i17 %sext_ln111_4" [firmware/nnet_utils/nnet_dense_latency.h:68]   --->   Operation 189 'insertvalue' 'mrv_4_i' <Predicate = true> <Delay = 0.00>
ST_2 : Operation 190 [1/1] (0.00ns)   --->   "%mrv_5_i = insertvalue i119 %mrv_4_i, i17 %sext_ln111_5" [firmware/nnet_utils/nnet_dense_latency.h:68]   --->   Operation 190 'insertvalue' 'mrv_5_i' <Predicate = true> <Delay = 0.00>
ST_2 : Operation 191 [1/1] (0.00ns)   --->   "%mrv_6_i = insertvalue i119 %mrv_5_i, i17 %sext_ln111_6" [firmware/nnet_utils/nnet_dense_latency.h:68]   --->   Operation 191 'insertvalue' 'mrv_6_i' <Predicate = true> <Delay = 0.00>
ST_2 : Operation 192 [1/1] (0.00ns)   --->   "%ret_ln33 = ret i119 %mrv_6_i" [firmware/nnet_utils/nnet_dense_latency.h:33]   --->   Operation 192 'ret' 'ret_ln33' <Predicate = true> <Delay = 0.00>


============================================================
+ Verbose Summary: Timing violations
============================================================
Target clock period: 5.000ns, clock uncertainty: 1.350ns.

 <State 1>: 3.041ns
The critical path consists of the following:
	'load' operation 12 bit ('a') on static variable 'void_compute_output_buffer_1d_array_const_stream_weight_t_bias_t_kernel_data_2' [61]  (0.000 ns)
	'mul' operation 20 bit ('mul_ln73_178', firmware/nnet_utils/nnet_mult.h:73->firmware/nnet_utils/nnet_dense_latency.h:42) [63]  (2.188 ns)
	'add' operation 16 bit ('add_ln58_1162', firmware/nnet_utils/nnet_dense_latency.h:58) [135]  (0.853 ns)

 <State 2>: 3.562ns
The critical path consists of the following:
	'load' operation 12 bit ('a') on static variable 'void_compute_output_buffer_1d_array_const_stream_weight_t_bias_t_kernel_data_3' [34]  (0.000 ns)
	'mul' operation 20 bit ('mul_ln73_176', firmware/nnet_utils/nnet_mult.h:73->firmware/nnet_utils/nnet_dense_latency.h:42) [48]  (2.188 ns)
	'add' operation 16 bit ('add_ln58_1178', firmware/nnet_utils/nnet_dense_latency.h:58) [153]  (0.000 ns)
	'add' operation 16 bit ('add_ln58_1179', firmware/nnet_utils/nnet_dense_latency.h:58) [154]  (0.687 ns)
	'add' operation 16 bit ('x', firmware/nnet_utils/nnet_dense_latency.h:58) [155]  (0.687 ns)


============================================================
+ Verbose Summary: Binding
============================================================
N/A
* FSMD analyzer results:
  - Output states:
 - Input state : 
  - Chain level:
	State 1
	State 2


============================================================
+ Verbose Summary: Datapath Resource usage 
============================================================
N/A
