

================================================================
== Vitis HLS Report for 'relu_array_ap_fixed_7u_array_ap_fixed_16_6_5_3_0_7u_relu_config5_s'
================================================================
* Date:           Wed Feb 11 15:57:30 2026

* Version:        2023.2 (Build 4023990 on Oct 11 2023)
* Project:        cnn_core_prj
* Solution:       solution1 (Vivado IP Flow Target)
* Product family: kintexuplus
* Target device:  xcku5p-ffvb676-2-e


================================================================
== Performance Estimates
================================================================
+ Timing: 
    * Summary: 
    +--------+---------+----------+------------+
    |  Clock |  Target | Estimated| Uncertainty|
    +--------+---------+----------+------------+
    |ap_clk  |  5.00 ns|  2.587 ns|     1.35 ns|
    +--------+---------+----------+------------+

+ Latency: 
    * Summary: 
    +---------+---------+----------+----------+-----+-----+---------+
    |  Latency (cycles) |  Latency (absolute) |  Interval | Pipeline|
    |   min   |   max   |    min   |    max   | min | max |   Type  |
    +---------+---------+----------+----------+-----+-----+---------+
    |      339|      339|  1.695 us|  1.695 us|  339|  339|       no|
    +---------+---------+----------+----------+-----+-----+---------+

    + Detail: 
        * Instance: 
        N/A

        * Loop: 
        +---------------+---------+---------+----------+-----------+-----------+------+----------+
        |               |  Latency (cycles) | Iteration|  Initiation Interval  | Trip |          |
        |   Loop Name   |   min   |   max   |  Latency |  achieved |   target  | Count| Pipelined|
        +---------------+---------+---------+----------+-----------+-----------+------+----------+
        |- ReLUActLoop  |      337|      337|         3|          1|          1|   336|       yes|
        +---------------+---------+---------+----------+-----------+-----------+------+----------+

============================================================
+ Verbose Summary: Synthesis Manager
============================================================
InlineROM: 1
ExposeGlobal: 0
============================================================
+ Verbose Summary: CDFG Model
============================================================
IsTopModel: 0
ResetActiveHigh: 1
IsCombinational: 2
IsDatapathOnly: 0
HasWiredReturn: 1
HasMFsm: 2
HasVarLatency: 1
IsPipeline: 0
IsRtlPipelined: 0
IsInstanceOverlapped: 0
IsDontTouch: 0
HasImplIP: 0
IsGatedGlobalClock: 0

+ Individual pipeline summary: 
  * Pipeline-0: initiation interval (II) = 1, depth = 3


============================================================
+ Verbose Summary: Schedule
============================================================
* Number of FSM states : 3
* Pipeline : 1
  Pipeline-0 : II = 1, D = 3, States = { 1 2 3 }
* Dataflow Pipeline: 0

* FSM state transitions: 
1 --> 2 
2 --> 3 
3 --> 

* FSM state operations: 

State 1 <SV = 0> <Delay = 1.63>
ST_1 : Operation 6 [1/1] (0.00ns)   --->   "%i = alloca i32 1" [firmware/nnet_utils/nnet_activation_stream.h:41]   --->   Operation 6 'alloca' 'i' <Predicate = true> <Delay = 0.00>
ST_1 : Operation 7 [1/1] (0.00ns)   --->   "%specinterface_ln0 = specinterface void @_ssdm_op_SpecInterface, i112 %layer5_out, void @empty_9, i32 0, i32 0, void @empty_10, i32 0, i32 0, void @empty_10, void @empty_10, void @empty_10, i32 0, i32 0, i32 0, i32 0, void @empty_10, void @empty_10, i32 4294967295, i32 0"   --->   Operation 7 'specinterface' 'specinterface_ln0' <Predicate = true> <Delay = 0.00>
ST_1 : Operation 8 [1/1] (0.00ns)   --->   "%specinterface_ln0 = specinterface void @_ssdm_op_SpecInterface, i119 %layer4_out, void @empty_9, i32 0, i32 0, void @empty_10, i32 0, i32 0, void @empty_10, void @empty_10, void @empty_10, i32 0, i32 0, i32 0, i32 0, void @empty_10, void @empty_10, i32 4294967295, i32 0"   --->   Operation 8 'specinterface' 'specinterface_ln0' <Predicate = true> <Delay = 0.00>
ST_1 : Operation 9 [1/1] (0.42ns)   --->   "%store_ln41 = store i9 0, i9 %i" [firmware/nnet_utils/nnet_activation_stream.h:41]   --->   Operation 9 'store' 'store_ln41' <Predicate = true> <Delay = 0.42>
ST_1 : Operation 10 [1/1] (0.00ns)   --->   "%br_ln41 = br void %ReLUPackLoop" [firmware/nnet_utils/nnet_activation_stream.h:41]   --->   Operation 10 'br' 'br_ln41' <Predicate = true> <Delay = 0.00>
ST_1 : Operation 11 [1/1] (0.00ns)   --->   "%i_9 = load i9 %i" [firmware/nnet_utils/nnet_activation_stream.h:41]   --->   Operation 11 'load' 'i_9' <Predicate = true> <Delay = 0.00>
ST_1 : Operation 12 [1/1] (0.77ns)   --->   "%icmp_ln41 = icmp_eq  i9 %i_9, i9 336" [firmware/nnet_utils/nnet_activation_stream.h:41]   --->   Operation 12 'icmp' 'icmp_ln41' <Predicate = true> <Delay = 0.77> <CoreInst = "Cmp">   --->   Core 9 'Cmp' <Latency = 0> <II = 1> <Delay = 0.77> <FuncUnit> <Opcode : 'icmp'> <InPorts = 2> <OutPorts = 1>
ST_1 : Operation 13 [1/1] (0.77ns)   --->   "%i_10 = add i9 %i_9, i9 1" [firmware/nnet_utils/nnet_activation_stream.h:41]   --->   Operation 13 'add' 'i_10' <Predicate = true> <Delay = 0.77> <CoreInst = "Adder">   --->   Core 1 'Adder' <Latency = 0> <II = 1> <Delay = 0.77> <FuncUnit> <Opcode : 'add' 'sub'> <InPorts = 2> <OutPorts = 1>
ST_1 : Operation 14 [1/1] (0.00ns)   --->   "%br_ln41 = br i1 %icmp_ln41, void %ReLUPackLoop.split, void %for.end15" [firmware/nnet_utils/nnet_activation_stream.h:41]   --->   Operation 14 'br' 'br_ln41' <Predicate = true> <Delay = 0.00>
ST_1 : Operation 15 [1/1] (0.42ns)   --->   "%store_ln41 = store i9 %i_10, i9 %i" [firmware/nnet_utils/nnet_activation_stream.h:41]   --->   Operation 15 'store' 'store_ln41' <Predicate = (!icmp_ln41)> <Delay = 0.42>

State 2 <SV = 1> <Delay = 2.58>
ST_2 : Operation 16 [1/1] (1.72ns)   --->   "%layer4_out_read = read i119 @_ssdm_op_Read.ap_fifo.volatile.i119P0A, i119 %layer4_out" [firmware/nnet_utils/nnet_activation_stream.h:44]   --->   Operation 16 'read' 'layer4_out_read' <Predicate = true> <Delay = 1.72> <CoreInst = "FIFO">   --->   Core 78 'FIFO' <Latency = 0> <II = 1> <Delay = 1.72> <Storage> <Opcode : 'read' 'write' 'nbread' 'nbwrite'> <Ports = 0> <Width = 119> <Depth = 336> <FIFO>
ST_2 : Operation 17 [1/1] (0.00ns)   --->   "%trunc_ln44 = trunc i119 %layer4_out_read" [firmware/nnet_utils/nnet_activation_stream.h:44]   --->   Operation 17 'trunc' 'trunc_ln44' <Predicate = true> <Delay = 0.00>
ST_2 : Operation 18 [1/1] (0.00ns)   --->   "%trunc_ln44_1 = partselect i17 @_ssdm_op_PartSelect.i17.i119.i32.i32, i119 %layer4_out_read, i32 17, i32 33" [firmware/nnet_utils/nnet_activation_stream.h:44]   --->   Operation 18 'partselect' 'trunc_ln44_1' <Predicate = true> <Delay = 0.00>
ST_2 : Operation 19 [1/1] (0.00ns)   --->   "%trunc_ln44_2 = partselect i17 @_ssdm_op_PartSelect.i17.i119.i32.i32, i119 %layer4_out_read, i32 34, i32 50" [firmware/nnet_utils/nnet_activation_stream.h:44]   --->   Operation 19 'partselect' 'trunc_ln44_2' <Predicate = true> <Delay = 0.00>
ST_2 : Operation 20 [1/1] (0.00ns)   --->   "%trunc_ln44_3 = partselect i17 @_ssdm_op_PartSelect.i17.i119.i32.i32, i119 %layer4_out_read, i32 51, i32 67" [firmware/nnet_utils/nnet_activation_stream.h:44]   --->   Operation 20 'partselect' 'trunc_ln44_3' <Predicate = true> <Delay = 0.00>
ST_2 : Operation 21 [1/1] (0.00ns)   --->   "%trunc_ln44_4 = partselect i17 @_ssdm_op_PartSelect.i17.i119.i32.i32, i119 %layer4_out_read, i32 68, i32 84" [firmware/nnet_utils/nnet_activation_stream.h:44]   --->   Operation 21 'partselect' 'trunc_ln44_4' <Predicate = true> <Delay = 0.00>
ST_2 : Operation 22 [1/1] (0.00ns)   --->   "%trunc_ln44_5 = partselect i17 @_ssdm_op_PartSelect.i17.i119.i32.i32, i119 %layer4_out_read, i32 85, i32 101" [firmware/nnet_utils/nnet_activation_stream.h:44]   --->   Operation 22 'partselect' 'trunc_ln44_5' <Predicate = true> <Delay = 0.00>
ST_2 : Operation 23 [1/1] (0.00ns)   --->   "%trunc_ln44_6 = partselect i17 @_ssdm_op_PartSelect.i17.i119.i32.i32, i119 %layer4_out_read, i32 102, i32 118" [firmware/nnet_utils/nnet_activation_stream.h:44]   --->   Operation 23 'partselect' 'trunc_ln44_6' <Predicate = true> <Delay = 0.00>
ST_2 : Operation 24 [1/1] (0.86ns)   --->   "%icmp_ln51 = icmp_sgt  i17 %trunc_ln44, i17 0" [firmware/nnet_utils/nnet_activation_stream.h:51]   --->   Operation 24 'icmp' 'icmp_ln51' <Predicate = true> <Delay = 0.86> <CoreInst = "Cmp">   --->   Core 9 'Cmp' <Latency = 0> <II = 1> <Delay = 0.86> <FuncUnit> <Opcode : 'icmp'> <InPorts = 2> <OutPorts = 1>
ST_2 : Operation 25 [1/1] (0.00ns)   --->   "%trunc_ln52 = trunc i119 %layer4_out_read" [firmware/nnet_utils/nnet_activation_stream.h:52]   --->   Operation 25 'trunc' 'trunc_ln52' <Predicate = true> <Delay = 0.00>
ST_2 : Operation 26 [1/1] (0.86ns)   --->   "%icmp_ln51_1 = icmp_sgt  i17 %trunc_ln44_1, i17 0" [firmware/nnet_utils/nnet_activation_stream.h:51]   --->   Operation 26 'icmp' 'icmp_ln51_1' <Predicate = true> <Delay = 0.86> <CoreInst = "Cmp">   --->   Core 9 'Cmp' <Latency = 0> <II = 1> <Delay = 0.86> <FuncUnit> <Opcode : 'icmp'> <InPorts = 2> <OutPorts = 1>
ST_2 : Operation 27 [1/1] (0.00ns)   --->   "%tmp_1 = partselect i14 @_ssdm_op_PartSelect.i14.i119.i32.i32, i119 %layer4_out_read, i32 17, i32 30" [firmware/nnet_utils/nnet_activation_stream.h:52]   --->   Operation 27 'partselect' 'tmp_1' <Predicate = true> <Delay = 0.00>
ST_2 : Operation 28 [1/1] (0.86ns)   --->   "%icmp_ln51_2 = icmp_sgt  i17 %trunc_ln44_2, i17 0" [firmware/nnet_utils/nnet_activation_stream.h:51]   --->   Operation 28 'icmp' 'icmp_ln51_2' <Predicate = true> <Delay = 0.86> <CoreInst = "Cmp">   --->   Core 9 'Cmp' <Latency = 0> <II = 1> <Delay = 0.86> <FuncUnit> <Opcode : 'icmp'> <InPorts = 2> <OutPorts = 1>
ST_2 : Operation 29 [1/1] (0.00ns)   --->   "%tmp_2 = partselect i14 @_ssdm_op_PartSelect.i14.i119.i32.i32, i119 %layer4_out_read, i32 34, i32 47" [firmware/nnet_utils/nnet_activation_stream.h:52]   --->   Operation 29 'partselect' 'tmp_2' <Predicate = true> <Delay = 0.00>
ST_2 : Operation 30 [1/1] (0.86ns)   --->   "%icmp_ln51_3 = icmp_sgt  i17 %trunc_ln44_3, i17 0" [firmware/nnet_utils/nnet_activation_stream.h:51]   --->   Operation 30 'icmp' 'icmp_ln51_3' <Predicate = true> <Delay = 0.86> <CoreInst = "Cmp">   --->   Core 9 'Cmp' <Latency = 0> <II = 1> <Delay = 0.86> <FuncUnit> <Opcode : 'icmp'> <InPorts = 2> <OutPorts = 1>
ST_2 : Operation 31 [1/1] (0.00ns)   --->   "%tmp_3 = partselect i14 @_ssdm_op_PartSelect.i14.i119.i32.i32, i119 %layer4_out_read, i32 51, i32 64" [firmware/nnet_utils/nnet_activation_stream.h:52]   --->   Operation 31 'partselect' 'tmp_3' <Predicate = true> <Delay = 0.00>
ST_2 : Operation 32 [1/1] (0.86ns)   --->   "%icmp_ln51_4 = icmp_sgt  i17 %trunc_ln44_4, i17 0" [firmware/nnet_utils/nnet_activation_stream.h:51]   --->   Operation 32 'icmp' 'icmp_ln51_4' <Predicate = true> <Delay = 0.86> <CoreInst = "Cmp">   --->   Core 9 'Cmp' <Latency = 0> <II = 1> <Delay = 0.86> <FuncUnit> <Opcode : 'icmp'> <InPorts = 2> <OutPorts = 1>
ST_2 : Operation 33 [1/1] (0.00ns)   --->   "%tmp_4 = partselect i14 @_ssdm_op_PartSelect.i14.i119.i32.i32, i119 %layer4_out_read, i32 68, i32 81" [firmware/nnet_utils/nnet_activation_stream.h:52]   --->   Operation 33 'partselect' 'tmp_4' <Predicate = true> <Delay = 0.00>
ST_2 : Operation 34 [1/1] (0.86ns)   --->   "%icmp_ln51_5 = icmp_sgt  i17 %trunc_ln44_5, i17 0" [firmware/nnet_utils/nnet_activation_stream.h:51]   --->   Operation 34 'icmp' 'icmp_ln51_5' <Predicate = true> <Delay = 0.86> <CoreInst = "Cmp">   --->   Core 9 'Cmp' <Latency = 0> <II = 1> <Delay = 0.86> <FuncUnit> <Opcode : 'icmp'> <InPorts = 2> <OutPorts = 1>
ST_2 : Operation 35 [1/1] (0.00ns)   --->   "%tmp_5 = partselect i14 @_ssdm_op_PartSelect.i14.i119.i32.i32, i119 %layer4_out_read, i32 85, i32 98" [firmware/nnet_utils/nnet_activation_stream.h:52]   --->   Operation 35 'partselect' 'tmp_5' <Predicate = true> <Delay = 0.00>
ST_2 : Operation 36 [1/1] (0.86ns)   --->   "%icmp_ln51_6 = icmp_sgt  i17 %trunc_ln44_6, i17 0" [firmware/nnet_utils/nnet_activation_stream.h:51]   --->   Operation 36 'icmp' 'icmp_ln51_6' <Predicate = true> <Delay = 0.86> <CoreInst = "Cmp">   --->   Core 9 'Cmp' <Latency = 0> <II = 1> <Delay = 0.86> <FuncUnit> <Opcode : 'icmp'> <InPorts = 2> <OutPorts = 1>
ST_2 : Operation 37 [1/1] (0.00ns)   --->   "%tmp_6 = partselect i14 @_ssdm_op_PartSelect.i14.i119.i32.i32, i119 %layer4_out_read, i32 102, i32 115" [firmware/nnet_utils/nnet_activation_stream.h:52]   --->   Operation 37 'partselect' 'tmp_6' <Predicate = true> <Delay = 0.00>
ST_2 : Operation 58 [1/1] (0.00ns)   --->   "%ret_ln59 = ret" [firmware/nnet_utils/nnet_activation_stream.h:59]   --->   Operation 58 'ret' 'ret_ln59' <Predicate = (icmp_ln41)> <Delay = 0.00>

State 3 <SV = 2> <Delay = 2.06>
ST_3 : Operation 38 [1/1] (0.00ns)   --->   "%specpipeline_ln42 = specpipeline void @_ssdm_op_SpecPipeline, i32 4294967295, i32 0, i32 0, i32 0, void @empty_10" [firmware/nnet_utils/nnet_activation_stream.h:42]   --->   Operation 38 'specpipeline' 'specpipeline_ln42' <Predicate = true> <Delay = 0.00>
ST_3 : Operation 39 [1/1] (0.00ns)   --->   "%speclooptripcount_ln41 = speclooptripcount void @_ssdm_op_SpecLoopTripCount, i64 336, i64 336, i64 336" [firmware/nnet_utils/nnet_activation_stream.h:41]   --->   Operation 39 'speclooptripcount' 'speclooptripcount_ln41' <Predicate = true> <Delay = 0.00>
ST_3 : Operation 40 [1/1] (0.00ns)   --->   "%specloopname_ln41 = specloopname void @_ssdm_op_SpecLoopName, void @empty_4" [firmware/nnet_utils/nnet_activation_stream.h:41]   --->   Operation 40 'specloopname' 'specloopname_ln41' <Predicate = true> <Delay = 0.00>
ST_3 : Operation 41 [1/1] (0.00ns)   --->   "%out_data = bitconcatenate i16 @_ssdm_op_BitConcatenate.i16.i14.i2, i14 %trunc_ln52, i2 0" [firmware/nnet_utils/nnet_activation_stream.h:52]   --->   Operation 41 'bitconcatenate' 'out_data' <Predicate = (icmp_ln51)> <Delay = 0.00>
ST_3 : Operation 42 [1/1] (0.34ns)   --->   "%out_data_92 = select i1 %icmp_ln51, i16 %out_data, i16 0" [firmware/nnet_utils/nnet_activation_stream.h:51]   --->   Operation 42 'select' 'out_data_92' <Predicate = true> <Delay = 0.34> <CoreInst = "Sel">   --->   Core 73 'Sel' <Latency = 0> <II = 1> <Delay = 0.34> <FuncUnit> <Opcode : 'select'> <InPorts = 3> <OutPorts = 1>
ST_3 : Operation 43 [1/1] (0.00ns)   --->   "%out_data_93 = bitconcatenate i16 @_ssdm_op_BitConcatenate.i16.i14.i2, i14 %tmp_1, i2 0" [firmware/nnet_utils/nnet_activation_stream.h:52]   --->   Operation 43 'bitconcatenate' 'out_data_93' <Predicate = (icmp_ln51_1)> <Delay = 0.00>
ST_3 : Operation 44 [1/1] (0.34ns)   --->   "%out_data_94 = select i1 %icmp_ln51_1, i16 %out_data_93, i16 0" [firmware/nnet_utils/nnet_activation_stream.h:51]   --->   Operation 44 'select' 'out_data_94' <Predicate = true> <Delay = 0.34> <CoreInst = "Sel">   --->   Core 73 'Sel' <Latency = 0> <II = 1> <Delay = 0.34> <FuncUnit> <Opcode : 'select'> <InPorts = 3> <OutPorts = 1>
ST_3 : Operation 45 [1/1] (0.00ns)   --->   "%out_data_95 = bitconcatenate i16 @_ssdm_op_BitConcatenate.i16.i14.i2, i14 %tmp_2, i2 0" [firmware/nnet_utils/nnet_activation_stream.h:52]   --->   Operation 45 'bitconcatenate' 'out_data_95' <Predicate = (icmp_ln51_2)> <Delay = 0.00>
ST_3 : Operation 46 [1/1] (0.34ns)   --->   "%out_data_96 = select i1 %icmp_ln51_2, i16 %out_data_95, i16 0" [firmware/nnet_utils/nnet_activation_stream.h:51]   --->   Operation 46 'select' 'out_data_96' <Predicate = true> <Delay = 0.34> <CoreInst = "Sel">   --->   Core 73 'Sel' <Latency = 0> <II = 1> <Delay = 0.34> <FuncUnit> <Opcode : 'select'> <InPorts = 3> <OutPorts = 1>
ST_3 : Operation 47 [1/1] (0.00ns)   --->   "%out_data_97 = bitconcatenate i16 @_ssdm_op_BitConcatenate.i16.i14.i2, i14 %tmp_3, i2 0" [firmware/nnet_utils/nnet_activation_stream.h:52]   --->   Operation 47 'bitconcatenate' 'out_data_97' <Predicate = (icmp_ln51_3)> <Delay = 0.00>
ST_3 : Operation 48 [1/1] (0.34ns)   --->   "%out_data_98 = select i1 %icmp_ln51_3, i16 %out_data_97, i16 0" [firmware/nnet_utils/nnet_activation_stream.h:51]   --->   Operation 48 'select' 'out_data_98' <Predicate = true> <Delay = 0.34> <CoreInst = "Sel">   --->   Core 73 'Sel' <Latency = 0> <II = 1> <Delay = 0.34> <FuncUnit> <Opcode : 'select'> <InPorts = 3> <OutPorts = 1>
ST_3 : Operation 49 [1/1] (0.00ns)   --->   "%shl_ln = bitconcatenate i16 @_ssdm_op_BitConcatenate.i16.i14.i2, i14 %tmp_4, i2 0" [firmware/nnet_utils/nnet_activation_stream.h:52]   --->   Operation 49 'bitconcatenate' 'shl_ln' <Predicate = (icmp_ln51_4)> <Delay = 0.00>
ST_3 : Operation 50 [1/1] (0.34ns)   --->   "%select_ln51 = select i1 %icmp_ln51_4, i16 %shl_ln, i16 0" [firmware/nnet_utils/nnet_activation_stream.h:51]   --->   Operation 50 'select' 'select_ln51' <Predicate = true> <Delay = 0.34> <CoreInst = "Sel">   --->   Core 73 'Sel' <Latency = 0> <II = 1> <Delay = 0.34> <FuncUnit> <Opcode : 'select'> <InPorts = 3> <OutPorts = 1>
ST_3 : Operation 51 [1/1] (0.00ns)   --->   "%shl_ln52_1 = bitconcatenate i16 @_ssdm_op_BitConcatenate.i16.i14.i2, i14 %tmp_5, i2 0" [firmware/nnet_utils/nnet_activation_stream.h:52]   --->   Operation 51 'bitconcatenate' 'shl_ln52_1' <Predicate = (icmp_ln51_5)> <Delay = 0.00>
ST_3 : Operation 52 [1/1] (0.34ns)   --->   "%select_ln51_1 = select i1 %icmp_ln51_5, i16 %shl_ln52_1, i16 0" [firmware/nnet_utils/nnet_activation_stream.h:51]   --->   Operation 52 'select' 'select_ln51_1' <Predicate = true> <Delay = 0.34> <CoreInst = "Sel">   --->   Core 73 'Sel' <Latency = 0> <II = 1> <Delay = 0.34> <FuncUnit> <Opcode : 'select'> <InPorts = 3> <OutPorts = 1>
ST_3 : Operation 53 [1/1] (0.00ns)   --->   "%shl_ln52_2 = bitconcatenate i16 @_ssdm_op_BitConcatenate.i16.i14.i2, i14 %tmp_6, i2 0" [firmware/nnet_utils/nnet_activation_stream.h:52]   --->   Operation 53 'bitconcatenate' 'shl_ln52_2' <Predicate = (icmp_ln51_6)> <Delay = 0.00>
ST_3 : Operation 54 [1/1] (0.34ns)   --->   "%select_ln51_2 = select i1 %icmp_ln51_6, i16 %shl_ln52_2, i16 0" [firmware/nnet_utils/nnet_activation_stream.h:51]   --->   Operation 54 'select' 'select_ln51_2' <Predicate = true> <Delay = 0.34> <CoreInst = "Sel">   --->   Core 73 'Sel' <Latency = 0> <II = 1> <Delay = 0.34> <FuncUnit> <Opcode : 'select'> <InPorts = 3> <OutPorts = 1>
ST_3 : Operation 55 [1/1] (0.00ns)   --->   "%or_ln57_s = bitconcatenate i112 @_ssdm_op_BitConcatenate.i112.i16.i16.i16.i16.i16.i16.i16, i16 %select_ln51_2, i16 %select_ln51_1, i16 %select_ln51, i16 %out_data_98, i16 %out_data_96, i16 %out_data_94, i16 %out_data_92" [firmware/nnet_utils/nnet_activation_stream.h:57]   --->   Operation 55 'bitconcatenate' 'or_ln57_s' <Predicate = true> <Delay = 0.00>
ST_3 : Operation 56 [1/1] (1.72ns)   --->   "%write_ln57 = write void @_ssdm_op_Write.ap_fifo.volatile.i112P0A, i112 %layer5_out, i112 %or_ln57_s" [firmware/nnet_utils/nnet_activation_stream.h:57]   --->   Operation 56 'write' 'write_ln57' <Predicate = true> <Delay = 1.72> <CoreInst = "FIFO">   --->   Core 78 'FIFO' <Latency = 0> <II = 1> <Delay = 1.72> <Storage> <Opcode : 'read' 'write' 'nbread' 'nbwrite'> <Ports = 0> <Width = 112> <Depth = 336> <FIFO>
ST_3 : Operation 57 [1/1] (0.00ns)   --->   "%br_ln41 = br void %ReLUPackLoop" [firmware/nnet_utils/nnet_activation_stream.h:41]   --->   Operation 57 'br' 'br_ln41' <Predicate = true> <Delay = 0.00>


============================================================
+ Verbose Summary: Binding
============================================================
STG Binding: 
---------------- STG Properties BEGIN ----------------
- Is combinational: 0
- Is one-state seq: 0
- Is datapath-only: 0
- Is pipelined: 0
- Is top level: 0
Port [ Return ] is wired: 1; IO mode=ap_ctrl_hs:ce=0
Port [ layer4_out]:  wired=1; compound=1; hidden=0; nouse=0; global=0; static=0; extern=0; dir=0; type=3; pingpong=0; private_global=0; IO mode=ap_fifo:ce=0
Port [ layer5_out]:  wired=1; compound=1; hidden=0; nouse=0; global=0; static=0; extern=0; dir=1; type=3; pingpong=0; private_global=0; IO mode=ap_fifo:ce=0
---------------- STG Properties END ------------------

---------------- Datapath Model BEGIN ----------------

<LifeTime>
<method=bitvector/>
i                      (alloca           ) [ 0100]
specinterface_ln0      (specinterface    ) [ 0000]
specinterface_ln0      (specinterface    ) [ 0000]
store_ln41             (store            ) [ 0000]
br_ln41                (br               ) [ 0000]
i_9                    (load             ) [ 0000]
icmp_ln41              (icmp             ) [ 0110]
i_10                   (add              ) [ 0000]
br_ln41                (br               ) [ 0000]
store_ln41             (store            ) [ 0000]
layer4_out_read        (read             ) [ 0000]
trunc_ln44             (trunc            ) [ 0000]
trunc_ln44_1           (partselect       ) [ 0000]
trunc_ln44_2           (partselect       ) [ 0000]
trunc_ln44_3           (partselect       ) [ 0000]
trunc_ln44_4           (partselect       ) [ 0000]
trunc_ln44_5           (partselect       ) [ 0000]
trunc_ln44_6           (partselect       ) [ 0000]
icmp_ln51              (icmp             ) [ 0101]
trunc_ln52             (trunc            ) [ 0101]
icmp_ln51_1            (icmp             ) [ 0101]
tmp_1                  (partselect       ) [ 0101]
icmp_ln51_2            (icmp             ) [ 0101]
tmp_2                  (partselect       ) [ 0101]
icmp_ln51_3            (icmp             ) [ 0101]
tmp_3                  (partselect       ) [ 0101]
icmp_ln51_4            (icmp             ) [ 0101]
tmp_4                  (partselect       ) [ 0101]
icmp_ln51_5            (icmp             ) [ 0101]
tmp_5                  (partselect       ) [ 0101]
icmp_ln51_6            (icmp             ) [ 0101]
tmp_6                  (partselect       ) [ 0101]
specpipeline_ln42      (specpipeline     ) [ 0000]
speclooptripcount_ln41 (speclooptripcount) [ 0000]
specloopname_ln41      (specloopname     ) [ 0000]
out_data               (bitconcatenate   ) [ 0000]
out_data_92            (select           ) [ 0000]
out_data_93            (bitconcatenate   ) [ 0000]
out_data_94            (select           ) [ 0000]
out_data_95            (bitconcatenate   ) [ 0000]
out_data_96            (select           ) [ 0000]
out_data_97            (bitconcatenate   ) [ 0000]
out_data_98            (select           ) [ 0000]
shl_ln                 (bitconcatenate   ) [ 0000]
select_ln51            (select           ) [ 0000]
shl_ln52_1             (bitconcatenate   ) [ 0000]
select_ln51_1          (select           ) [ 0000]
shl_ln52_2             (bitconcatenate   ) [ 0000]
select_ln51_2          (select           ) [ 0000]
or_ln57_s              (bitconcatenate   ) [ 0000]
write_ln57             (write            ) [ 0000]
br_ln41                (br               ) [ 0000]
ret_ln59               (ret              ) [ 0000]
</LifeTime>

<model>

<comp_list>
<comp id="0" class="1000" name="layer4_out">
<pin_list>
<pin id="1" dir="1" index="0" bw="1" slack="0"/>
</pin_list>
<bind>
<StgValue><ssdm name="layer4_out"/></StgValue>
</bind>
</comp>

<comp id="2" class="1000" name="layer5_out">
<pin_list>
<pin id="3" dir="1" index="0" bw="1" slack="0"/>
</pin_list>
<bind>
<StgValue><ssdm name="layer5_out"/></StgValue>
</bind>
</comp>

<comp id="4" class="1001" name="const_4">
<pin_list>
<pin id="5" dir="1" index="0" bw="1" slack="0"/>
</pin_list>
<bind>
<StgValue><ssdm name=""/></StgValue>
</bind>
</comp>

<comp id="6" class="1001" name="const_6">
<pin_list>
<pin id="7" dir="1" index="0" bw="1" slack="2147483647"/>
</pin_list>
<bind>
<StgValue><ssdm name="_ssdm_op_SpecInterface"/></StgValue>
</bind>
</comp>

<comp id="8" class="1001" name="const_8">
<pin_list>
<pin id="9" dir="1" index="0" bw="1" slack="2147483647"/>
</pin_list>
<bind>
<StgValue><ssdm name="empty_9"/></StgValue>
</bind>
</comp>

<comp id="10" class="1001" name="const_10">
<pin_list>
<pin id="11" dir="1" index="0" bw="1" slack="2147483647"/>
</pin_list>
<bind>
<StgValue><ssdm name=""/></StgValue>
</bind>
</comp>

<comp id="12" class="1001" name="const_12">
<pin_list>
<pin id="13" dir="1" index="0" bw="1" slack="2147483647"/>
</pin_list>
<bind>
<StgValue><ssdm name="empty_10"/></StgValue>
</bind>
</comp>

<comp id="14" class="1001" name="const_14">
<pin_list>
<pin id="15" dir="1" index="0" bw="1" slack="2147483647"/>
</pin_list>
<bind>
<StgValue><ssdm name=""/></StgValue>
</bind>
</comp>

<comp id="16" class="1001" name="const_16">
<pin_list>
<pin id="17" dir="1" index="0" bw="1" slack="0"/>
</pin_list>
<bind>
<StgValue><ssdm name=""/></StgValue>
</bind>
</comp>

<comp id="18" class="1001" name="const_18">
<pin_list>
<pin id="19" dir="1" index="0" bw="1" slack="0"/>
</pin_list>
<bind>
<StgValue><ssdm name=""/></StgValue>
</bind>
</comp>

<comp id="20" class="1001" name="const_20">
<pin_list>
<pin id="21" dir="1" index="0" bw="1" slack="0"/>
</pin_list>
<bind>
<StgValue><ssdm name=""/></StgValue>
</bind>
</comp>

<comp id="22" class="1001" name="const_22">
<pin_list>
<pin id="23" dir="1" index="0" bw="1" slack="0"/>
</pin_list>
<bind>
<StgValue><ssdm name="_ssdm_op_Read.ap_fifo.volatile.i119P0A"/></StgValue>
</bind>
</comp>

<comp id="24" class="1001" name="const_24">
<pin_list>
<pin id="25" dir="1" index="0" bw="1" slack="0"/>
</pin_list>
<bind>
<StgValue><ssdm name="_ssdm_op_PartSelect.i17.i119.i32.i32"/></StgValue>
</bind>
</comp>

<comp id="26" class="1001" name="const_26">
<pin_list>
<pin id="27" dir="1" index="0" bw="1" slack="0"/>
</pin_list>
<bind>
<StgValue><ssdm name=""/></StgValue>
</bind>
</comp>

<comp id="28" class="1001" name="const_28">
<pin_list>
<pin id="29" dir="1" index="0" bw="1" slack="0"/>
</pin_list>
<bind>
<StgValue><ssdm name=""/></StgValue>
</bind>
</comp>

<comp id="30" class="1001" name="const_30">
<pin_list>
<pin id="31" dir="1" index="0" bw="1" slack="0"/>
</pin_list>
<bind>
<StgValue><ssdm name=""/></StgValue>
</bind>
</comp>

<comp id="32" class="1001" name="const_32">
<pin_list>
<pin id="33" dir="1" index="0" bw="1" slack="0"/>
</pin_list>
<bind>
<StgValue><ssdm name=""/></StgValue>
</bind>
</comp>

<comp id="34" class="1001" name="const_34">
<pin_list>
<pin id="35" dir="1" index="0" bw="1" slack="0"/>
</pin_list>
<bind>
<StgValue><ssdm name=""/></StgValue>
</bind>
</comp>

<comp id="36" class="1001" name="const_36">
<pin_list>
<pin id="37" dir="1" index="0" bw="1" slack="0"/>
</pin_list>
<bind>
<StgValue><ssdm name=""/></StgValue>
</bind>
</comp>

<comp id="38" class="1001" name="const_38">
<pin_list>
<pin id="39" dir="1" index="0" bw="1" slack="0"/>
</pin_list>
<bind>
<StgValue><ssdm name=""/></StgValue>
</bind>
</comp>

<comp id="40" class="1001" name="const_40">
<pin_list>
<pin id="41" dir="1" index="0" bw="1" slack="0"/>
</pin_list>
<bind>
<StgValue><ssdm name=""/></StgValue>
</bind>
</comp>

<comp id="42" class="1001" name="const_42">
<pin_list>
<pin id="43" dir="1" index="0" bw="1" slack="0"/>
</pin_list>
<bind>
<StgValue><ssdm name=""/></StgValue>
</bind>
</comp>

<comp id="44" class="1001" name="const_44">
<pin_list>
<pin id="45" dir="1" index="0" bw="1" slack="0"/>
</pin_list>
<bind>
<StgValue><ssdm name=""/></StgValue>
</bind>
</comp>

<comp id="46" class="1001" name="const_46">
<pin_list>
<pin id="47" dir="1" index="0" bw="1" slack="0"/>
</pin_list>
<bind>
<StgValue><ssdm name=""/></StgValue>
</bind>
</comp>

<comp id="48" class="1001" name="const_48">
<pin_list>
<pin id="49" dir="1" index="0" bw="1" slack="0"/>
</pin_list>
<bind>
<StgValue><ssdm name=""/></StgValue>
</bind>
</comp>

<comp id="50" class="1001" name="const_50">
<pin_list>
<pin id="51" dir="1" index="0" bw="1" slack="0"/>
</pin_list>
<bind>
<StgValue><ssdm name=""/></StgValue>
</bind>
</comp>

<comp id="52" class="1001" name="const_52">
<pin_list>
<pin id="53" dir="1" index="0" bw="1" slack="0"/>
</pin_list>
<bind>
<StgValue><ssdm name="_ssdm_op_PartSelect.i14.i119.i32.i32"/></StgValue>
</bind>
</comp>

<comp id="54" class="1001" name="const_54">
<pin_list>
<pin id="55" dir="1" index="0" bw="1" slack="0"/>
</pin_list>
<bind>
<StgValue><ssdm name=""/></StgValue>
</bind>
</comp>

<comp id="56" class="1001" name="const_56">
<pin_list>
<pin id="57" dir="1" index="0" bw="1" slack="0"/>
</pin_list>
<bind>
<StgValue><ssdm name=""/></StgValue>
</bind>
</comp>

<comp id="58" class="1001" name="const_58">
<pin_list>
<pin id="59" dir="1" index="0" bw="1" slack="0"/>
</pin_list>
<bind>
<StgValue><ssdm name=""/></StgValue>
</bind>
</comp>

<comp id="60" class="1001" name="const_60">
<pin_list>
<pin id="61" dir="1" index="0" bw="1" slack="0"/>
</pin_list>
<bind>
<StgValue><ssdm name=""/></StgValue>
</bind>
</comp>

<comp id="62" class="1001" name="const_62">
<pin_list>
<pin id="63" dir="1" index="0" bw="1" slack="0"/>
</pin_list>
<bind>
<StgValue><ssdm name=""/></StgValue>
</bind>
</comp>

<comp id="64" class="1001" name="const_64">
<pin_list>
<pin id="65" dir="1" index="0" bw="1" slack="0"/>
</pin_list>
<bind>
<StgValue><ssdm name=""/></StgValue>
</bind>
</comp>

<comp id="66" class="1001" name="const_66">
<pin_list>
<pin id="67" dir="1" index="0" bw="1" slack="2147483647"/>
</pin_list>
<bind>
<StgValue><ssdm name="_ssdm_op_SpecPipeline"/></StgValue>
</bind>
</comp>

<comp id="68" class="1001" name="const_68">
<pin_list>
<pin id="69" dir="1" index="0" bw="1" slack="2147483647"/>
</pin_list>
<bind>
<StgValue><ssdm name="_ssdm_op_SpecLoopTripCount"/></StgValue>
</bind>
</comp>

<comp id="70" class="1001" name="const_70">
<pin_list>
<pin id="71" dir="1" index="0" bw="1" slack="2147483647"/>
</pin_list>
<bind>
<StgValue><ssdm name=""/></StgValue>
</bind>
</comp>

<comp id="72" class="1001" name="const_72">
<pin_list>
<pin id="73" dir="1" index="0" bw="1" slack="2147483647"/>
</pin_list>
<bind>
<StgValue><ssdm name="_ssdm_op_SpecLoopName"/></StgValue>
</bind>
</comp>

<comp id="74" class="1001" name="const_74">
<pin_list>
<pin id="75" dir="1" index="0" bw="1" slack="2147483647"/>
</pin_list>
<bind>
<StgValue><ssdm name="empty_4"/></StgValue>
</bind>
</comp>

<comp id="76" class="1001" name="const_76">
<pin_list>
<pin id="77" dir="1" index="0" bw="1" slack="0"/>
</pin_list>
<bind>
<StgValue><ssdm name="_ssdm_op_BitConcatenate.i16.i14.i2"/></StgValue>
</bind>
</comp>

<comp id="78" class="1001" name="const_78">
<pin_list>
<pin id="79" dir="1" index="0" bw="1" slack="0"/>
</pin_list>
<bind>
<StgValue><ssdm name=""/></StgValue>
</bind>
</comp>

<comp id="80" class="1001" name="const_80">
<pin_list>
<pin id="81" dir="1" index="0" bw="1" slack="0"/>
</pin_list>
<bind>
<StgValue><ssdm name=""/></StgValue>
</bind>
</comp>

<comp id="82" class="1001" name="const_82">
<pin_list>
<pin id="83" dir="1" index="0" bw="1" slack="0"/>
</pin_list>
<bind>
<StgValue><ssdm name="_ssdm_op_BitConcatenate.i112.i16.i16.i16.i16.i16.i16.i16"/></StgValue>
</bind>
</comp>

<comp id="84" class="1001" name="const_84">
<pin_list>
<pin id="85" dir="1" index="0" bw="1" slack="0"/>
</pin_list>
<bind>
<StgValue><ssdm name="_ssdm_op_Write.ap_fifo.volatile.i112P0A"/></StgValue>
</bind>
</comp>

<comp id="86" class="1004" name="i_fu_86">
<pin_list>
<pin id="87" dir="0" index="0" bw="1" slack="0"/>
<pin id="88" dir="1" index="1" bw="9" slack="0"/>
</pin_list>
<bind>
<opcode="alloca(26) " fcode="alloca"/>
<opset="i/1 "/>
</bind>
</comp>

<comp id="90" class="1004" name="layer4_out_read_read_fu_90">
<pin_list>
<pin id="91" dir="0" index="0" bw="119" slack="0"/>
<pin id="92" dir="0" index="1" bw="119" slack="0"/>
<pin id="93" dir="1" index="2" bw="119" slack="0"/>
</pin_list>
<bind>
<opcode="read(1150) " fcode="read"/>
<opset="layer4_out_read/2 "/>
</bind>
</comp>

<comp id="96" class="1004" name="write_ln57_write_fu_96">
<pin_list>
<pin id="97" dir="0" index="0" bw="0" slack="0"/>
<pin id="98" dir="0" index="1" bw="112" slack="0"/>
<pin id="99" dir="0" index="2" bw="112" slack="0"/>
<pin id="100" dir="1" index="3" bw="0" slack="2147483647"/>
</pin_list>
<bind>
<opcode="write(1151) " fcode="write"/>
<opset="write_ln57/3 "/>
</bind>
</comp>

<comp id="103" class="1004" name="store_ln41_store_fu_103">
<pin_list>
<pin id="104" dir="0" index="0" bw="1" slack="0"/>
<pin id="105" dir="0" index="1" bw="9" slack="0"/>
<pin id="106" dir="1" index="2" bw="0" slack="2147483647"/>
</pin_list>
<bind>
<opcode="store(28) " fcode="store"/>
<opset="store_ln41/1 "/>
</bind>
</comp>

<comp id="108" class="1004" name="i_9_load_fu_108">
<pin_list>
<pin id="109" dir="0" index="0" bw="9" slack="0"/>
<pin id="110" dir="1" index="1" bw="9" slack="0"/>
</pin_list>
<bind>
<opcode="load(27) " fcode="load"/>
<opset="i_9/1 "/>
</bind>
</comp>

<comp id="111" class="1004" name="icmp_ln41_fu_111">
<pin_list>
<pin id="112" dir="0" index="0" bw="9" slack="0"/>
<pin id="113" dir="0" index="1" bw="9" slack="0"/>
<pin id="114" dir="1" index="2" bw="1" slack="1"/>
</pin_list>
<bind>
<opcode="icmp(45) " fcode="icmp"/>
<opset="icmp_ln41/1 "/>
</bind>
</comp>

<comp id="117" class="1004" name="i_10_fu_117">
<pin_list>
<pin id="118" dir="0" index="0" bw="9" slack="0"/>
<pin id="119" dir="0" index="1" bw="1" slack="0"/>
<pin id="120" dir="1" index="2" bw="9" slack="0"/>
</pin_list>
<bind>
<opcode="add(8) " fcode="add"/>
<opset="i_10/1 "/>
</bind>
</comp>

<comp id="123" class="1004" name="store_ln41_store_fu_123">
<pin_list>
<pin id="124" dir="0" index="0" bw="9" slack="0"/>
<pin id="125" dir="0" index="1" bw="9" slack="0"/>
<pin id="126" dir="1" index="2" bw="0" slack="2147483647"/>
</pin_list>
<bind>
<opcode="store(28) " fcode="store"/>
<opset="store_ln41/1 "/>
</bind>
</comp>

<comp id="128" class="1004" name="trunc_ln44_fu_128">
<pin_list>
<pin id="129" dir="0" index="0" bw="119" slack="0"/>
<pin id="130" dir="1" index="1" bw="17" slack="0"/>
</pin_list>
<bind>
<opcode="trunc(33) " fcode="trunc"/>
<opset="trunc_ln44/2 "/>
</bind>
</comp>

<comp id="132" class="1004" name="trunc_ln44_1_fu_132">
<pin_list>
<pin id="133" dir="0" index="0" bw="17" slack="0"/>
<pin id="134" dir="0" index="1" bw="119" slack="0"/>
<pin id="135" dir="0" index="2" bw="6" slack="0"/>
<pin id="136" dir="0" index="3" bw="7" slack="0"/>
<pin id="137" dir="1" index="4" bw="17" slack="0"/>
</pin_list>
<bind>
<opcode="partselect(1002) " fcode="partselect"/>
<opset="trunc_ln44_1/2 "/>
</bind>
</comp>

<comp id="142" class="1004" name="trunc_ln44_2_fu_142">
<pin_list>
<pin id="143" dir="0" index="0" bw="17" slack="0"/>
<pin id="144" dir="0" index="1" bw="119" slack="0"/>
<pin id="145" dir="0" index="2" bw="7" slack="0"/>
<pin id="146" dir="0" index="3" bw="7" slack="0"/>
<pin id="147" dir="1" index="4" bw="17" slack="0"/>
</pin_list>
<bind>
<opcode="partselect(1002) " fcode="partselect"/>
<opset="trunc_ln44_2/2 "/>
</bind>
</comp>

<comp id="152" class="1004" name="trunc_ln44_3_fu_152">
<pin_list>
<pin id="153" dir="0" index="0" bw="17" slack="0"/>
<pin id="154" dir="0" index="1" bw="119" slack="0"/>
<pin id="155" dir="0" index="2" bw="7" slack="0"/>
<pin id="156" dir="0" index="3" bw="8" slack="0"/>
<pin id="157" dir="1" index="4" bw="17" slack="0"/>
</pin_list>
<bind>
<opcode="partselect(1002) " fcode="partselect"/>
<opset="trunc_ln44_3/2 "/>
</bind>
</comp>

<comp id="162" class="1004" name="trunc_ln44_4_fu_162">
<pin_list>
<pin id="163" dir="0" index="0" bw="17" slack="0"/>
<pin id="164" dir="0" index="1" bw="119" slack="0"/>
<pin id="165" dir="0" index="2" bw="8" slack="0"/>
<pin id="166" dir="0" index="3" bw="8" slack="0"/>
<pin id="167" dir="1" index="4" bw="17" slack="0"/>
</pin_list>
<bind>
<opcode="partselect(1002) " fcode="partselect"/>
<opset="trunc_ln44_4/2 "/>
</bind>
</comp>

<comp id="172" class="1004" name="trunc_ln44_5_fu_172">
<pin_list>
<pin id="173" dir="0" index="0" bw="17" slack="0"/>
<pin id="174" dir="0" index="1" bw="119" slack="0"/>
<pin id="175" dir="0" index="2" bw="8" slack="0"/>
<pin id="176" dir="0" index="3" bw="8" slack="0"/>
<pin id="177" dir="1" index="4" bw="17" slack="0"/>
</pin_list>
<bind>
<opcode="partselect(1002) " fcode="partselect"/>
<opset="trunc_ln44_5/2 "/>
</bind>
</comp>

<comp id="182" class="1004" name="trunc_ln44_6_fu_182">
<pin_list>
<pin id="183" dir="0" index="0" bw="17" slack="0"/>
<pin id="184" dir="0" index="1" bw="119" slack="0"/>
<pin id="185" dir="0" index="2" bw="8" slack="0"/>
<pin id="186" dir="0" index="3" bw="8" slack="0"/>
<pin id="187" dir="1" index="4" bw="17" slack="0"/>
</pin_list>
<bind>
<opcode="partselect(1002) " fcode="partselect"/>
<opset="trunc_ln44_6/2 "/>
</bind>
</comp>

<comp id="192" class="1004" name="icmp_ln51_fu_192">
<pin_list>
<pin id="193" dir="0" index="0" bw="17" slack="0"/>
<pin id="194" dir="0" index="1" bw="1" slack="0"/>
<pin id="195" dir="1" index="2" bw="1" slack="1"/>
</pin_list>
<bind>
<opcode="icmp(45) " fcode="icmp"/>
<opset="icmp_ln51/2 "/>
</bind>
</comp>

<comp id="198" class="1004" name="trunc_ln52_fu_198">
<pin_list>
<pin id="199" dir="0" index="0" bw="119" slack="0"/>
<pin id="200" dir="1" index="1" bw="14" slack="1"/>
</pin_list>
<bind>
<opcode="trunc(33) " fcode="trunc"/>
<opset="trunc_ln52/2 "/>
</bind>
</comp>

<comp id="202" class="1004" name="icmp_ln51_1_fu_202">
<pin_list>
<pin id="203" dir="0" index="0" bw="17" slack="0"/>
<pin id="204" dir="0" index="1" bw="1" slack="0"/>
<pin id="205" dir="1" index="2" bw="1" slack="1"/>
</pin_list>
<bind>
<opcode="icmp(45) " fcode="icmp"/>
<opset="icmp_ln51_1/2 "/>
</bind>
</comp>

<comp id="208" class="1004" name="tmp_1_fu_208">
<pin_list>
<pin id="209" dir="0" index="0" bw="14" slack="0"/>
<pin id="210" dir="0" index="1" bw="119" slack="0"/>
<pin id="211" dir="0" index="2" bw="6" slack="0"/>
<pin id="212" dir="0" index="3" bw="6" slack="0"/>
<pin id="213" dir="1" index="4" bw="14" slack="1"/>
</pin_list>
<bind>
<opcode="partselect(1002) " fcode="partselect"/>
<opset="tmp_1/2 "/>
</bind>
</comp>

<comp id="218" class="1004" name="icmp_ln51_2_fu_218">
<pin_list>
<pin id="219" dir="0" index="0" bw="17" slack="0"/>
<pin id="220" dir="0" index="1" bw="1" slack="0"/>
<pin id="221" dir="1" index="2" bw="1" slack="1"/>
</pin_list>
<bind>
<opcode="icmp(45) " fcode="icmp"/>
<opset="icmp_ln51_2/2 "/>
</bind>
</comp>

<comp id="224" class="1004" name="tmp_2_fu_224">
<pin_list>
<pin id="225" dir="0" index="0" bw="14" slack="0"/>
<pin id="226" dir="0" index="1" bw="119" slack="0"/>
<pin id="227" dir="0" index="2" bw="7" slack="0"/>
<pin id="228" dir="0" index="3" bw="7" slack="0"/>
<pin id="229" dir="1" index="4" bw="14" slack="1"/>
</pin_list>
<bind>
<opcode="partselect(1002) " fcode="partselect"/>
<opset="tmp_2/2 "/>
</bind>
</comp>

<comp id="234" class="1004" name="icmp_ln51_3_fu_234">
<pin_list>
<pin id="235" dir="0" index="0" bw="17" slack="0"/>
<pin id="236" dir="0" index="1" bw="1" slack="0"/>
<pin id="237" dir="1" index="2" bw="1" slack="1"/>
</pin_list>
<bind>
<opcode="icmp(45) " fcode="icmp"/>
<opset="icmp_ln51_3/2 "/>
</bind>
</comp>

<comp id="240" class="1004" name="tmp_3_fu_240">
<pin_list>
<pin id="241" dir="0" index="0" bw="14" slack="0"/>
<pin id="242" dir="0" index="1" bw="119" slack="0"/>
<pin id="243" dir="0" index="2" bw="7" slack="0"/>
<pin id="244" dir="0" index="3" bw="8" slack="0"/>
<pin id="245" dir="1" index="4" bw="14" slack="1"/>
</pin_list>
<bind>
<opcode="partselect(1002) " fcode="partselect"/>
<opset="tmp_3/2 "/>
</bind>
</comp>

<comp id="250" class="1004" name="icmp_ln51_4_fu_250">
<pin_list>
<pin id="251" dir="0" index="0" bw="17" slack="0"/>
<pin id="252" dir="0" index="1" bw="1" slack="0"/>
<pin id="253" dir="1" index="2" bw="1" slack="1"/>
</pin_list>
<bind>
<opcode="icmp(45) " fcode="icmp"/>
<opset="icmp_ln51_4/2 "/>
</bind>
</comp>

<comp id="256" class="1004" name="tmp_4_fu_256">
<pin_list>
<pin id="257" dir="0" index="0" bw="14" slack="0"/>
<pin id="258" dir="0" index="1" bw="119" slack="0"/>
<pin id="259" dir="0" index="2" bw="8" slack="0"/>
<pin id="260" dir="0" index="3" bw="8" slack="0"/>
<pin id="261" dir="1" index="4" bw="14" slack="1"/>
</pin_list>
<bind>
<opcode="partselect(1002) " fcode="partselect"/>
<opset="tmp_4/2 "/>
</bind>
</comp>

<comp id="266" class="1004" name="icmp_ln51_5_fu_266">
<pin_list>
<pin id="267" dir="0" index="0" bw="17" slack="0"/>
<pin id="268" dir="0" index="1" bw="1" slack="0"/>
<pin id="269" dir="1" index="2" bw="1" slack="1"/>
</pin_list>
<bind>
<opcode="icmp(45) " fcode="icmp"/>
<opset="icmp_ln51_5/2 "/>
</bind>
</comp>

<comp id="272" class="1004" name="tmp_5_fu_272">
<pin_list>
<pin id="273" dir="0" index="0" bw="14" slack="0"/>
<pin id="274" dir="0" index="1" bw="119" slack="0"/>
<pin id="275" dir="0" index="2" bw="8" slack="0"/>
<pin id="276" dir="0" index="3" bw="8" slack="0"/>
<pin id="277" dir="1" index="4" bw="14" slack="1"/>
</pin_list>
<bind>
<opcode="partselect(1002) " fcode="partselect"/>
<opset="tmp_5/2 "/>
</bind>
</comp>

<comp id="282" class="1004" name="icmp_ln51_6_fu_282">
<pin_list>
<pin id="283" dir="0" index="0" bw="17" slack="0"/>
<pin id="284" dir="0" index="1" bw="1" slack="0"/>
<pin id="285" dir="1" index="2" bw="1" slack="1"/>
</pin_list>
<bind>
<opcode="icmp(45) " fcode="icmp"/>
<opset="icmp_ln51_6/2 "/>
</bind>
</comp>

<comp id="288" class="1004" name="tmp_6_fu_288">
<pin_list>
<pin id="289" dir="0" index="0" bw="14" slack="0"/>
<pin id="290" dir="0" index="1" bw="119" slack="0"/>
<pin id="291" dir="0" index="2" bw="8" slack="0"/>
<pin id="292" dir="0" index="3" bw="8" slack="0"/>
<pin id="293" dir="1" index="4" bw="14" slack="1"/>
</pin_list>
<bind>
<opcode="partselect(1002) " fcode="partselect"/>
<opset="tmp_6/2 "/>
</bind>
</comp>

<comp id="298" class="1004" name="out_data_fu_298">
<pin_list>
<pin id="299" dir="0" index="0" bw="16" slack="0"/>
<pin id="300" dir="0" index="1" bw="14" slack="1"/>
<pin id="301" dir="0" index="2" bw="1" slack="0"/>
<pin id="302" dir="1" index="3" bw="16" slack="0"/>
</pin_list>
<bind>
<opcode="bitconcatenate(1004) " fcode="bitconcatenate"/>
<opset="out_data/3 "/>
</bind>
</comp>

<comp id="305" class="1004" name="out_data_92_fu_305">
<pin_list>
<pin id="306" dir="0" index="0" bw="1" slack="1"/>
<pin id="307" dir="0" index="1" bw="16" slack="0"/>
<pin id="308" dir="0" index="2" bw="1" slack="0"/>
<pin id="309" dir="1" index="3" bw="16" slack="0"/>
</pin_list>
<bind>
<opcode="select(49) " fcode="select"/>
<opset="out_data_92/3 "/>
</bind>
</comp>

<comp id="312" class="1004" name="out_data_93_fu_312">
<pin_list>
<pin id="313" dir="0" index="0" bw="16" slack="0"/>
<pin id="314" dir="0" index="1" bw="14" slack="1"/>
<pin id="315" dir="0" index="2" bw="1" slack="0"/>
<pin id="316" dir="1" index="3" bw="16" slack="0"/>
</pin_list>
<bind>
<opcode="bitconcatenate(1004) " fcode="bitconcatenate"/>
<opset="out_data_93/3 "/>
</bind>
</comp>

<comp id="319" class="1004" name="out_data_94_fu_319">
<pin_list>
<pin id="320" dir="0" index="0" bw="1" slack="1"/>
<pin id="321" dir="0" index="1" bw="16" slack="0"/>
<pin id="322" dir="0" index="2" bw="1" slack="0"/>
<pin id="323" dir="1" index="3" bw="16" slack="0"/>
</pin_list>
<bind>
<opcode="select(49) " fcode="select"/>
<opset="out_data_94/3 "/>
</bind>
</comp>

<comp id="326" class="1004" name="out_data_95_fu_326">
<pin_list>
<pin id="327" dir="0" index="0" bw="16" slack="0"/>
<pin id="328" dir="0" index="1" bw="14" slack="1"/>
<pin id="329" dir="0" index="2" bw="1" slack="0"/>
<pin id="330" dir="1" index="3" bw="16" slack="0"/>
</pin_list>
<bind>
<opcode="bitconcatenate(1004) " fcode="bitconcatenate"/>
<opset="out_data_95/3 "/>
</bind>
</comp>

<comp id="333" class="1004" name="out_data_96_fu_333">
<pin_list>
<pin id="334" dir="0" index="0" bw="1" slack="1"/>
<pin id="335" dir="0" index="1" bw="16" slack="0"/>
<pin id="336" dir="0" index="2" bw="1" slack="0"/>
<pin id="337" dir="1" index="3" bw="16" slack="0"/>
</pin_list>
<bind>
<opcode="select(49) " fcode="select"/>
<opset="out_data_96/3 "/>
</bind>
</comp>

<comp id="340" class="1004" name="out_data_97_fu_340">
<pin_list>
<pin id="341" dir="0" index="0" bw="16" slack="0"/>
<pin id="342" dir="0" index="1" bw="14" slack="1"/>
<pin id="343" dir="0" index="2" bw="1" slack="0"/>
<pin id="344" dir="1" index="3" bw="16" slack="0"/>
</pin_list>
<bind>
<opcode="bitconcatenate(1004) " fcode="bitconcatenate"/>
<opset="out_data_97/3 "/>
</bind>
</comp>

<comp id="347" class="1004" name="out_data_98_fu_347">
<pin_list>
<pin id="348" dir="0" index="0" bw="1" slack="1"/>
<pin id="349" dir="0" index="1" bw="16" slack="0"/>
<pin id="350" dir="0" index="2" bw="1" slack="0"/>
<pin id="351" dir="1" index="3" bw="16" slack="0"/>
</pin_list>
<bind>
<opcode="select(49) " fcode="select"/>
<opset="out_data_98/3 "/>
</bind>
</comp>

<comp id="354" class="1004" name="shl_ln_fu_354">
<pin_list>
<pin id="355" dir="0" index="0" bw="16" slack="0"/>
<pin id="356" dir="0" index="1" bw="14" slack="1"/>
<pin id="357" dir="0" index="2" bw="1" slack="0"/>
<pin id="358" dir="1" index="3" bw="16" slack="0"/>
</pin_list>
<bind>
<opcode="bitconcatenate(1004) " fcode="bitconcatenate"/>
<opset="shl_ln/3 "/>
</bind>
</comp>

<comp id="361" class="1004" name="select_ln51_fu_361">
<pin_list>
<pin id="362" dir="0" index="0" bw="1" slack="1"/>
<pin id="363" dir="0" index="1" bw="16" slack="0"/>
<pin id="364" dir="0" index="2" bw="1" slack="0"/>
<pin id="365" dir="1" index="3" bw="16" slack="0"/>
</pin_list>
<bind>
<opcode="select(49) " fcode="select"/>
<opset="select_ln51/3 "/>
</bind>
</comp>

<comp id="368" class="1004" name="shl_ln52_1_fu_368">
<pin_list>
<pin id="369" dir="0" index="0" bw="16" slack="0"/>
<pin id="370" dir="0" index="1" bw="14" slack="1"/>
<pin id="371" dir="0" index="2" bw="1" slack="0"/>
<pin id="372" dir="1" index="3" bw="16" slack="0"/>
</pin_list>
<bind>
<opcode="bitconcatenate(1004) " fcode="bitconcatenate"/>
<opset="shl_ln52_1/3 "/>
</bind>
</comp>

<comp id="375" class="1004" name="select_ln51_1_fu_375">
<pin_list>
<pin id="376" dir="0" index="0" bw="1" slack="1"/>
<pin id="377" dir="0" index="1" bw="16" slack="0"/>
<pin id="378" dir="0" index="2" bw="1" slack="0"/>
<pin id="379" dir="1" index="3" bw="16" slack="0"/>
</pin_list>
<bind>
<opcode="select(49) " fcode="select"/>
<opset="select_ln51_1/3 "/>
</bind>
</comp>

<comp id="382" class="1004" name="shl_ln52_2_fu_382">
<pin_list>
<pin id="383" dir="0" index="0" bw="16" slack="0"/>
<pin id="384" dir="0" index="1" bw="14" slack="1"/>
<pin id="385" dir="0" index="2" bw="1" slack="0"/>
<pin id="386" dir="1" index="3" bw="16" slack="0"/>
</pin_list>
<bind>
<opcode="bitconcatenate(1004) " fcode="bitconcatenate"/>
<opset="shl_ln52_2/3 "/>
</bind>
</comp>

<comp id="389" class="1004" name="select_ln51_2_fu_389">
<pin_list>
<pin id="390" dir="0" index="0" bw="1" slack="1"/>
<pin id="391" dir="0" index="1" bw="16" slack="0"/>
<pin id="392" dir="0" index="2" bw="1" slack="0"/>
<pin id="393" dir="1" index="3" bw="16" slack="0"/>
</pin_list>
<bind>
<opcode="select(49) " fcode="select"/>
<opset="select_ln51_2/3 "/>
</bind>
</comp>

<comp id="396" class="1004" name="or_ln57_s_fu_396">
<pin_list>
<pin id="397" dir="0" index="0" bw="112" slack="0"/>
<pin id="398" dir="0" index="1" bw="16" slack="0"/>
<pin id="399" dir="0" index="2" bw="16" slack="0"/>
<pin id="400" dir="0" index="3" bw="16" slack="0"/>
<pin id="401" dir="0" index="4" bw="16" slack="0"/>
<pin id="402" dir="0" index="5" bw="16" slack="0"/>
<pin id="403" dir="0" index="6" bw="16" slack="0"/>
<pin id="404" dir="0" index="7" bw="16" slack="0"/>
<pin id="405" dir="1" index="8" bw="112" slack="0"/>
</pin_list>
<bind>
<opcode="bitconcatenate(1004) " fcode="bitconcatenate"/>
<opset="or_ln57_s/3 "/>
</bind>
</comp>

<comp id="415" class="1005" name="i_reg_415">
<pin_list>
<pin id="416" dir="0" index="0" bw="9" slack="0"/>
<pin id="417" dir="1" index="1" bw="9" slack="0"/>
</pin_list>
<bind>
<opset="i "/>
</bind>
</comp>

<comp id="422" class="1005" name="icmp_ln41_reg_422">
<pin_list>
<pin id="423" dir="0" index="0" bw="1" slack="1"/>
<pin id="424" dir="1" index="1" bw="1" slack="2147483647"/>
</pin_list>
<bind>
<opset="icmp_ln41 "/>
</bind>
</comp>

<comp id="426" class="1005" name="icmp_ln51_reg_426">
<pin_list>
<pin id="427" dir="0" index="0" bw="1" slack="1"/>
<pin id="428" dir="1" index="1" bw="1" slack="1"/>
</pin_list>
<bind>
<opset="icmp_ln51 "/>
</bind>
</comp>

<comp id="431" class="1005" name="trunc_ln52_reg_431">
<pin_list>
<pin id="432" dir="0" index="0" bw="14" slack="1"/>
<pin id="433" dir="1" index="1" bw="14" slack="1"/>
</pin_list>
<bind>
<opset="trunc_ln52 "/>
</bind>
</comp>

<comp id="436" class="1005" name="icmp_ln51_1_reg_436">
<pin_list>
<pin id="437" dir="0" index="0" bw="1" slack="1"/>
<pin id="438" dir="1" index="1" bw="1" slack="1"/>
</pin_list>
<bind>
<opset="icmp_ln51_1 "/>
</bind>
</comp>

<comp id="441" class="1005" name="tmp_1_reg_441">
<pin_list>
<pin id="442" dir="0" index="0" bw="14" slack="1"/>
<pin id="443" dir="1" index="1" bw="14" slack="1"/>
</pin_list>
<bind>
<opset="tmp_1 "/>
</bind>
</comp>

<comp id="446" class="1005" name="icmp_ln51_2_reg_446">
<pin_list>
<pin id="447" dir="0" index="0" bw="1" slack="1"/>
<pin id="448" dir="1" index="1" bw="1" slack="1"/>
</pin_list>
<bind>
<opset="icmp_ln51_2 "/>
</bind>
</comp>

<comp id="451" class="1005" name="tmp_2_reg_451">
<pin_list>
<pin id="452" dir="0" index="0" bw="14" slack="1"/>
<pin id="453" dir="1" index="1" bw="14" slack="1"/>
</pin_list>
<bind>
<opset="tmp_2 "/>
</bind>
</comp>

<comp id="456" class="1005" name="icmp_ln51_3_reg_456">
<pin_list>
<pin id="457" dir="0" index="0" bw="1" slack="1"/>
<pin id="458" dir="1" index="1" bw="1" slack="1"/>
</pin_list>
<bind>
<opset="icmp_ln51_3 "/>
</bind>
</comp>

<comp id="461" class="1005" name="tmp_3_reg_461">
<pin_list>
<pin id="462" dir="0" index="0" bw="14" slack="1"/>
<pin id="463" dir="1" index="1" bw="14" slack="1"/>
</pin_list>
<bind>
<opset="tmp_3 "/>
</bind>
</comp>

<comp id="466" class="1005" name="icmp_ln51_4_reg_466">
<pin_list>
<pin id="467" dir="0" index="0" bw="1" slack="1"/>
<pin id="468" dir="1" index="1" bw="1" slack="1"/>
</pin_list>
<bind>
<opset="icmp_ln51_4 "/>
</bind>
</comp>

<comp id="471" class="1005" name="tmp_4_reg_471">
<pin_list>
<pin id="472" dir="0" index="0" bw="14" slack="1"/>
<pin id="473" dir="1" index="1" bw="14" slack="1"/>
</pin_list>
<bind>
<opset="tmp_4 "/>
</bind>
</comp>

<comp id="476" class="1005" name="icmp_ln51_5_reg_476">
<pin_list>
<pin id="477" dir="0" index="0" bw="1" slack="1"/>
<pin id="478" dir="1" index="1" bw="1" slack="1"/>
</pin_list>
<bind>
<opset="icmp_ln51_5 "/>
</bind>
</comp>

<comp id="481" class="1005" name="tmp_5_reg_481">
<pin_list>
<pin id="482" dir="0" index="0" bw="14" slack="1"/>
<pin id="483" dir="1" index="1" bw="14" slack="1"/>
</pin_list>
<bind>
<opset="tmp_5 "/>
</bind>
</comp>

<comp id="486" class="1005" name="icmp_ln51_6_reg_486">
<pin_list>
<pin id="487" dir="0" index="0" bw="1" slack="1"/>
<pin id="488" dir="1" index="1" bw="1" slack="1"/>
</pin_list>
<bind>
<opset="icmp_ln51_6 "/>
</bind>
</comp>

<comp id="491" class="1005" name="tmp_6_reg_491">
<pin_list>
<pin id="492" dir="0" index="0" bw="14" slack="1"/>
<pin id="493" dir="1" index="1" bw="14" slack="1"/>
</pin_list>
<bind>
<opset="tmp_6 "/>
</bind>
</comp>

</comp_list>

<net_list>
<net id="89"><net_src comp="4" pin="0"/><net_sink comp="86" pin=0"/></net>

<net id="94"><net_src comp="22" pin="0"/><net_sink comp="90" pin=0"/></net>

<net id="95"><net_src comp="0" pin="0"/><net_sink comp="90" pin=1"/></net>

<net id="101"><net_src comp="84" pin="0"/><net_sink comp="96" pin=0"/></net>

<net id="102"><net_src comp="2" pin="0"/><net_sink comp="96" pin=1"/></net>

<net id="107"><net_src comp="16" pin="0"/><net_sink comp="103" pin=0"/></net>

<net id="115"><net_src comp="108" pin="1"/><net_sink comp="111" pin=0"/></net>

<net id="116"><net_src comp="18" pin="0"/><net_sink comp="111" pin=1"/></net>

<net id="121"><net_src comp="108" pin="1"/><net_sink comp="117" pin=0"/></net>

<net id="122"><net_src comp="20" pin="0"/><net_sink comp="117" pin=1"/></net>

<net id="127"><net_src comp="117" pin="2"/><net_sink comp="123" pin=0"/></net>

<net id="131"><net_src comp="90" pin="2"/><net_sink comp="128" pin=0"/></net>

<net id="138"><net_src comp="24" pin="0"/><net_sink comp="132" pin=0"/></net>

<net id="139"><net_src comp="90" pin="2"/><net_sink comp="132" pin=1"/></net>

<net id="140"><net_src comp="26" pin="0"/><net_sink comp="132" pin=2"/></net>

<net id="141"><net_src comp="28" pin="0"/><net_sink comp="132" pin=3"/></net>

<net id="148"><net_src comp="24" pin="0"/><net_sink comp="142" pin=0"/></net>

<net id="149"><net_src comp="90" pin="2"/><net_sink comp="142" pin=1"/></net>

<net id="150"><net_src comp="30" pin="0"/><net_sink comp="142" pin=2"/></net>

<net id="151"><net_src comp="32" pin="0"/><net_sink comp="142" pin=3"/></net>

<net id="158"><net_src comp="24" pin="0"/><net_sink comp="152" pin=0"/></net>

<net id="159"><net_src comp="90" pin="2"/><net_sink comp="152" pin=1"/></net>

<net id="160"><net_src comp="34" pin="0"/><net_sink comp="152" pin=2"/></net>

<net id="161"><net_src comp="36" pin="0"/><net_sink comp="152" pin=3"/></net>

<net id="168"><net_src comp="24" pin="0"/><net_sink comp="162" pin=0"/></net>

<net id="169"><net_src comp="90" pin="2"/><net_sink comp="162" pin=1"/></net>

<net id="170"><net_src comp="38" pin="0"/><net_sink comp="162" pin=2"/></net>

<net id="171"><net_src comp="40" pin="0"/><net_sink comp="162" pin=3"/></net>

<net id="178"><net_src comp="24" pin="0"/><net_sink comp="172" pin=0"/></net>

<net id="179"><net_src comp="90" pin="2"/><net_sink comp="172" pin=1"/></net>

<net id="180"><net_src comp="42" pin="0"/><net_sink comp="172" pin=2"/></net>

<net id="181"><net_src comp="44" pin="0"/><net_sink comp="172" pin=3"/></net>

<net id="188"><net_src comp="24" pin="0"/><net_sink comp="182" pin=0"/></net>

<net id="189"><net_src comp="90" pin="2"/><net_sink comp="182" pin=1"/></net>

<net id="190"><net_src comp="46" pin="0"/><net_sink comp="182" pin=2"/></net>

<net id="191"><net_src comp="48" pin="0"/><net_sink comp="182" pin=3"/></net>

<net id="196"><net_src comp="128" pin="1"/><net_sink comp="192" pin=0"/></net>

<net id="197"><net_src comp="50" pin="0"/><net_sink comp="192" pin=1"/></net>

<net id="201"><net_src comp="90" pin="2"/><net_sink comp="198" pin=0"/></net>

<net id="206"><net_src comp="132" pin="4"/><net_sink comp="202" pin=0"/></net>

<net id="207"><net_src comp="50" pin="0"/><net_sink comp="202" pin=1"/></net>

<net id="214"><net_src comp="52" pin="0"/><net_sink comp="208" pin=0"/></net>

<net id="215"><net_src comp="90" pin="2"/><net_sink comp="208" pin=1"/></net>

<net id="216"><net_src comp="26" pin="0"/><net_sink comp="208" pin=2"/></net>

<net id="217"><net_src comp="54" pin="0"/><net_sink comp="208" pin=3"/></net>

<net id="222"><net_src comp="142" pin="4"/><net_sink comp="218" pin=0"/></net>

<net id="223"><net_src comp="50" pin="0"/><net_sink comp="218" pin=1"/></net>

<net id="230"><net_src comp="52" pin="0"/><net_sink comp="224" pin=0"/></net>

<net id="231"><net_src comp="90" pin="2"/><net_sink comp="224" pin=1"/></net>

<net id="232"><net_src comp="30" pin="0"/><net_sink comp="224" pin=2"/></net>

<net id="233"><net_src comp="56" pin="0"/><net_sink comp="224" pin=3"/></net>

<net id="238"><net_src comp="152" pin="4"/><net_sink comp="234" pin=0"/></net>

<net id="239"><net_src comp="50" pin="0"/><net_sink comp="234" pin=1"/></net>

<net id="246"><net_src comp="52" pin="0"/><net_sink comp="240" pin=0"/></net>

<net id="247"><net_src comp="90" pin="2"/><net_sink comp="240" pin=1"/></net>

<net id="248"><net_src comp="34" pin="0"/><net_sink comp="240" pin=2"/></net>

<net id="249"><net_src comp="58" pin="0"/><net_sink comp="240" pin=3"/></net>

<net id="254"><net_src comp="162" pin="4"/><net_sink comp="250" pin=0"/></net>

<net id="255"><net_src comp="50" pin="0"/><net_sink comp="250" pin=1"/></net>

<net id="262"><net_src comp="52" pin="0"/><net_sink comp="256" pin=0"/></net>

<net id="263"><net_src comp="90" pin="2"/><net_sink comp="256" pin=1"/></net>

<net id="264"><net_src comp="38" pin="0"/><net_sink comp="256" pin=2"/></net>

<net id="265"><net_src comp="60" pin="0"/><net_sink comp="256" pin=3"/></net>

<net id="270"><net_src comp="172" pin="4"/><net_sink comp="266" pin=0"/></net>

<net id="271"><net_src comp="50" pin="0"/><net_sink comp="266" pin=1"/></net>

<net id="278"><net_src comp="52" pin="0"/><net_sink comp="272" pin=0"/></net>

<net id="279"><net_src comp="90" pin="2"/><net_sink comp="272" pin=1"/></net>

<net id="280"><net_src comp="42" pin="0"/><net_sink comp="272" pin=2"/></net>

<net id="281"><net_src comp="62" pin="0"/><net_sink comp="272" pin=3"/></net>

<net id="286"><net_src comp="182" pin="4"/><net_sink comp="282" pin=0"/></net>

<net id="287"><net_src comp="50" pin="0"/><net_sink comp="282" pin=1"/></net>

<net id="294"><net_src comp="52" pin="0"/><net_sink comp="288" pin=0"/></net>

<net id="295"><net_src comp="90" pin="2"/><net_sink comp="288" pin=1"/></net>

<net id="296"><net_src comp="46" pin="0"/><net_sink comp="288" pin=2"/></net>

<net id="297"><net_src comp="64" pin="0"/><net_sink comp="288" pin=3"/></net>

<net id="303"><net_src comp="76" pin="0"/><net_sink comp="298" pin=0"/></net>

<net id="304"><net_src comp="78" pin="0"/><net_sink comp="298" pin=2"/></net>

<net id="310"><net_src comp="298" pin="3"/><net_sink comp="305" pin=1"/></net>

<net id="311"><net_src comp="80" pin="0"/><net_sink comp="305" pin=2"/></net>

<net id="317"><net_src comp="76" pin="0"/><net_sink comp="312" pin=0"/></net>

<net id="318"><net_src comp="78" pin="0"/><net_sink comp="312" pin=2"/></net>

<net id="324"><net_src comp="312" pin="3"/><net_sink comp="319" pin=1"/></net>

<net id="325"><net_src comp="80" pin="0"/><net_sink comp="319" pin=2"/></net>

<net id="331"><net_src comp="76" pin="0"/><net_sink comp="326" pin=0"/></net>

<net id="332"><net_src comp="78" pin="0"/><net_sink comp="326" pin=2"/></net>

<net id="338"><net_src comp="326" pin="3"/><net_sink comp="333" pin=1"/></net>

<net id="339"><net_src comp="80" pin="0"/><net_sink comp="333" pin=2"/></net>

<net id="345"><net_src comp="76" pin="0"/><net_sink comp="340" pin=0"/></net>

<net id="346"><net_src comp="78" pin="0"/><net_sink comp="340" pin=2"/></net>

<net id="352"><net_src comp="340" pin="3"/><net_sink comp="347" pin=1"/></net>

<net id="353"><net_src comp="80" pin="0"/><net_sink comp="347" pin=2"/></net>

<net id="359"><net_src comp="76" pin="0"/><net_sink comp="354" pin=0"/></net>

<net id="360"><net_src comp="78" pin="0"/><net_sink comp="354" pin=2"/></net>

<net id="366"><net_src comp="354" pin="3"/><net_sink comp="361" pin=1"/></net>

<net id="367"><net_src comp="80" pin="0"/><net_sink comp="361" pin=2"/></net>

<net id="373"><net_src comp="76" pin="0"/><net_sink comp="368" pin=0"/></net>

<net id="374"><net_src comp="78" pin="0"/><net_sink comp="368" pin=2"/></net>

<net id="380"><net_src comp="368" pin="3"/><net_sink comp="375" pin=1"/></net>

<net id="381"><net_src comp="80" pin="0"/><net_sink comp="375" pin=2"/></net>

<net id="387"><net_src comp="76" pin="0"/><net_sink comp="382" pin=0"/></net>

<net id="388"><net_src comp="78" pin="0"/><net_sink comp="382" pin=2"/></net>

<net id="394"><net_src comp="382" pin="3"/><net_sink comp="389" pin=1"/></net>

<net id="395"><net_src comp="80" pin="0"/><net_sink comp="389" pin=2"/></net>

<net id="406"><net_src comp="82" pin="0"/><net_sink comp="396" pin=0"/></net>

<net id="407"><net_src comp="389" pin="3"/><net_sink comp="396" pin=1"/></net>

<net id="408"><net_src comp="375" pin="3"/><net_sink comp="396" pin=2"/></net>

<net id="409"><net_src comp="361" pin="3"/><net_sink comp="396" pin=3"/></net>

<net id="410"><net_src comp="347" pin="3"/><net_sink comp="396" pin=4"/></net>

<net id="411"><net_src comp="333" pin="3"/><net_sink comp="396" pin=5"/></net>

<net id="412"><net_src comp="319" pin="3"/><net_sink comp="396" pin=6"/></net>

<net id="413"><net_src comp="305" pin="3"/><net_sink comp="396" pin=7"/></net>

<net id="414"><net_src comp="396" pin="8"/><net_sink comp="96" pin=2"/></net>

<net id="418"><net_src comp="86" pin="1"/><net_sink comp="415" pin=0"/></net>

<net id="419"><net_src comp="415" pin="1"/><net_sink comp="103" pin=1"/></net>

<net id="420"><net_src comp="415" pin="1"/><net_sink comp="108" pin=0"/></net>

<net id="421"><net_src comp="415" pin="1"/><net_sink comp="123" pin=1"/></net>

<net id="425"><net_src comp="111" pin="2"/><net_sink comp="422" pin=0"/></net>

<net id="429"><net_src comp="192" pin="2"/><net_sink comp="426" pin=0"/></net>

<net id="430"><net_src comp="426" pin="1"/><net_sink comp="305" pin=0"/></net>

<net id="434"><net_src comp="198" pin="1"/><net_sink comp="431" pin=0"/></net>

<net id="435"><net_src comp="431" pin="1"/><net_sink comp="298" pin=1"/></net>

<net id="439"><net_src comp="202" pin="2"/><net_sink comp="436" pin=0"/></net>

<net id="440"><net_src comp="436" pin="1"/><net_sink comp="319" pin=0"/></net>

<net id="444"><net_src comp="208" pin="4"/><net_sink comp="441" pin=0"/></net>

<net id="445"><net_src comp="441" pin="1"/><net_sink comp="312" pin=1"/></net>

<net id="449"><net_src comp="218" pin="2"/><net_sink comp="446" pin=0"/></net>

<net id="450"><net_src comp="446" pin="1"/><net_sink comp="333" pin=0"/></net>

<net id="454"><net_src comp="224" pin="4"/><net_sink comp="451" pin=0"/></net>

<net id="455"><net_src comp="451" pin="1"/><net_sink comp="326" pin=1"/></net>

<net id="459"><net_src comp="234" pin="2"/><net_sink comp="456" pin=0"/></net>

<net id="460"><net_src comp="456" pin="1"/><net_sink comp="347" pin=0"/></net>

<net id="464"><net_src comp="240" pin="4"/><net_sink comp="461" pin=0"/></net>

<net id="465"><net_src comp="461" pin="1"/><net_sink comp="340" pin=1"/></net>

<net id="469"><net_src comp="250" pin="2"/><net_sink comp="466" pin=0"/></net>

<net id="470"><net_src comp="466" pin="1"/><net_sink comp="361" pin=0"/></net>

<net id="474"><net_src comp="256" pin="4"/><net_sink comp="471" pin=0"/></net>

<net id="475"><net_src comp="471" pin="1"/><net_sink comp="354" pin=1"/></net>

<net id="479"><net_src comp="266" pin="2"/><net_sink comp="476" pin=0"/></net>

<net id="480"><net_src comp="476" pin="1"/><net_sink comp="375" pin=0"/></net>

<net id="484"><net_src comp="272" pin="4"/><net_sink comp="481" pin=0"/></net>

<net id="485"><net_src comp="481" pin="1"/><net_sink comp="368" pin=1"/></net>

<net id="489"><net_src comp="282" pin="2"/><net_sink comp="486" pin=0"/></net>

<net id="490"><net_src comp="486" pin="1"/><net_sink comp="389" pin=0"/></net>

<net id="494"><net_src comp="288" pin="4"/><net_sink comp="491" pin=0"/></net>

<net id="495"><net_src comp="491" pin="1"/><net_sink comp="382" pin=1"/></net>

</net_list>

</model> 
---------------- Datapath Model END ------------------

* FSMD analyzer results:
  - Output states:
	Port: layer5_out | {3 }
 - Input state : 
	Port: relu<array<ap_fixed,7u>,array<ap_fixed<16,6,5,3,0>,7u>,relu_config5> : layer4_out | {2 }
  - Chain level:
	State 1
		store_ln41 : 1
		i_9 : 1
		icmp_ln41 : 2
		i_10 : 2
		br_ln41 : 3
		store_ln41 : 3
	State 2
		icmp_ln51 : 1
		icmp_ln51_1 : 1
		icmp_ln51_2 : 1
		icmp_ln51_3 : 1
		icmp_ln51_4 : 1
		icmp_ln51_5 : 1
		icmp_ln51_6 : 1
	State 3
		out_data_92 : 1
		out_data_94 : 1
		out_data_96 : 1
		out_data_98 : 1
		select_ln51 : 1
		select_ln51_1 : 1
		select_ln51_2 : 1
		or_ln57_s : 2
		write_ln57 : 3


============================================================
+ Verbose Summary: Datapath Resource usage 
============================================================

* Functional unit list:
|----------|----------------------------|---------|---------|
| Operation|       Functional Unit      |    FF   |   LUT   |
|----------|----------------------------|---------|---------|
|          |      icmp_ln41_fu_111      |    0    |    16   |
|          |      icmp_ln51_fu_192      |    0    |    24   |
|          |     icmp_ln51_1_fu_202     |    0    |    24   |
|   icmp   |     icmp_ln51_2_fu_218     |    0    |    24   |
|          |     icmp_ln51_3_fu_234     |    0    |    24   |
|          |     icmp_ln51_4_fu_250     |    0    |    24   |
|          |     icmp_ln51_5_fu_266     |    0    |    24   |
|          |     icmp_ln51_6_fu_282     |    0    |    24   |
|----------|----------------------------|---------|---------|
|          |     out_data_92_fu_305     |    0    |    16   |
|          |     out_data_94_fu_319     |    0    |    16   |
|          |     out_data_96_fu_333     |    0    |    16   |
|  select  |     out_data_98_fu_347     |    0    |    16   |
|          |     select_ln51_fu_361     |    0    |    16   |
|          |    select_ln51_1_fu_375    |    0    |    16   |
|          |    select_ln51_2_fu_389    |    0    |    16   |
|----------|----------------------------|---------|---------|
|    add   |         i_10_fu_117        |    0    |    16   |
|----------|----------------------------|---------|---------|
|   read   | layer4_out_read_read_fu_90 |    0    |    0    |
|----------|----------------------------|---------|---------|
|   write  |   write_ln57_write_fu_96   |    0    |    0    |
|----------|----------------------------|---------|---------|
|   trunc  |      trunc_ln44_fu_128     |    0    |    0    |
|          |      trunc_ln52_fu_198     |    0    |    0    |
|----------|----------------------------|---------|---------|
|          |     trunc_ln44_1_fu_132    |    0    |    0    |
|          |     trunc_ln44_2_fu_142    |    0    |    0    |
|          |     trunc_ln44_3_fu_152    |    0    |    0    |
|          |     trunc_ln44_4_fu_162    |    0    |    0    |
|          |     trunc_ln44_5_fu_172    |    0    |    0    |
|partselect|     trunc_ln44_6_fu_182    |    0    |    0    |
|          |        tmp_1_fu_208        |    0    |    0    |
|          |        tmp_2_fu_224        |    0    |    0    |
|          |        tmp_3_fu_240        |    0    |    0    |
|          |        tmp_4_fu_256        |    0    |    0    |
|          |        tmp_5_fu_272        |    0    |    0    |
|          |        tmp_6_fu_288        |    0    |    0    |
|----------|----------------------------|---------|---------|
|          |       out_data_fu_298      |    0    |    0    |
|          |     out_data_93_fu_312     |    0    |    0    |
|          |     out_data_95_fu_326     |    0    |    0    |
|bitconcatenate|     out_data_97_fu_340     |    0    |    0    |
|          |        shl_ln_fu_354       |    0    |    0    |
|          |      shl_ln52_1_fu_368     |    0    |    0    |
|          |      shl_ln52_2_fu_382     |    0    |    0    |
|          |      or_ln57_s_fu_396      |    0    |    0    |
|----------|----------------------------|---------|---------|
|   Total  |                            |    0    |   312   |
|----------|----------------------------|---------|---------|

Memories:
N/A

* Register list:
+-------------------+--------+
|                   |   FF   |
+-------------------+--------+
|     i_reg_415     |    9   |
| icmp_ln41_reg_422 |    1   |
|icmp_ln51_1_reg_436|    1   |
|icmp_ln51_2_reg_446|    1   |
|icmp_ln51_3_reg_456|    1   |
|icmp_ln51_4_reg_466|    1   |
|icmp_ln51_5_reg_476|    1   |
|icmp_ln51_6_reg_486|    1   |
| icmp_ln51_reg_426 |    1   |
|   tmp_1_reg_441   |   14   |
|   tmp_2_reg_451   |   14   |
|   tmp_3_reg_461   |   14   |
|   tmp_4_reg_471   |   14   |
|   tmp_5_reg_481   |   14   |
|   tmp_6_reg_491   |   14   |
| trunc_ln52_reg_431|   14   |
+-------------------+--------+
|       Total       |   115  |
+-------------------+--------+

* Multiplexer (MUX) list: 
|--------|------|------|------|--------|
|  Comp  |  Pin | Size |  BW  | S x BW |
|--------|------|------|------|--------|
|  Total |      |      |      |    0   |
|--------|------|------|------|--------|



* Summary:
+-----------+--------+--------+
|           |   FF   |   LUT  |
+-----------+--------+--------+
|  Function |    0   |   312  |
|   Memory  |    -   |    -   |
|Multiplexer|    -   |    -   |
|  Register |   115  |    -   |
+-----------+--------+--------+
|   Total   |   115  |   312  |
+-----------+--------+--------+
