

================================================================
== Vitis HLS Report for 'repack_stream_array_ap_fixed_7u_array_ap_fixed_16_6_5_3_0_42u_1176_s'
================================================================
* Date:           Wed Feb 11 15:57:30 2026

* Version:        2023.2 (Build 4023990 on Oct 11 2023)
* Project:        cnn_core_prj
* Solution:       solution1 (Vivado IP Flow Target)
* Product family: kintexuplus
* Target device:  xcku5p-ffvb676-2-e


================================================================
== Performance Estimates
================================================================
+ Timing: 
    * Summary: 
    +--------+---------+----------+------------+
    |  Clock |  Target | Estimated| Uncertainty|
    +--------+---------+----------+------------+
    |ap_clk  |  5.00 ns|  2.449 ns|     1.35 ns|
    +--------+---------+----------+------------+

+ Latency: 
    * Summary: 
    +---------+---------+----------+----------+-----+-----+---------+
    |  Latency (cycles) |  Latency (absolute) |  Interval | Pipeline|
    |   min   |   max   |    min   |    max   | min | max |   Type  |
    +---------+---------+----------+----------+-----+-----+---------+
    |      171|      171|  0.855 us|  0.855 us|  171|  171|       no|
    +---------+---------+----------+----------+-----+-----+---------+

    + Detail: 
        * Instance: 
        N/A

        * Loop: 
        +--------------------+---------+---------+----------+-----------+-----------+------+----------+
        |                    |  Latency (cycles) | Iteration|  Initiation Interval  | Trip |          |
        |      Loop Name     |   min   |   max   |  Latency |  achieved |   target  | Count| Pipelined|
        +--------------------+---------+---------+----------+-----------+-----------+------+----------+
        |- VITIS_LOOP_269_6  |      169|      169|         3|          1|          1|   168|       yes|
        +--------------------+---------+---------+----------+-----------+-----------+------+----------+

============================================================
+ Verbose Summary: Synthesis Manager
============================================================
InlineROM: 1
ExposeGlobal: 0
============================================================
+ Verbose Summary: CDFG Model
============================================================
IsTopModel: 0
ResetActiveHigh: 1
IsCombinational: 2
IsDatapathOnly: 0
HasWiredReturn: 1
HasMFsm: 2
HasVarLatency: 1
IsPipeline: 0
IsRtlPipelined: 0
IsInstanceOverlapped: 0
IsDontTouch: 0
HasImplIP: 0
IsGatedGlobalClock: 0

+ Individual pipeline summary: 
  * Pipeline-0: initiation interval (II) = 1, depth = 3


============================================================
+ Verbose Summary: Schedule
============================================================
* Number of FSM states : 3
* Pipeline : 1
  Pipeline-0 : II = 1, D = 3, States = { 1 2 3 }
* Dataflow Pipeline: 0

* FSM state transitions: 
1 --> 2 
2 --> 3 
3 --> 

* FSM state operations: 

State 1 <SV = 0> <Delay = 1.61>
ST_1 : Operation 6 [1/1] (0.00ns)   --->   "%pack_cnt = alloca i32 1" [firmware/nnet_utils/nnet_stream.h:268]   --->   Operation 6 'alloca' 'pack_cnt' <Predicate = true> <Delay = 0.00>
ST_1 : Operation 7 [1/1] (0.00ns)   --->   "%i = alloca i32 1" [firmware/nnet_utils/nnet_stream.h:269]   --->   Operation 7 'alloca' 'i' <Predicate = true> <Delay = 0.00>
ST_1 : Operation 8 [1/1] (0.00ns)   --->   "%out_data = alloca i32 1" [firmware/nnet_utils/nnet_stream.h:266]   --->   Operation 8 'alloca' 'out_data' <Predicate = true> <Delay = 0.00>
ST_1 : Operation 9 [1/1] (0.00ns)   --->   "%out_data_4 = alloca i32 1" [firmware/nnet_utils/nnet_stream.h:266]   --->   Operation 9 'alloca' 'out_data_4' <Predicate = true> <Delay = 0.00>
ST_1 : Operation 10 [1/1] (0.00ns)   --->   "%out_data_5 = alloca i32 1" [firmware/nnet_utils/nnet_stream.h:266]   --->   Operation 10 'alloca' 'out_data_5' <Predicate = true> <Delay = 0.00>
ST_1 : Operation 11 [1/1] (0.00ns)   --->   "%out_data_6 = alloca i32 1" [firmware/nnet_utils/nnet_stream.h:266]   --->   Operation 11 'alloca' 'out_data_6' <Predicate = true> <Delay = 0.00>
ST_1 : Operation 12 [1/1] (0.00ns)   --->   "%out_data_7 = alloca i32 1" [firmware/nnet_utils/nnet_stream.h:266]   --->   Operation 12 'alloca' 'out_data_7' <Predicate = true> <Delay = 0.00>
ST_1 : Operation 13 [1/1] (0.00ns)   --->   "%out_data_8 = alloca i32 1" [firmware/nnet_utils/nnet_stream.h:266]   --->   Operation 13 'alloca' 'out_data_8' <Predicate = true> <Delay = 0.00>
ST_1 : Operation 14 [1/1] (0.00ns)   --->   "%out_data_9 = alloca i32 1" [firmware/nnet_utils/nnet_stream.h:266]   --->   Operation 14 'alloca' 'out_data_9' <Predicate = true> <Delay = 0.00>
ST_1 : Operation 15 [1/1] (0.00ns)   --->   "%out_data_10 = alloca i32 1" [firmware/nnet_utils/nnet_stream.h:266]   --->   Operation 15 'alloca' 'out_data_10' <Predicate = true> <Delay = 0.00>
ST_1 : Operation 16 [1/1] (0.00ns)   --->   "%out_data_11 = alloca i32 1" [firmware/nnet_utils/nnet_stream.h:266]   --->   Operation 16 'alloca' 'out_data_11' <Predicate = true> <Delay = 0.00>
ST_1 : Operation 17 [1/1] (0.00ns)   --->   "%out_data_12 = alloca i32 1" [firmware/nnet_utils/nnet_stream.h:266]   --->   Operation 17 'alloca' 'out_data_12' <Predicate = true> <Delay = 0.00>
ST_1 : Operation 18 [1/1] (0.00ns)   --->   "%out_data_13 = alloca i32 1" [firmware/nnet_utils/nnet_stream.h:266]   --->   Operation 18 'alloca' 'out_data_13' <Predicate = true> <Delay = 0.00>
ST_1 : Operation 19 [1/1] (0.00ns)   --->   "%out_data_14 = alloca i32 1" [firmware/nnet_utils/nnet_stream.h:266]   --->   Operation 19 'alloca' 'out_data_14' <Predicate = true> <Delay = 0.00>
ST_1 : Operation 20 [1/1] (0.00ns)   --->   "%out_data_15 = alloca i32 1" [firmware/nnet_utils/nnet_stream.h:266]   --->   Operation 20 'alloca' 'out_data_15' <Predicate = true> <Delay = 0.00>
ST_1 : Operation 21 [1/1] (0.00ns)   --->   "%out_data_16 = alloca i32 1" [firmware/nnet_utils/nnet_stream.h:266]   --->   Operation 21 'alloca' 'out_data_16' <Predicate = true> <Delay = 0.00>
ST_1 : Operation 22 [1/1] (0.00ns)   --->   "%out_data_17 = alloca i32 1" [firmware/nnet_utils/nnet_stream.h:266]   --->   Operation 22 'alloca' 'out_data_17' <Predicate = true> <Delay = 0.00>
ST_1 : Operation 23 [1/1] (0.00ns)   --->   "%out_data_18 = alloca i32 1" [firmware/nnet_utils/nnet_stream.h:266]   --->   Operation 23 'alloca' 'out_data_18' <Predicate = true> <Delay = 0.00>
ST_1 : Operation 24 [1/1] (0.00ns)   --->   "%out_data_19 = alloca i32 1" [firmware/nnet_utils/nnet_stream.h:266]   --->   Operation 24 'alloca' 'out_data_19' <Predicate = true> <Delay = 0.00>
ST_1 : Operation 25 [1/1] (0.00ns)   --->   "%out_data_20 = alloca i32 1" [firmware/nnet_utils/nnet_stream.h:266]   --->   Operation 25 'alloca' 'out_data_20' <Predicate = true> <Delay = 0.00>
ST_1 : Operation 26 [1/1] (0.00ns)   --->   "%out_data_21 = alloca i32 1" [firmware/nnet_utils/nnet_stream.h:266]   --->   Operation 26 'alloca' 'out_data_21' <Predicate = true> <Delay = 0.00>
ST_1 : Operation 27 [1/1] (0.00ns)   --->   "%out_data_22 = alloca i32 1" [firmware/nnet_utils/nnet_stream.h:266]   --->   Operation 27 'alloca' 'out_data_22' <Predicate = true> <Delay = 0.00>
ST_1 : Operation 28 [1/1] (0.00ns)   --->   "%out_data_23 = alloca i32 1" [firmware/nnet_utils/nnet_stream.h:266]   --->   Operation 28 'alloca' 'out_data_23' <Predicate = true> <Delay = 0.00>
ST_1 : Operation 29 [1/1] (0.00ns)   --->   "%out_data_24 = alloca i32 1" [firmware/nnet_utils/nnet_stream.h:266]   --->   Operation 29 'alloca' 'out_data_24' <Predicate = true> <Delay = 0.00>
ST_1 : Operation 30 [1/1] (0.00ns)   --->   "%out_data_25 = alloca i32 1" [firmware/nnet_utils/nnet_stream.h:266]   --->   Operation 30 'alloca' 'out_data_25' <Predicate = true> <Delay = 0.00>
ST_1 : Operation 31 [1/1] (0.00ns)   --->   "%out_data_26 = alloca i32 1" [firmware/nnet_utils/nnet_stream.h:266]   --->   Operation 31 'alloca' 'out_data_26' <Predicate = true> <Delay = 0.00>
ST_1 : Operation 32 [1/1] (0.00ns)   --->   "%out_data_27 = alloca i32 1" [firmware/nnet_utils/nnet_stream.h:266]   --->   Operation 32 'alloca' 'out_data_27' <Predicate = true> <Delay = 0.00>
ST_1 : Operation 33 [1/1] (0.00ns)   --->   "%out_data_28 = alloca i32 1" [firmware/nnet_utils/nnet_stream.h:266]   --->   Operation 33 'alloca' 'out_data_28' <Predicate = true> <Delay = 0.00>
ST_1 : Operation 34 [1/1] (0.00ns)   --->   "%out_data_29 = alloca i32 1" [firmware/nnet_utils/nnet_stream.h:266]   --->   Operation 34 'alloca' 'out_data_29' <Predicate = true> <Delay = 0.00>
ST_1 : Operation 35 [1/1] (0.00ns)   --->   "%out_data_30 = alloca i32 1" [firmware/nnet_utils/nnet_stream.h:266]   --->   Operation 35 'alloca' 'out_data_30' <Predicate = true> <Delay = 0.00>
ST_1 : Operation 36 [1/1] (0.00ns)   --->   "%out_data_31 = alloca i32 1" [firmware/nnet_utils/nnet_stream.h:266]   --->   Operation 36 'alloca' 'out_data_31' <Predicate = true> <Delay = 0.00>
ST_1 : Operation 37 [1/1] (0.00ns)   --->   "%out_data_32 = alloca i32 1" [firmware/nnet_utils/nnet_stream.h:266]   --->   Operation 37 'alloca' 'out_data_32' <Predicate = true> <Delay = 0.00>
ST_1 : Operation 38 [1/1] (0.00ns)   --->   "%out_data_33 = alloca i32 1" [firmware/nnet_utils/nnet_stream.h:266]   --->   Operation 38 'alloca' 'out_data_33' <Predicate = true> <Delay = 0.00>
ST_1 : Operation 39 [1/1] (0.00ns)   --->   "%out_data_34 = alloca i32 1" [firmware/nnet_utils/nnet_stream.h:266]   --->   Operation 39 'alloca' 'out_data_34' <Predicate = true> <Delay = 0.00>
ST_1 : Operation 40 [1/1] (0.00ns)   --->   "%out_data_35 = alloca i32 1" [firmware/nnet_utils/nnet_stream.h:266]   --->   Operation 40 'alloca' 'out_data_35' <Predicate = true> <Delay = 0.00>
ST_1 : Operation 41 [1/1] (0.00ns)   --->   "%out_data_36 = alloca i32 1" [firmware/nnet_utils/nnet_stream.h:266]   --->   Operation 41 'alloca' 'out_data_36' <Predicate = true> <Delay = 0.00>
ST_1 : Operation 42 [1/1] (0.00ns)   --->   "%out_data_37 = alloca i32 1" [firmware/nnet_utils/nnet_stream.h:266]   --->   Operation 42 'alloca' 'out_data_37' <Predicate = true> <Delay = 0.00>
ST_1 : Operation 43 [1/1] (0.00ns)   --->   "%out_data_38 = alloca i32 1" [firmware/nnet_utils/nnet_stream.h:266]   --->   Operation 43 'alloca' 'out_data_38' <Predicate = true> <Delay = 0.00>
ST_1 : Operation 44 [1/1] (0.00ns)   --->   "%out_data_39 = alloca i32 1" [firmware/nnet_utils/nnet_stream.h:266]   --->   Operation 44 'alloca' 'out_data_39' <Predicate = true> <Delay = 0.00>
ST_1 : Operation 45 [1/1] (0.00ns)   --->   "%out_data_40 = alloca i32 1" [firmware/nnet_utils/nnet_stream.h:266]   --->   Operation 45 'alloca' 'out_data_40' <Predicate = true> <Delay = 0.00>
ST_1 : Operation 46 [1/1] (0.00ns)   --->   "%out_data_41 = alloca i32 1" [firmware/nnet_utils/nnet_stream.h:266]   --->   Operation 46 'alloca' 'out_data_41' <Predicate = true> <Delay = 0.00>
ST_1 : Operation 47 [1/1] (0.00ns)   --->   "%out_data_42 = alloca i32 1" [firmware/nnet_utils/nnet_stream.h:266]   --->   Operation 47 'alloca' 'out_data_42' <Predicate = true> <Delay = 0.00>
ST_1 : Operation 48 [1/1] (0.00ns)   --->   "%out_data_43 = alloca i32 1" [firmware/nnet_utils/nnet_stream.h:266]   --->   Operation 48 'alloca' 'out_data_43' <Predicate = true> <Delay = 0.00>
ST_1 : Operation 49 [1/1] (0.00ns)   --->   "%out_data_44 = alloca i32 1" [firmware/nnet_utils/nnet_stream.h:266]   --->   Operation 49 'alloca' 'out_data_44' <Predicate = true> <Delay = 0.00>
ST_1 : Operation 50 [1/1] (0.00ns)   --->   "%specinterface_ln0 = specinterface void @_ssdm_op_SpecInterface, i672 %layer12_out, void @empty_9, i32 0, i32 0, void @empty_10, i32 0, i32 0, void @empty_10, void @empty_10, void @empty_10, i32 0, i32 0, i32 0, i32 0, void @empty_10, void @empty_10, i32 4294967295, i32 0"   --->   Operation 50 'specinterface' 'specinterface_ln0' <Predicate = true> <Delay = 0.00>
ST_1 : Operation 51 [1/1] (0.00ns)   --->   "%specinterface_ln0 = specinterface void @_ssdm_op_SpecInterface, i112 %layer6_out, void @empty_9, i32 0, i32 0, void @empty_10, i32 0, i32 0, void @empty_10, void @empty_10, void @empty_10, i32 0, i32 0, i32 0, i32 0, void @empty_10, void @empty_10, i32 4294967295, i32 0"   --->   Operation 51 'specinterface' 'specinterface_ln0' <Predicate = true> <Delay = 0.00>
ST_1 : Operation 52 [1/1] (0.42ns)   --->   "%store_ln269 = store i8 0, i8 %i" [firmware/nnet_utils/nnet_stream.h:269]   --->   Operation 52 'store' 'store_ln269' <Predicate = true> <Delay = 0.42>
ST_1 : Operation 54 [1/1] (0.00ns)   --->   "%br_ln269 = br void %VITIS_LOOP_273_7" [firmware/nnet_utils/nnet_stream.h:269]   --->   Operation 54 'br' 'br_ln269' <Predicate = true> <Delay = 0.00>
ST_1 : Operation 55 [1/1] (0.00ns)   --->   "%i_3 = load i8 %i" [firmware/nnet_utils/nnet_stream.h:269]   --->   Operation 55 'load' 'i_3' <Predicate = true> <Delay = 0.00>
ST_1 : Operation 56 [1/1] (0.76ns)   --->   "%icmp_ln269 = icmp_eq  i8 %i_3, i8 168" [firmware/nnet_utils/nnet_stream.h:269]   --->   Operation 56 'icmp' 'icmp_ln269' <Predicate = true> <Delay = 0.76> <CoreInst = "Cmp">   --->   Core 9 'Cmp' <Latency = 0> <II = 1> <Delay = 0.76> <FuncUnit> <Opcode : 'icmp'> <InPorts = 2> <OutPorts = 1>
ST_1 : Operation 57 [1/1] (0.76ns)   --->   "%i_4 = add i8 %i_3, i8 1" [firmware/nnet_utils/nnet_stream.h:269]   --->   Operation 57 'add' 'i_4' <Predicate = true> <Delay = 0.76> <CoreInst = "Adder">   --->   Core 1 'Adder' <Latency = 0> <II = 1> <Delay = 0.76> <FuncUnit> <Opcode : 'add' 'sub'> <InPorts = 2> <OutPorts = 1>
ST_1 : Operation 58 [1/1] (0.00ns)   --->   "%br_ln269 = br i1 %icmp_ln269, void %VITIS_LOOP_273_7.split_ifconv, void %for.end70" [firmware/nnet_utils/nnet_stream.h:269]   --->   Operation 58 'br' 'br_ln269' <Predicate = true> <Delay = 0.00>
ST_1 : Operation 59 [1/1] (0.42ns)   --->   "%store_ln269 = store i8 %i_4, i8 %i" [firmware/nnet_utils/nnet_stream.h:269]   --->   Operation 59 'store' 'store_ln269' <Predicate = (!icmp_ln269)> <Delay = 0.42>

State 2 <SV = 1> <Delay = 1.87>
ST_2 : Operation 53 [1/1] (0.42ns)   --->   "%store_ln268 = store i32 0, i32 %pack_cnt" [firmware/nnet_utils/nnet_stream.h:268]   --->   Operation 53 'store' 'store_ln268' <Predicate = true> <Delay = 0.42>
ST_2 : Operation 60 [1/1] (0.00ns)   --->   "%pack_cnt_1 = load i32 %pack_cnt" [firmware/nnet_utils/nnet_stream.h:268]   --->   Operation 60 'load' 'pack_cnt_1' <Predicate = true> <Delay = 0.00>
ST_2 : Operation 61 [1/1] (0.00ns)   --->   "%trunc_ln268 = trunc i32 %pack_cnt_1" [firmware/nnet_utils/nnet_stream.h:268]   --->   Operation 61 'trunc' 'trunc_ln268' <Predicate = (!icmp_ln269)> <Delay = 0.00>
ST_2 : Operation 62 [1/1] (1.73ns)   --->   "%layer6_out_read = read i112 @_ssdm_op_Read.ap_fifo.volatile.i112P0A, i112 %layer6_out" [firmware/nnet_utils/nnet_stream.h:272]   --->   Operation 62 'read' 'layer6_out_read' <Predicate = (!icmp_ln269)> <Delay = 1.73> <CoreInst = "FIFO">   --->   Core 78 'FIFO' <Latency = 0> <II = 1> <Delay = 1.73> <Storage> <Opcode : 'read' 'write' 'nbread' 'nbwrite'> <Ports = 0> <Width = 112> <Depth = 168> <FIFO>
ST_2 : Operation 63 [1/1] (0.00ns)   --->   "%in_data = trunc i112 %layer6_out_read" [firmware/nnet_utils/nnet_stream.h:272]   --->   Operation 63 'trunc' 'in_data' <Predicate = (!icmp_ln269)> <Delay = 0.00>
ST_2 : Operation 64 [1/1] (0.00ns)   --->   "%in_data_4 = partselect i16 @_ssdm_op_PartSelect.i16.i112.i32.i32, i112 %layer6_out_read, i32 16, i32 31" [firmware/nnet_utils/nnet_stream.h:272]   --->   Operation 64 'partselect' 'in_data_4' <Predicate = (!icmp_ln269)> <Delay = 0.00>
ST_2 : Operation 65 [1/1] (0.00ns)   --->   "%in_data_5 = partselect i16 @_ssdm_op_PartSelect.i16.i112.i32.i32, i112 %layer6_out_read, i32 32, i32 47" [firmware/nnet_utils/nnet_stream.h:272]   --->   Operation 65 'partselect' 'in_data_5' <Predicate = (!icmp_ln269)> <Delay = 0.00>
ST_2 : Operation 66 [1/1] (0.00ns)   --->   "%in_data_6 = partselect i16 @_ssdm_op_PartSelect.i16.i112.i32.i32, i112 %layer6_out_read, i32 48, i32 63" [firmware/nnet_utils/nnet_stream.h:272]   --->   Operation 66 'partselect' 'in_data_6' <Predicate = (!icmp_ln269)> <Delay = 0.00>
ST_2 : Operation 67 [1/1] (0.00ns)   --->   "%out_data_49 = partselect i16 @_ssdm_op_PartSelect.i16.i112.i32.i32, i112 %layer6_out_read, i32 64, i32 79" [firmware/nnet_utils/nnet_stream.h:272]   --->   Operation 67 'partselect' 'out_data_49' <Predicate = (!icmp_ln269)> <Delay = 0.00>
ST_2 : Operation 68 [1/1] (0.00ns)   --->   "%out_data_1 = partselect i16 @_ssdm_op_PartSelect.i16.i112.i32.i32, i112 %layer6_out_read, i32 80, i32 95" [firmware/nnet_utils/nnet_stream.h:272]   --->   Operation 68 'partselect' 'out_data_1' <Predicate = (!icmp_ln269)> <Delay = 0.00>
ST_2 : Operation 69 [1/1] (0.00ns)   --->   "%out_data_2 = partselect i16 @_ssdm_op_PartSelect.i16.i112.i32.i32, i112 %layer6_out_read, i32 96, i32 111" [firmware/nnet_utils/nnet_stream.h:272]   --->   Operation 69 'partselect' 'out_data_2' <Predicate = (!icmp_ln269)> <Delay = 0.00>
ST_2 : Operation 70 [1/1] (0.78ns)   --->   "%icmp_ln275 = icmp_eq  i6 %trunc_ln268, i6 0" [firmware/nnet_utils/nnet_stream.h:275]   --->   Operation 70 'icmp' 'icmp_ln275' <Predicate = (!icmp_ln269)> <Delay = 0.78> <CoreInst = "Cmp">   --->   Core 9 'Cmp' <Latency = 0> <II = 1> <Delay = 0.78> <FuncUnit> <Opcode : 'icmp'> <InPorts = 2> <OutPorts = 1>
ST_2 : Operation 71 [1/1] (0.78ns)   --->   "%icmp_ln275_1 = icmp_eq  i6 %trunc_ln268, i6 1" [firmware/nnet_utils/nnet_stream.h:275]   --->   Operation 71 'icmp' 'icmp_ln275_1' <Predicate = (!icmp_ln269)> <Delay = 0.78> <CoreInst = "Cmp">   --->   Core 9 'Cmp' <Latency = 0> <II = 1> <Delay = 0.78> <FuncUnit> <Opcode : 'icmp'> <InPorts = 2> <OutPorts = 1>
ST_2 : Operation 72 [1/1] (0.78ns)   --->   "%icmp_ln275_2 = icmp_eq  i6 %trunc_ln268, i6 2" [firmware/nnet_utils/nnet_stream.h:275]   --->   Operation 72 'icmp' 'icmp_ln275_2' <Predicate = (!icmp_ln269)> <Delay = 0.78> <CoreInst = "Cmp">   --->   Core 9 'Cmp' <Latency = 0> <II = 1> <Delay = 0.78> <FuncUnit> <Opcode : 'icmp'> <InPorts = 2> <OutPorts = 1>
ST_2 : Operation 73 [1/1] (0.78ns)   --->   "%icmp_ln275_3 = icmp_eq  i6 %trunc_ln268, i6 3" [firmware/nnet_utils/nnet_stream.h:275]   --->   Operation 73 'icmp' 'icmp_ln275_3' <Predicate = (!icmp_ln269)> <Delay = 0.78> <CoreInst = "Cmp">   --->   Core 9 'Cmp' <Latency = 0> <II = 1> <Delay = 0.78> <FuncUnit> <Opcode : 'icmp'> <InPorts = 2> <OutPorts = 1>
ST_2 : Operation 74 [1/1] (0.78ns)   --->   "%icmp_ln275_4 = icmp_eq  i6 %trunc_ln268, i6 4" [firmware/nnet_utils/nnet_stream.h:275]   --->   Operation 74 'icmp' 'icmp_ln275_4' <Predicate = (!icmp_ln269)> <Delay = 0.78> <CoreInst = "Cmp">   --->   Core 9 'Cmp' <Latency = 0> <II = 1> <Delay = 0.78> <FuncUnit> <Opcode : 'icmp'> <InPorts = 2> <OutPorts = 1>
ST_2 : Operation 75 [1/1] (1.01ns)   --->   "%icmp_ln278 = icmp_eq  i32 %pack_cnt_1, i32 5" [firmware/nnet_utils/nnet_stream.h:278]   --->   Operation 75 'icmp' 'icmp_ln278' <Predicate = (!icmp_ln269)> <Delay = 1.01> <CoreInst = "Cmp">   --->   Core 9 'Cmp' <Latency = 0> <II = 1> <Delay = 1.01> <FuncUnit> <Opcode : 'icmp'> <InPorts = 2> <OutPorts = 1>
ST_2 : Operation 76 [1/1] (0.00ns)   --->   "%br_ln278 = br i1 %icmp_ln278, void %if.else66, void %if.then65" [firmware/nnet_utils/nnet_stream.h:278]   --->   Operation 76 'br' 'br_ln278' <Predicate = (!icmp_ln269)> <Delay = 0.00>
ST_2 : Operation 77 [1/1] (1.01ns)   --->   "%pack_cnt_2 = add i32 %pack_cnt_1, i32 1" [firmware/nnet_utils/nnet_stream.h:282]   --->   Operation 77 'add' 'pack_cnt_2' <Predicate = (!icmp_ln269 & !icmp_ln278)> <Delay = 1.01> <CoreInst = "Adder">   --->   Core 1 'Adder' <Latency = 0> <II = 1> <Delay = 1.01> <FuncUnit> <Opcode : 'add' 'sub'> <InPorts = 2> <OutPorts = 1>
ST_2 : Operation 78 [1/1] (0.42ns)   --->   "%store_ln268 = store i32 %pack_cnt_2, i32 %pack_cnt" [firmware/nnet_utils/nnet_stream.h:268]   --->   Operation 78 'store' 'store_ln268' <Predicate = (!icmp_ln269 & !icmp_ln278)> <Delay = 0.42>
ST_2 : Operation 79 [1/1] (0.00ns)   --->   "%br_ln0 = br void %for.inc68"   --->   Operation 79 'br' 'br_ln0' <Predicate = (!icmp_ln269 & !icmp_ln278)> <Delay = 0.00>
ST_2 : Operation 80 [1/1] (0.42ns)   --->   "%store_ln268 = store i32 0, i32 %pack_cnt" [firmware/nnet_utils/nnet_stream.h:268]   --->   Operation 80 'store' 'store_ln268' <Predicate = (!icmp_ln269 & icmp_ln278)> <Delay = 0.42>
ST_2 : Operation 218 [1/1] (0.00ns)   --->   "%ret_ln286 = ret" [firmware/nnet_utils/nnet_stream.h:286]   --->   Operation 218 'ret' 'ret_ln286' <Predicate = (icmp_ln269)> <Delay = 0.00>

State 3 <SV = 2> <Delay = 2.44>
ST_3 : Operation 81 [1/1] (0.00ns)   --->   "%out_data_load = load i16 %out_data" [firmware/nnet_utils/nnet_stream.h:275]   --->   Operation 81 'load' 'out_data_load' <Predicate = (!icmp_ln275)> <Delay = 0.00>
ST_3 : Operation 82 [1/1] (0.00ns)   --->   "%out_data_4_load = load i16 %out_data_4" [firmware/nnet_utils/nnet_stream.h:275]   --->   Operation 82 'load' 'out_data_4_load' <Predicate = (!icmp_ln275)> <Delay = 0.00>
ST_3 : Operation 83 [1/1] (0.00ns)   --->   "%out_data_5_load = load i16 %out_data_5" [firmware/nnet_utils/nnet_stream.h:275]   --->   Operation 83 'load' 'out_data_5_load' <Predicate = (!icmp_ln275)> <Delay = 0.00>
ST_3 : Operation 84 [1/1] (0.00ns)   --->   "%out_data_6_load = load i16 %out_data_6" [firmware/nnet_utils/nnet_stream.h:275]   --->   Operation 84 'load' 'out_data_6_load' <Predicate = (!icmp_ln275)> <Delay = 0.00>
ST_3 : Operation 85 [1/1] (0.00ns)   --->   "%out_data_7_load = load i16 %out_data_7" [firmware/nnet_utils/nnet_stream.h:275]   --->   Operation 85 'load' 'out_data_7_load' <Predicate = (!icmp_ln275)> <Delay = 0.00>
ST_3 : Operation 86 [1/1] (0.00ns)   --->   "%out_data_8_load = load i16 %out_data_8" [firmware/nnet_utils/nnet_stream.h:275]   --->   Operation 86 'load' 'out_data_8_load' <Predicate = (!icmp_ln275)> <Delay = 0.00>
ST_3 : Operation 87 [1/1] (0.00ns)   --->   "%out_data_9_load = load i16 %out_data_9" [firmware/nnet_utils/nnet_stream.h:275]   --->   Operation 87 'load' 'out_data_9_load' <Predicate = (!icmp_ln275)> <Delay = 0.00>
ST_3 : Operation 88 [1/1] (0.00ns)   --->   "%out_data_10_load = load i16 %out_data_10" [firmware/nnet_utils/nnet_stream.h:275]   --->   Operation 88 'load' 'out_data_10_load' <Predicate = (!icmp_ln275_1)> <Delay = 0.00>
ST_3 : Operation 89 [1/1] (0.00ns)   --->   "%out_data_11_load = load i16 %out_data_11" [firmware/nnet_utils/nnet_stream.h:275]   --->   Operation 89 'load' 'out_data_11_load' <Predicate = (!icmp_ln275_1)> <Delay = 0.00>
ST_3 : Operation 90 [1/1] (0.00ns)   --->   "%out_data_12_load = load i16 %out_data_12" [firmware/nnet_utils/nnet_stream.h:275]   --->   Operation 90 'load' 'out_data_12_load' <Predicate = (!icmp_ln275_1)> <Delay = 0.00>
ST_3 : Operation 91 [1/1] (0.00ns)   --->   "%out_data_13_load = load i16 %out_data_13" [firmware/nnet_utils/nnet_stream.h:275]   --->   Operation 91 'load' 'out_data_13_load' <Predicate = (!icmp_ln275_1)> <Delay = 0.00>
ST_3 : Operation 92 [1/1] (0.00ns)   --->   "%out_data_14_load = load i16 %out_data_14" [firmware/nnet_utils/nnet_stream.h:275]   --->   Operation 92 'load' 'out_data_14_load' <Predicate = (!icmp_ln275_1)> <Delay = 0.00>
ST_3 : Operation 93 [1/1] (0.00ns)   --->   "%out_data_15_load = load i16 %out_data_15" [firmware/nnet_utils/nnet_stream.h:275]   --->   Operation 93 'load' 'out_data_15_load' <Predicate = (!icmp_ln275_1)> <Delay = 0.00>
ST_3 : Operation 94 [1/1] (0.00ns)   --->   "%out_data_16_load = load i16 %out_data_16" [firmware/nnet_utils/nnet_stream.h:275]   --->   Operation 94 'load' 'out_data_16_load' <Predicate = (!icmp_ln275_1)> <Delay = 0.00>
ST_3 : Operation 95 [1/1] (0.00ns)   --->   "%out_data_17_load = load i16 %out_data_17" [firmware/nnet_utils/nnet_stream.h:275]   --->   Operation 95 'load' 'out_data_17_load' <Predicate = (!icmp_ln275_2)> <Delay = 0.00>
ST_3 : Operation 96 [1/1] (0.00ns)   --->   "%out_data_18_load = load i16 %out_data_18" [firmware/nnet_utils/nnet_stream.h:275]   --->   Operation 96 'load' 'out_data_18_load' <Predicate = (!icmp_ln275_2)> <Delay = 0.00>
ST_3 : Operation 97 [1/1] (0.00ns)   --->   "%out_data_19_load = load i16 %out_data_19" [firmware/nnet_utils/nnet_stream.h:275]   --->   Operation 97 'load' 'out_data_19_load' <Predicate = (!icmp_ln275_2)> <Delay = 0.00>
ST_3 : Operation 98 [1/1] (0.00ns)   --->   "%out_data_20_load = load i16 %out_data_20" [firmware/nnet_utils/nnet_stream.h:275]   --->   Operation 98 'load' 'out_data_20_load' <Predicate = (!icmp_ln275_2)> <Delay = 0.00>
ST_3 : Operation 99 [1/1] (0.00ns)   --->   "%out_data_21_load = load i16 %out_data_21" [firmware/nnet_utils/nnet_stream.h:275]   --->   Operation 99 'load' 'out_data_21_load' <Predicate = (!icmp_ln275_2)> <Delay = 0.00>
ST_3 : Operation 100 [1/1] (0.00ns)   --->   "%out_data_22_load = load i16 %out_data_22" [firmware/nnet_utils/nnet_stream.h:275]   --->   Operation 100 'load' 'out_data_22_load' <Predicate = (!icmp_ln275_2)> <Delay = 0.00>
ST_3 : Operation 101 [1/1] (0.00ns)   --->   "%out_data_23_load = load i16 %out_data_23" [firmware/nnet_utils/nnet_stream.h:275]   --->   Operation 101 'load' 'out_data_23_load' <Predicate = (!icmp_ln275_2)> <Delay = 0.00>
ST_3 : Operation 102 [1/1] (0.00ns)   --->   "%out_data_24_load = load i16 %out_data_24" [firmware/nnet_utils/nnet_stream.h:275]   --->   Operation 102 'load' 'out_data_24_load' <Predicate = (!icmp_ln275_3)> <Delay = 0.00>
ST_3 : Operation 103 [1/1] (0.00ns)   --->   "%out_data_25_load = load i16 %out_data_25" [firmware/nnet_utils/nnet_stream.h:275]   --->   Operation 103 'load' 'out_data_25_load' <Predicate = (!icmp_ln275_3)> <Delay = 0.00>
ST_3 : Operation 104 [1/1] (0.00ns)   --->   "%out_data_26_load = load i16 %out_data_26" [firmware/nnet_utils/nnet_stream.h:275]   --->   Operation 104 'load' 'out_data_26_load' <Predicate = (!icmp_ln275_3)> <Delay = 0.00>
ST_3 : Operation 105 [1/1] (0.00ns)   --->   "%out_data_27_load = load i16 %out_data_27" [firmware/nnet_utils/nnet_stream.h:275]   --->   Operation 105 'load' 'out_data_27_load' <Predicate = (!icmp_ln275_3)> <Delay = 0.00>
ST_3 : Operation 106 [1/1] (0.00ns)   --->   "%out_data_28_load = load i16 %out_data_28" [firmware/nnet_utils/nnet_stream.h:275]   --->   Operation 106 'load' 'out_data_28_load' <Predicate = (!icmp_ln275_3)> <Delay = 0.00>
ST_3 : Operation 107 [1/1] (0.00ns)   --->   "%out_data_29_load = load i16 %out_data_29" [firmware/nnet_utils/nnet_stream.h:275]   --->   Operation 107 'load' 'out_data_29_load' <Predicate = (!icmp_ln275_3)> <Delay = 0.00>
ST_3 : Operation 108 [1/1] (0.00ns)   --->   "%out_data_30_load = load i16 %out_data_30" [firmware/nnet_utils/nnet_stream.h:275]   --->   Operation 108 'load' 'out_data_30_load' <Predicate = (!icmp_ln275_3)> <Delay = 0.00>
ST_3 : Operation 109 [1/1] (0.00ns)   --->   "%out_data_31_load = load i16 %out_data_31" [firmware/nnet_utils/nnet_stream.h:275]   --->   Operation 109 'load' 'out_data_31_load' <Predicate = (!icmp_ln275_4)> <Delay = 0.00>
ST_3 : Operation 110 [1/1] (0.00ns)   --->   "%out_data_32_load = load i16 %out_data_32" [firmware/nnet_utils/nnet_stream.h:275]   --->   Operation 110 'load' 'out_data_32_load' <Predicate = (!icmp_ln275_4)> <Delay = 0.00>
ST_3 : Operation 111 [1/1] (0.00ns)   --->   "%out_data_33_load = load i16 %out_data_33" [firmware/nnet_utils/nnet_stream.h:275]   --->   Operation 111 'load' 'out_data_33_load' <Predicate = (!icmp_ln275_4)> <Delay = 0.00>
ST_3 : Operation 112 [1/1] (0.00ns)   --->   "%out_data_34_load = load i16 %out_data_34" [firmware/nnet_utils/nnet_stream.h:275]   --->   Operation 112 'load' 'out_data_34_load' <Predicate = (!icmp_ln275_4)> <Delay = 0.00>
ST_3 : Operation 113 [1/1] (0.00ns)   --->   "%out_data_35_load = load i16 %out_data_35" [firmware/nnet_utils/nnet_stream.h:275]   --->   Operation 113 'load' 'out_data_35_load' <Predicate = (!icmp_ln275_4)> <Delay = 0.00>
ST_3 : Operation 114 [1/1] (0.00ns)   --->   "%out_data_36_load = load i16 %out_data_36" [firmware/nnet_utils/nnet_stream.h:275]   --->   Operation 114 'load' 'out_data_36_load' <Predicate = (!icmp_ln275_4)> <Delay = 0.00>
ST_3 : Operation 115 [1/1] (0.00ns)   --->   "%out_data_37_load = load i16 %out_data_37" [firmware/nnet_utils/nnet_stream.h:275]   --->   Operation 115 'load' 'out_data_37_load' <Predicate = (!icmp_ln275_4)> <Delay = 0.00>
ST_3 : Operation 116 [1/1] (0.00ns)   --->   "%out_data_38_load = load i16 %out_data_38" [firmware/nnet_utils/nnet_stream.h:275]   --->   Operation 116 'load' 'out_data_38_load' <Predicate = true> <Delay = 0.00>
ST_3 : Operation 117 [1/1] (0.00ns)   --->   "%out_data_39_load = load i16 %out_data_39" [firmware/nnet_utils/nnet_stream.h:275]   --->   Operation 117 'load' 'out_data_39_load' <Predicate = true> <Delay = 0.00>
ST_3 : Operation 118 [1/1] (0.00ns)   --->   "%out_data_40_load = load i16 %out_data_40" [firmware/nnet_utils/nnet_stream.h:275]   --->   Operation 118 'load' 'out_data_40_load' <Predicate = true> <Delay = 0.00>
ST_3 : Operation 119 [1/1] (0.00ns)   --->   "%out_data_41_load = load i16 %out_data_41" [firmware/nnet_utils/nnet_stream.h:275]   --->   Operation 119 'load' 'out_data_41_load' <Predicate = true> <Delay = 0.00>
ST_3 : Operation 120 [1/1] (0.00ns)   --->   "%out_data_42_load = load i16 %out_data_42" [firmware/nnet_utils/nnet_stream.h:275]   --->   Operation 120 'load' 'out_data_42_load' <Predicate = true> <Delay = 0.00>
ST_3 : Operation 121 [1/1] (0.00ns)   --->   "%out_data_43_load = load i16 %out_data_43" [firmware/nnet_utils/nnet_stream.h:275]   --->   Operation 121 'load' 'out_data_43_load' <Predicate = true> <Delay = 0.00>
ST_3 : Operation 122 [1/1] (0.00ns)   --->   "%out_data_44_load = load i16 %out_data_44" [firmware/nnet_utils/nnet_stream.h:275]   --->   Operation 122 'load' 'out_data_44_load' <Predicate = true> <Delay = 0.00>
ST_3 : Operation 123 [1/1] (0.00ns)   --->   "%specpipeline_ln270 = specpipeline void @_ssdm_op_SpecPipeline, i32 4294967295, i32 0, i32 0, i32 0, void @empty_10" [firmware/nnet_utils/nnet_stream.h:270]   --->   Operation 123 'specpipeline' 'specpipeline_ln270' <Predicate = true> <Delay = 0.00>
ST_3 : Operation 124 [1/1] (0.00ns)   --->   "%speclooptripcount_ln266 = speclooptripcount void @_ssdm_op_SpecLoopTripCount, i64 168, i64 168, i64 168" [firmware/nnet_utils/nnet_stream.h:266]   --->   Operation 124 'speclooptripcount' 'speclooptripcount_ln266' <Predicate = true> <Delay = 0.00>
ST_3 : Operation 125 [1/1] (0.00ns)   --->   "%specloopname_ln269 = specloopname void @_ssdm_op_SpecLoopName, void @empty_3" [firmware/nnet_utils/nnet_stream.h:269]   --->   Operation 125 'specloopname' 'specloopname_ln269' <Predicate = true> <Delay = 0.00>
ST_3 : Operation 126 [1/1] (0.00ns) (grouped into LUT with out node or_ln275_3)   --->   "%or_ln275_1 = or i1 %icmp_ln275_4, i1 %icmp_ln275" [firmware/nnet_utils/nnet_stream.h:275]   --->   Operation 126 'or' 'or_ln275_1' <Predicate = true> <Delay = 0.00> <CoreInst = "LogicGate">   --->   Core 74 'LogicGate' <Latency = 0> <II = 1> <Delay = 0.28> <FuncUnit> <Opcode : 'and' 'or' 'xor'> <InPorts = 2> <OutPorts = 1>
ST_3 : Operation 127 [1/1] (0.00ns) (grouped into LUT with out node or_ln275_3)   --->   "%or_ln275 = or i1 %icmp_ln275_3, i1 %icmp_ln275_2" [firmware/nnet_utils/nnet_stream.h:275]   --->   Operation 127 'or' 'or_ln275' <Predicate = true> <Delay = 0.00> <CoreInst = "LogicGate">   --->   Core 74 'LogicGate' <Latency = 0> <II = 1> <Delay = 0.28> <FuncUnit> <Opcode : 'and' 'or' 'xor'> <InPorts = 2> <OutPorts = 1>
ST_3 : Operation 128 [1/1] (0.00ns) (grouped into LUT with out node or_ln275_3)   --->   "%or_ln275_2 = or i1 %or_ln275, i1 %icmp_ln275_1" [firmware/nnet_utils/nnet_stream.h:275]   --->   Operation 128 'or' 'or_ln275_2' <Predicate = true> <Delay = 0.00> <CoreInst = "LogicGate">   --->   Core 74 'LogicGate' <Latency = 0> <II = 1> <Delay = 0.28> <FuncUnit> <Opcode : 'and' 'or' 'xor'> <InPorts = 2> <OutPorts = 1>
ST_3 : Operation 129 [1/1] (0.28ns) (out node of the LUT)   --->   "%or_ln275_3 = or i1 %or_ln275_2, i1 %or_ln275_1" [firmware/nnet_utils/nnet_stream.h:275]   --->   Operation 129 'or' 'or_ln275_3' <Predicate = true> <Delay = 0.28> <CoreInst = "LogicGate">   --->   Core 74 'LogicGate' <Latency = 0> <II = 1> <Delay = 0.28> <FuncUnit> <Opcode : 'and' 'or' 'xor'> <InPorts = 2> <OutPorts = 1>
ST_3 : Operation 130 [1/1] (0.34ns)   --->   "%out_data_50 = select i1 %or_ln275_3, i16 %out_data_44_load, i16 %out_data_2" [firmware/nnet_utils/nnet_stream.h:275]   --->   Operation 130 'select' 'out_data_50' <Predicate = true> <Delay = 0.34> <CoreInst = "Sel">   --->   Core 73 'Sel' <Latency = 0> <II = 1> <Delay = 0.34> <FuncUnit> <Opcode : 'select'> <InPorts = 3> <OutPorts = 1>
ST_3 : Operation 131 [1/1] (0.34ns)   --->   "%out_data_51 = select i1 %or_ln275_3, i16 %out_data_43_load, i16 %out_data_1" [firmware/nnet_utils/nnet_stream.h:275]   --->   Operation 131 'select' 'out_data_51' <Predicate = true> <Delay = 0.34> <CoreInst = "Sel">   --->   Core 73 'Sel' <Latency = 0> <II = 1> <Delay = 0.34> <FuncUnit> <Opcode : 'select'> <InPorts = 3> <OutPorts = 1>
ST_3 : Operation 132 [1/1] (0.34ns)   --->   "%out_data_52 = select i1 %or_ln275_3, i16 %out_data_42_load, i16 %out_data_49" [firmware/nnet_utils/nnet_stream.h:275]   --->   Operation 132 'select' 'out_data_52' <Predicate = true> <Delay = 0.34> <CoreInst = "Sel">   --->   Core 73 'Sel' <Latency = 0> <II = 1> <Delay = 0.34> <FuncUnit> <Opcode : 'select'> <InPorts = 3> <OutPorts = 1>
ST_3 : Operation 133 [1/1] (0.34ns)   --->   "%out_data_53 = select i1 %or_ln275_3, i16 %out_data_41_load, i16 %in_data_6" [firmware/nnet_utils/nnet_stream.h:275]   --->   Operation 133 'select' 'out_data_53' <Predicate = true> <Delay = 0.34> <CoreInst = "Sel">   --->   Core 73 'Sel' <Latency = 0> <II = 1> <Delay = 0.34> <FuncUnit> <Opcode : 'select'> <InPorts = 3> <OutPorts = 1>
ST_3 : Operation 134 [1/1] (0.34ns)   --->   "%out_data_54 = select i1 %or_ln275_3, i16 %out_data_40_load, i16 %in_data_5" [firmware/nnet_utils/nnet_stream.h:275]   --->   Operation 134 'select' 'out_data_54' <Predicate = true> <Delay = 0.34> <CoreInst = "Sel">   --->   Core 73 'Sel' <Latency = 0> <II = 1> <Delay = 0.34> <FuncUnit> <Opcode : 'select'> <InPorts = 3> <OutPorts = 1>
ST_3 : Operation 135 [1/1] (0.34ns)   --->   "%out_data_55 = select i1 %or_ln275_3, i16 %out_data_39_load, i16 %in_data_4" [firmware/nnet_utils/nnet_stream.h:275]   --->   Operation 135 'select' 'out_data_55' <Predicate = true> <Delay = 0.34> <CoreInst = "Sel">   --->   Core 73 'Sel' <Latency = 0> <II = 1> <Delay = 0.34> <FuncUnit> <Opcode : 'select'> <InPorts = 3> <OutPorts = 1>
ST_3 : Operation 136 [1/1] (0.34ns)   --->   "%out_data_56 = select i1 %or_ln275_3, i16 %out_data_38_load, i16 %in_data" [firmware/nnet_utils/nnet_stream.h:275]   --->   Operation 136 'select' 'out_data_56' <Predicate = true> <Delay = 0.34> <CoreInst = "Sel">   --->   Core 73 'Sel' <Latency = 0> <II = 1> <Delay = 0.34> <FuncUnit> <Opcode : 'select'> <InPorts = 3> <OutPorts = 1>
ST_3 : Operation 137 [1/1] (0.34ns)   --->   "%out_data_57 = select i1 %icmp_ln275_4, i16 %out_data_2, i16 %out_data_37_load" [firmware/nnet_utils/nnet_stream.h:275]   --->   Operation 137 'select' 'out_data_57' <Predicate = true> <Delay = 0.34> <CoreInst = "Sel">   --->   Core 73 'Sel' <Latency = 0> <II = 1> <Delay = 0.34> <FuncUnit> <Opcode : 'select'> <InPorts = 3> <OutPorts = 1>
ST_3 : Operation 138 [1/1] (0.34ns)   --->   "%out_data_58 = select i1 %icmp_ln275_4, i16 %out_data_1, i16 %out_data_36_load" [firmware/nnet_utils/nnet_stream.h:275]   --->   Operation 138 'select' 'out_data_58' <Predicate = true> <Delay = 0.34> <CoreInst = "Sel">   --->   Core 73 'Sel' <Latency = 0> <II = 1> <Delay = 0.34> <FuncUnit> <Opcode : 'select'> <InPorts = 3> <OutPorts = 1>
ST_3 : Operation 139 [1/1] (0.34ns)   --->   "%out_data_59 = select i1 %icmp_ln275_4, i16 %out_data_49, i16 %out_data_35_load" [firmware/nnet_utils/nnet_stream.h:275]   --->   Operation 139 'select' 'out_data_59' <Predicate = true> <Delay = 0.34> <CoreInst = "Sel">   --->   Core 73 'Sel' <Latency = 0> <II = 1> <Delay = 0.34> <FuncUnit> <Opcode : 'select'> <InPorts = 3> <OutPorts = 1>
ST_3 : Operation 140 [1/1] (0.34ns)   --->   "%out_data_60 = select i1 %icmp_ln275_4, i16 %in_data_6, i16 %out_data_34_load" [firmware/nnet_utils/nnet_stream.h:275]   --->   Operation 140 'select' 'out_data_60' <Predicate = true> <Delay = 0.34> <CoreInst = "Sel">   --->   Core 73 'Sel' <Latency = 0> <II = 1> <Delay = 0.34> <FuncUnit> <Opcode : 'select'> <InPorts = 3> <OutPorts = 1>
ST_3 : Operation 141 [1/1] (0.34ns)   --->   "%out_data_61 = select i1 %icmp_ln275_4, i16 %in_data_5, i16 %out_data_33_load" [firmware/nnet_utils/nnet_stream.h:275]   --->   Operation 141 'select' 'out_data_61' <Predicate = true> <Delay = 0.34> <CoreInst = "Sel">   --->   Core 73 'Sel' <Latency = 0> <II = 1> <Delay = 0.34> <FuncUnit> <Opcode : 'select'> <InPorts = 3> <OutPorts = 1>
ST_3 : Operation 142 [1/1] (0.34ns)   --->   "%out_data_62 = select i1 %icmp_ln275_4, i16 %in_data_4, i16 %out_data_32_load" [firmware/nnet_utils/nnet_stream.h:275]   --->   Operation 142 'select' 'out_data_62' <Predicate = true> <Delay = 0.34> <CoreInst = "Sel">   --->   Core 73 'Sel' <Latency = 0> <II = 1> <Delay = 0.34> <FuncUnit> <Opcode : 'select'> <InPorts = 3> <OutPorts = 1>
ST_3 : Operation 143 [1/1] (0.34ns)   --->   "%out_data_63 = select i1 %icmp_ln275_4, i16 %in_data, i16 %out_data_31_load" [firmware/nnet_utils/nnet_stream.h:275]   --->   Operation 143 'select' 'out_data_63' <Predicate = true> <Delay = 0.34> <CoreInst = "Sel">   --->   Core 73 'Sel' <Latency = 0> <II = 1> <Delay = 0.34> <FuncUnit> <Opcode : 'select'> <InPorts = 3> <OutPorts = 1>
ST_3 : Operation 144 [1/1] (0.34ns)   --->   "%out_data_64 = select i1 %icmp_ln275_3, i16 %out_data_2, i16 %out_data_30_load" [firmware/nnet_utils/nnet_stream.h:275]   --->   Operation 144 'select' 'out_data_64' <Predicate = true> <Delay = 0.34> <CoreInst = "Sel">   --->   Core 73 'Sel' <Latency = 0> <II = 1> <Delay = 0.34> <FuncUnit> <Opcode : 'select'> <InPorts = 3> <OutPorts = 1>
ST_3 : Operation 145 [1/1] (0.34ns)   --->   "%out_data_65 = select i1 %icmp_ln275_3, i16 %out_data_1, i16 %out_data_29_load" [firmware/nnet_utils/nnet_stream.h:275]   --->   Operation 145 'select' 'out_data_65' <Predicate = true> <Delay = 0.34> <CoreInst = "Sel">   --->   Core 73 'Sel' <Latency = 0> <II = 1> <Delay = 0.34> <FuncUnit> <Opcode : 'select'> <InPorts = 3> <OutPorts = 1>
ST_3 : Operation 146 [1/1] (0.34ns)   --->   "%out_data_66 = select i1 %icmp_ln275_3, i16 %out_data_49, i16 %out_data_28_load" [firmware/nnet_utils/nnet_stream.h:275]   --->   Operation 146 'select' 'out_data_66' <Predicate = true> <Delay = 0.34> <CoreInst = "Sel">   --->   Core 73 'Sel' <Latency = 0> <II = 1> <Delay = 0.34> <FuncUnit> <Opcode : 'select'> <InPorts = 3> <OutPorts = 1>
ST_3 : Operation 147 [1/1] (0.34ns)   --->   "%out_data_67 = select i1 %icmp_ln275_3, i16 %in_data_6, i16 %out_data_27_load" [firmware/nnet_utils/nnet_stream.h:275]   --->   Operation 147 'select' 'out_data_67' <Predicate = true> <Delay = 0.34> <CoreInst = "Sel">   --->   Core 73 'Sel' <Latency = 0> <II = 1> <Delay = 0.34> <FuncUnit> <Opcode : 'select'> <InPorts = 3> <OutPorts = 1>
ST_3 : Operation 148 [1/1] (0.34ns)   --->   "%out_data_68 = select i1 %icmp_ln275_3, i16 %in_data_5, i16 %out_data_26_load" [firmware/nnet_utils/nnet_stream.h:275]   --->   Operation 148 'select' 'out_data_68' <Predicate = true> <Delay = 0.34> <CoreInst = "Sel">   --->   Core 73 'Sel' <Latency = 0> <II = 1> <Delay = 0.34> <FuncUnit> <Opcode : 'select'> <InPorts = 3> <OutPorts = 1>
ST_3 : Operation 149 [1/1] (0.34ns)   --->   "%out_data_69 = select i1 %icmp_ln275_3, i16 %in_data_4, i16 %out_data_25_load" [firmware/nnet_utils/nnet_stream.h:275]   --->   Operation 149 'select' 'out_data_69' <Predicate = true> <Delay = 0.34> <CoreInst = "Sel">   --->   Core 73 'Sel' <Latency = 0> <II = 1> <Delay = 0.34> <FuncUnit> <Opcode : 'select'> <InPorts = 3> <OutPorts = 1>
ST_3 : Operation 150 [1/1] (0.34ns)   --->   "%out_data_70 = select i1 %icmp_ln275_3, i16 %in_data, i16 %out_data_24_load" [firmware/nnet_utils/nnet_stream.h:275]   --->   Operation 150 'select' 'out_data_70' <Predicate = true> <Delay = 0.34> <CoreInst = "Sel">   --->   Core 73 'Sel' <Latency = 0> <II = 1> <Delay = 0.34> <FuncUnit> <Opcode : 'select'> <InPorts = 3> <OutPorts = 1>
ST_3 : Operation 151 [1/1] (0.34ns)   --->   "%out_data_71 = select i1 %icmp_ln275_2, i16 %out_data_2, i16 %out_data_23_load" [firmware/nnet_utils/nnet_stream.h:275]   --->   Operation 151 'select' 'out_data_71' <Predicate = true> <Delay = 0.34> <CoreInst = "Sel">   --->   Core 73 'Sel' <Latency = 0> <II = 1> <Delay = 0.34> <FuncUnit> <Opcode : 'select'> <InPorts = 3> <OutPorts = 1>
ST_3 : Operation 152 [1/1] (0.34ns)   --->   "%out_data_72 = select i1 %icmp_ln275_2, i16 %out_data_1, i16 %out_data_22_load" [firmware/nnet_utils/nnet_stream.h:275]   --->   Operation 152 'select' 'out_data_72' <Predicate = true> <Delay = 0.34> <CoreInst = "Sel">   --->   Core 73 'Sel' <Latency = 0> <II = 1> <Delay = 0.34> <FuncUnit> <Opcode : 'select'> <InPorts = 3> <OutPorts = 1>
ST_3 : Operation 153 [1/1] (0.34ns)   --->   "%out_data_73 = select i1 %icmp_ln275_2, i16 %out_data_49, i16 %out_data_21_load" [firmware/nnet_utils/nnet_stream.h:275]   --->   Operation 153 'select' 'out_data_73' <Predicate = true> <Delay = 0.34> <CoreInst = "Sel">   --->   Core 73 'Sel' <Latency = 0> <II = 1> <Delay = 0.34> <FuncUnit> <Opcode : 'select'> <InPorts = 3> <OutPorts = 1>
ST_3 : Operation 154 [1/1] (0.34ns)   --->   "%out_data_74 = select i1 %icmp_ln275_2, i16 %in_data_6, i16 %out_data_20_load" [firmware/nnet_utils/nnet_stream.h:275]   --->   Operation 154 'select' 'out_data_74' <Predicate = true> <Delay = 0.34> <CoreInst = "Sel">   --->   Core 73 'Sel' <Latency = 0> <II = 1> <Delay = 0.34> <FuncUnit> <Opcode : 'select'> <InPorts = 3> <OutPorts = 1>
ST_3 : Operation 155 [1/1] (0.34ns)   --->   "%out_data_75 = select i1 %icmp_ln275_2, i16 %in_data_5, i16 %out_data_19_load" [firmware/nnet_utils/nnet_stream.h:275]   --->   Operation 155 'select' 'out_data_75' <Predicate = true> <Delay = 0.34> <CoreInst = "Sel">   --->   Core 73 'Sel' <Latency = 0> <II = 1> <Delay = 0.34> <FuncUnit> <Opcode : 'select'> <InPorts = 3> <OutPorts = 1>
ST_3 : Operation 156 [1/1] (0.34ns)   --->   "%out_data_76 = select i1 %icmp_ln275_2, i16 %in_data_4, i16 %out_data_18_load" [firmware/nnet_utils/nnet_stream.h:275]   --->   Operation 156 'select' 'out_data_76' <Predicate = true> <Delay = 0.34> <CoreInst = "Sel">   --->   Core 73 'Sel' <Latency = 0> <II = 1> <Delay = 0.34> <FuncUnit> <Opcode : 'select'> <InPorts = 3> <OutPorts = 1>
ST_3 : Operation 157 [1/1] (0.34ns)   --->   "%out_data_77 = select i1 %icmp_ln275_2, i16 %in_data, i16 %out_data_17_load" [firmware/nnet_utils/nnet_stream.h:275]   --->   Operation 157 'select' 'out_data_77' <Predicate = true> <Delay = 0.34> <CoreInst = "Sel">   --->   Core 73 'Sel' <Latency = 0> <II = 1> <Delay = 0.34> <FuncUnit> <Opcode : 'select'> <InPorts = 3> <OutPorts = 1>
ST_3 : Operation 158 [1/1] (0.34ns)   --->   "%out_data_78 = select i1 %icmp_ln275_1, i16 %out_data_2, i16 %out_data_16_load" [firmware/nnet_utils/nnet_stream.h:275]   --->   Operation 158 'select' 'out_data_78' <Predicate = true> <Delay = 0.34> <CoreInst = "Sel">   --->   Core 73 'Sel' <Latency = 0> <II = 1> <Delay = 0.34> <FuncUnit> <Opcode : 'select'> <InPorts = 3> <OutPorts = 1>
ST_3 : Operation 159 [1/1] (0.34ns)   --->   "%out_data_79 = select i1 %icmp_ln275_1, i16 %out_data_1, i16 %out_data_15_load" [firmware/nnet_utils/nnet_stream.h:275]   --->   Operation 159 'select' 'out_data_79' <Predicate = true> <Delay = 0.34> <CoreInst = "Sel">   --->   Core 73 'Sel' <Latency = 0> <II = 1> <Delay = 0.34> <FuncUnit> <Opcode : 'select'> <InPorts = 3> <OutPorts = 1>
ST_3 : Operation 160 [1/1] (0.34ns)   --->   "%out_data_80 = select i1 %icmp_ln275_1, i16 %out_data_49, i16 %out_data_14_load" [firmware/nnet_utils/nnet_stream.h:275]   --->   Operation 160 'select' 'out_data_80' <Predicate = true> <Delay = 0.34> <CoreInst = "Sel">   --->   Core 73 'Sel' <Latency = 0> <II = 1> <Delay = 0.34> <FuncUnit> <Opcode : 'select'> <InPorts = 3> <OutPorts = 1>
ST_3 : Operation 161 [1/1] (0.34ns)   --->   "%out_data_81 = select i1 %icmp_ln275_1, i16 %in_data_6, i16 %out_data_13_load" [firmware/nnet_utils/nnet_stream.h:275]   --->   Operation 161 'select' 'out_data_81' <Predicate = true> <Delay = 0.34> <CoreInst = "Sel">   --->   Core 73 'Sel' <Latency = 0> <II = 1> <Delay = 0.34> <FuncUnit> <Opcode : 'select'> <InPorts = 3> <OutPorts = 1>
ST_3 : Operation 162 [1/1] (0.34ns)   --->   "%out_data_82 = select i1 %icmp_ln275_1, i16 %in_data_5, i16 %out_data_12_load" [firmware/nnet_utils/nnet_stream.h:275]   --->   Operation 162 'select' 'out_data_82' <Predicate = true> <Delay = 0.34> <CoreInst = "Sel">   --->   Core 73 'Sel' <Latency = 0> <II = 1> <Delay = 0.34> <FuncUnit> <Opcode : 'select'> <InPorts = 3> <OutPorts = 1>
ST_3 : Operation 163 [1/1] (0.34ns)   --->   "%out_data_83 = select i1 %icmp_ln275_1, i16 %in_data_4, i16 %out_data_11_load" [firmware/nnet_utils/nnet_stream.h:275]   --->   Operation 163 'select' 'out_data_83' <Predicate = true> <Delay = 0.34> <CoreInst = "Sel">   --->   Core 73 'Sel' <Latency = 0> <II = 1> <Delay = 0.34> <FuncUnit> <Opcode : 'select'> <InPorts = 3> <OutPorts = 1>
ST_3 : Operation 164 [1/1] (0.34ns)   --->   "%out_data_84 = select i1 %icmp_ln275_1, i16 %in_data, i16 %out_data_10_load" [firmware/nnet_utils/nnet_stream.h:275]   --->   Operation 164 'select' 'out_data_84' <Predicate = true> <Delay = 0.34> <CoreInst = "Sel">   --->   Core 73 'Sel' <Latency = 0> <II = 1> <Delay = 0.34> <FuncUnit> <Opcode : 'select'> <InPorts = 3> <OutPorts = 1>
ST_3 : Operation 165 [1/1] (0.34ns)   --->   "%out_data_85 = select i1 %icmp_ln275, i16 %out_data_2, i16 %out_data_9_load" [firmware/nnet_utils/nnet_stream.h:275]   --->   Operation 165 'select' 'out_data_85' <Predicate = true> <Delay = 0.34> <CoreInst = "Sel">   --->   Core 73 'Sel' <Latency = 0> <II = 1> <Delay = 0.34> <FuncUnit> <Opcode : 'select'> <InPorts = 3> <OutPorts = 1>
ST_3 : Operation 166 [1/1] (0.34ns)   --->   "%out_data_86 = select i1 %icmp_ln275, i16 %out_data_1, i16 %out_data_8_load" [firmware/nnet_utils/nnet_stream.h:275]   --->   Operation 166 'select' 'out_data_86' <Predicate = true> <Delay = 0.34> <CoreInst = "Sel">   --->   Core 73 'Sel' <Latency = 0> <II = 1> <Delay = 0.34> <FuncUnit> <Opcode : 'select'> <InPorts = 3> <OutPorts = 1>
ST_3 : Operation 167 [1/1] (0.34ns)   --->   "%out_data_87 = select i1 %icmp_ln275, i16 %out_data_49, i16 %out_data_7_load" [firmware/nnet_utils/nnet_stream.h:275]   --->   Operation 167 'select' 'out_data_87' <Predicate = true> <Delay = 0.34> <CoreInst = "Sel">   --->   Core 73 'Sel' <Latency = 0> <II = 1> <Delay = 0.34> <FuncUnit> <Opcode : 'select'> <InPorts = 3> <OutPorts = 1>
ST_3 : Operation 168 [1/1] (0.34ns)   --->   "%out_data_88 = select i1 %icmp_ln275, i16 %in_data_6, i16 %out_data_6_load" [firmware/nnet_utils/nnet_stream.h:275]   --->   Operation 168 'select' 'out_data_88' <Predicate = true> <Delay = 0.34> <CoreInst = "Sel">   --->   Core 73 'Sel' <Latency = 0> <II = 1> <Delay = 0.34> <FuncUnit> <Opcode : 'select'> <InPorts = 3> <OutPorts = 1>
ST_3 : Operation 169 [1/1] (0.34ns)   --->   "%out_data_89 = select i1 %icmp_ln275, i16 %in_data_5, i16 %out_data_5_load" [firmware/nnet_utils/nnet_stream.h:275]   --->   Operation 169 'select' 'out_data_89' <Predicate = true> <Delay = 0.34> <CoreInst = "Sel">   --->   Core 73 'Sel' <Latency = 0> <II = 1> <Delay = 0.34> <FuncUnit> <Opcode : 'select'> <InPorts = 3> <OutPorts = 1>
ST_3 : Operation 170 [1/1] (0.34ns)   --->   "%out_data_90 = select i1 %icmp_ln275, i16 %in_data_4, i16 %out_data_4_load" [firmware/nnet_utils/nnet_stream.h:275]   --->   Operation 170 'select' 'out_data_90' <Predicate = true> <Delay = 0.34> <CoreInst = "Sel">   --->   Core 73 'Sel' <Latency = 0> <II = 1> <Delay = 0.34> <FuncUnit> <Opcode : 'select'> <InPorts = 3> <OutPorts = 1>
ST_3 : Operation 171 [1/1] (0.34ns)   --->   "%out_data_91 = select i1 %icmp_ln275, i16 %in_data, i16 %out_data_load" [firmware/nnet_utils/nnet_stream.h:275]   --->   Operation 171 'select' 'out_data_91' <Predicate = true> <Delay = 0.34> <CoreInst = "Sel">   --->   Core 73 'Sel' <Latency = 0> <II = 1> <Delay = 0.34> <FuncUnit> <Opcode : 'select'> <InPorts = 3> <OutPorts = 1>
ST_3 : Operation 172 [1/1] (0.00ns)   --->   "%or_ln279_s = bitconcatenate i672 @_ssdm_op_BitConcatenate.i672.i16.i16.i16.i16.i16.i16.i16.i16.i16.i16.i16.i16.i16.i16.i16.i16.i16.i16.i16.i16.i16.i16.i16.i16.i16.i16.i16.i16.i16.i16.i16.i16.i16.i16.i16.i16.i16.i16.i16.i16.i16.i16, i16 %out_data_50, i16 %out_data_51, i16 %out_data_52, i16 %out_data_53, i16 %out_data_54, i16 %out_data_55, i16 %out_data_56, i16 %out_data_57, i16 %out_data_58, i16 %out_data_59, i16 %out_data_60, i16 %out_data_61, i16 %out_data_62, i16 %out_data_63, i16 %out_data_64, i16 %out_data_65, i16 %out_data_66, i16 %out_data_67, i16 %out_data_68, i16 %out_data_69, i16 %out_data_70, i16 %out_data_71, i16 %out_data_72, i16 %out_data_73, i16 %out_data_74, i16 %out_data_75, i16 %out_data_76, i16 %out_data_77, i16 %out_data_78, i16 %out_data_79, i16 %out_data_80, i16 %out_data_81, i16 %out_data_82, i16 %out_data_83, i16 %out_data_84, i16 %out_data_85, i16 %out_data_86, i16 %out_data_87, i16 %out_data_88, i16 %out_data_89, i16 %out_data_90, i16 %out_data_91" [firmware/nnet_utils/nnet_stream.h:279]   --->   Operation 172 'bitconcatenate' 'or_ln279_s' <Predicate = (icmp_ln278)> <Delay = 0.00>
ST_3 : Operation 173 [1/1] (1.82ns)   --->   "%write_ln279 = write void @_ssdm_op_Write.ap_fifo.volatile.i672P0A, i672 %layer12_out, i672 %or_ln279_s" [firmware/nnet_utils/nnet_stream.h:279]   --->   Operation 173 'write' 'write_ln279' <Predicate = (icmp_ln278)> <Delay = 1.82> <CoreInst = "FIFO">   --->   Core 78 'FIFO' <Latency = 0> <II = 1> <Delay = 1.82> <Storage> <Opcode : 'read' 'write' 'nbread' 'nbwrite'> <Ports = 0> <Width = 672> <Depth = 28> <FIFO>
ST_3 : Operation 174 [1/1] (0.00ns)   --->   "%br_ln281 = br void %for.inc68" [firmware/nnet_utils/nnet_stream.h:281]   --->   Operation 174 'br' 'br_ln281' <Predicate = (icmp_ln278)> <Delay = 0.00>
ST_3 : Operation 175 [1/1] (0.00ns)   --->   "%store_ln266 = store i16 %out_data_50, i16 %out_data_44" [firmware/nnet_utils/nnet_stream.h:266]   --->   Operation 175 'store' 'store_ln266' <Predicate = true> <Delay = 0.00>
ST_3 : Operation 176 [1/1] (0.00ns)   --->   "%store_ln266 = store i16 %out_data_51, i16 %out_data_43" [firmware/nnet_utils/nnet_stream.h:266]   --->   Operation 176 'store' 'store_ln266' <Predicate = true> <Delay = 0.00>
ST_3 : Operation 177 [1/1] (0.00ns)   --->   "%store_ln266 = store i16 %out_data_52, i16 %out_data_42" [firmware/nnet_utils/nnet_stream.h:266]   --->   Operation 177 'store' 'store_ln266' <Predicate = true> <Delay = 0.00>
ST_3 : Operation 178 [1/1] (0.00ns)   --->   "%store_ln266 = store i16 %out_data_53, i16 %out_data_41" [firmware/nnet_utils/nnet_stream.h:266]   --->   Operation 178 'store' 'store_ln266' <Predicate = true> <Delay = 0.00>
ST_3 : Operation 179 [1/1] (0.00ns)   --->   "%store_ln266 = store i16 %out_data_54, i16 %out_data_40" [firmware/nnet_utils/nnet_stream.h:266]   --->   Operation 179 'store' 'store_ln266' <Predicate = true> <Delay = 0.00>
ST_3 : Operation 180 [1/1] (0.00ns)   --->   "%store_ln266 = store i16 %out_data_55, i16 %out_data_39" [firmware/nnet_utils/nnet_stream.h:266]   --->   Operation 180 'store' 'store_ln266' <Predicate = true> <Delay = 0.00>
ST_3 : Operation 181 [1/1] (0.00ns)   --->   "%store_ln266 = store i16 %out_data_56, i16 %out_data_38" [firmware/nnet_utils/nnet_stream.h:266]   --->   Operation 181 'store' 'store_ln266' <Predicate = true> <Delay = 0.00>
ST_3 : Operation 182 [1/1] (0.00ns)   --->   "%store_ln266 = store i16 %out_data_57, i16 %out_data_37" [firmware/nnet_utils/nnet_stream.h:266]   --->   Operation 182 'store' 'store_ln266' <Predicate = true> <Delay = 0.00>
ST_3 : Operation 183 [1/1] (0.00ns)   --->   "%store_ln266 = store i16 %out_data_58, i16 %out_data_36" [firmware/nnet_utils/nnet_stream.h:266]   --->   Operation 183 'store' 'store_ln266' <Predicate = true> <Delay = 0.00>
ST_3 : Operation 184 [1/1] (0.00ns)   --->   "%store_ln266 = store i16 %out_data_59, i16 %out_data_35" [firmware/nnet_utils/nnet_stream.h:266]   --->   Operation 184 'store' 'store_ln266' <Predicate = true> <Delay = 0.00>
ST_3 : Operation 185 [1/1] (0.00ns)   --->   "%store_ln266 = store i16 %out_data_60, i16 %out_data_34" [firmware/nnet_utils/nnet_stream.h:266]   --->   Operation 185 'store' 'store_ln266' <Predicate = true> <Delay = 0.00>
ST_3 : Operation 186 [1/1] (0.00ns)   --->   "%store_ln266 = store i16 %out_data_61, i16 %out_data_33" [firmware/nnet_utils/nnet_stream.h:266]   --->   Operation 186 'store' 'store_ln266' <Predicate = true> <Delay = 0.00>
ST_3 : Operation 187 [1/1] (0.00ns)   --->   "%store_ln266 = store i16 %out_data_62, i16 %out_data_32" [firmware/nnet_utils/nnet_stream.h:266]   --->   Operation 187 'store' 'store_ln266' <Predicate = true> <Delay = 0.00>
ST_3 : Operation 188 [1/1] (0.00ns)   --->   "%store_ln266 = store i16 %out_data_63, i16 %out_data_31" [firmware/nnet_utils/nnet_stream.h:266]   --->   Operation 188 'store' 'store_ln266' <Predicate = true> <Delay = 0.00>
ST_3 : Operation 189 [1/1] (0.00ns)   --->   "%store_ln266 = store i16 %out_data_64, i16 %out_data_30" [firmware/nnet_utils/nnet_stream.h:266]   --->   Operation 189 'store' 'store_ln266' <Predicate = true> <Delay = 0.00>
ST_3 : Operation 190 [1/1] (0.00ns)   --->   "%store_ln266 = store i16 %out_data_65, i16 %out_data_29" [firmware/nnet_utils/nnet_stream.h:266]   --->   Operation 190 'store' 'store_ln266' <Predicate = true> <Delay = 0.00>
ST_3 : Operation 191 [1/1] (0.00ns)   --->   "%store_ln266 = store i16 %out_data_66, i16 %out_data_28" [firmware/nnet_utils/nnet_stream.h:266]   --->   Operation 191 'store' 'store_ln266' <Predicate = true> <Delay = 0.00>
ST_3 : Operation 192 [1/1] (0.00ns)   --->   "%store_ln266 = store i16 %out_data_67, i16 %out_data_27" [firmware/nnet_utils/nnet_stream.h:266]   --->   Operation 192 'store' 'store_ln266' <Predicate = true> <Delay = 0.00>
ST_3 : Operation 193 [1/1] (0.00ns)   --->   "%store_ln266 = store i16 %out_data_68, i16 %out_data_26" [firmware/nnet_utils/nnet_stream.h:266]   --->   Operation 193 'store' 'store_ln266' <Predicate = true> <Delay = 0.00>
ST_3 : Operation 194 [1/1] (0.00ns)   --->   "%store_ln266 = store i16 %out_data_69, i16 %out_data_25" [firmware/nnet_utils/nnet_stream.h:266]   --->   Operation 194 'store' 'store_ln266' <Predicate = true> <Delay = 0.00>
ST_3 : Operation 195 [1/1] (0.00ns)   --->   "%store_ln266 = store i16 %out_data_70, i16 %out_data_24" [firmware/nnet_utils/nnet_stream.h:266]   --->   Operation 195 'store' 'store_ln266' <Predicate = true> <Delay = 0.00>
ST_3 : Operation 196 [1/1] (0.00ns)   --->   "%store_ln266 = store i16 %out_data_71, i16 %out_data_23" [firmware/nnet_utils/nnet_stream.h:266]   --->   Operation 196 'store' 'store_ln266' <Predicate = true> <Delay = 0.00>
ST_3 : Operation 197 [1/1] (0.00ns)   --->   "%store_ln266 = store i16 %out_data_72, i16 %out_data_22" [firmware/nnet_utils/nnet_stream.h:266]   --->   Operation 197 'store' 'store_ln266' <Predicate = true> <Delay = 0.00>
ST_3 : Operation 198 [1/1] (0.00ns)   --->   "%store_ln266 = store i16 %out_data_73, i16 %out_data_21" [firmware/nnet_utils/nnet_stream.h:266]   --->   Operation 198 'store' 'store_ln266' <Predicate = true> <Delay = 0.00>
ST_3 : Operation 199 [1/1] (0.00ns)   --->   "%store_ln266 = store i16 %out_data_74, i16 %out_data_20" [firmware/nnet_utils/nnet_stream.h:266]   --->   Operation 199 'store' 'store_ln266' <Predicate = true> <Delay = 0.00>
ST_3 : Operation 200 [1/1] (0.00ns)   --->   "%store_ln266 = store i16 %out_data_75, i16 %out_data_19" [firmware/nnet_utils/nnet_stream.h:266]   --->   Operation 200 'store' 'store_ln266' <Predicate = true> <Delay = 0.00>
ST_3 : Operation 201 [1/1] (0.00ns)   --->   "%store_ln266 = store i16 %out_data_76, i16 %out_data_18" [firmware/nnet_utils/nnet_stream.h:266]   --->   Operation 201 'store' 'store_ln266' <Predicate = true> <Delay = 0.00>
ST_3 : Operation 202 [1/1] (0.00ns)   --->   "%store_ln266 = store i16 %out_data_77, i16 %out_data_17" [firmware/nnet_utils/nnet_stream.h:266]   --->   Operation 202 'store' 'store_ln266' <Predicate = true> <Delay = 0.00>
ST_3 : Operation 203 [1/1] (0.00ns)   --->   "%store_ln266 = store i16 %out_data_78, i16 %out_data_16" [firmware/nnet_utils/nnet_stream.h:266]   --->   Operation 203 'store' 'store_ln266' <Predicate = true> <Delay = 0.00>
ST_3 : Operation 204 [1/1] (0.00ns)   --->   "%store_ln266 = store i16 %out_data_79, i16 %out_data_15" [firmware/nnet_utils/nnet_stream.h:266]   --->   Operation 204 'store' 'store_ln266' <Predicate = true> <Delay = 0.00>
ST_3 : Operation 205 [1/1] (0.00ns)   --->   "%store_ln266 = store i16 %out_data_80, i16 %out_data_14" [firmware/nnet_utils/nnet_stream.h:266]   --->   Operation 205 'store' 'store_ln266' <Predicate = true> <Delay = 0.00>
ST_3 : Operation 206 [1/1] (0.00ns)   --->   "%store_ln266 = store i16 %out_data_81, i16 %out_data_13" [firmware/nnet_utils/nnet_stream.h:266]   --->   Operation 206 'store' 'store_ln266' <Predicate = true> <Delay = 0.00>
ST_3 : Operation 207 [1/1] (0.00ns)   --->   "%store_ln266 = store i16 %out_data_82, i16 %out_data_12" [firmware/nnet_utils/nnet_stream.h:266]   --->   Operation 207 'store' 'store_ln266' <Predicate = true> <Delay = 0.00>
ST_3 : Operation 208 [1/1] (0.00ns)   --->   "%store_ln266 = store i16 %out_data_83, i16 %out_data_11" [firmware/nnet_utils/nnet_stream.h:266]   --->   Operation 208 'store' 'store_ln266' <Predicate = true> <Delay = 0.00>
ST_3 : Operation 209 [1/1] (0.00ns)   --->   "%store_ln266 = store i16 %out_data_84, i16 %out_data_10" [firmware/nnet_utils/nnet_stream.h:266]   --->   Operation 209 'store' 'store_ln266' <Predicate = true> <Delay = 0.00>
ST_3 : Operation 210 [1/1] (0.00ns)   --->   "%store_ln266 = store i16 %out_data_85, i16 %out_data_9" [firmware/nnet_utils/nnet_stream.h:266]   --->   Operation 210 'store' 'store_ln266' <Predicate = true> <Delay = 0.00>
ST_3 : Operation 211 [1/1] (0.00ns)   --->   "%store_ln266 = store i16 %out_data_86, i16 %out_data_8" [firmware/nnet_utils/nnet_stream.h:266]   --->   Operation 211 'store' 'store_ln266' <Predicate = true> <Delay = 0.00>
ST_3 : Operation 212 [1/1] (0.00ns)   --->   "%store_ln266 = store i16 %out_data_87, i16 %out_data_7" [firmware/nnet_utils/nnet_stream.h:266]   --->   Operation 212 'store' 'store_ln266' <Predicate = true> <Delay = 0.00>
ST_3 : Operation 213 [1/1] (0.00ns)   --->   "%store_ln266 = store i16 %out_data_88, i16 %out_data_6" [firmware/nnet_utils/nnet_stream.h:266]   --->   Operation 213 'store' 'store_ln266' <Predicate = true> <Delay = 0.00>
ST_3 : Operation 214 [1/1] (0.00ns)   --->   "%store_ln266 = store i16 %out_data_89, i16 %out_data_5" [firmware/nnet_utils/nnet_stream.h:266]   --->   Operation 214 'store' 'store_ln266' <Predicate = true> <Delay = 0.00>
ST_3 : Operation 215 [1/1] (0.00ns)   --->   "%store_ln266 = store i16 %out_data_90, i16 %out_data_4" [firmware/nnet_utils/nnet_stream.h:266]   --->   Operation 215 'store' 'store_ln266' <Predicate = true> <Delay = 0.00>
ST_3 : Operation 216 [1/1] (0.00ns)   --->   "%store_ln266 = store i16 %out_data_91, i16 %out_data" [firmware/nnet_utils/nnet_stream.h:266]   --->   Operation 216 'store' 'store_ln266' <Predicate = true> <Delay = 0.00>
ST_3 : Operation 217 [1/1] (0.00ns)   --->   "%br_ln269 = br void %VITIS_LOOP_273_7" [firmware/nnet_utils/nnet_stream.h:269]   --->   Operation 217 'br' 'br_ln269' <Predicate = true> <Delay = 0.00>


============================================================
+ Verbose Summary: Timing violations
============================================================
Target clock period: 5.000ns, clock uncertainty: 1.350ns.

 <State 1>: 1.619ns
The critical path consists of the following:
	'store' operation 0 bit ('store_ln269', firmware/nnet_utils/nnet_stream.h:269) of constant 0 on local variable 'i', firmware/nnet_utils/nnet_stream.h:269 [49]  (0.427 ns)
	'load' operation 8 bit ('i', firmware/nnet_utils/nnet_stream.h:269) on local variable 'i', firmware/nnet_utils/nnet_stream.h:269 [54]  (0.000 ns)
	'icmp' operation 1 bit ('icmp_ln269', firmware/nnet_utils/nnet_stream.h:269) [55]  (0.765 ns)
	'store' operation 0 bit ('store_ln269', firmware/nnet_utils/nnet_stream.h:269) of variable 'i', firmware/nnet_utils/nnet_stream.h:269 on local variable 'i', firmware/nnet_utils/nnet_stream.h:269 [218]  (0.427 ns)

 <State 2>: 1.870ns
The critical path consists of the following:
	'store' operation 0 bit ('store_ln268', firmware/nnet_utils/nnet_stream.h:268) of constant 0 on local variable 'pack_cnt', firmware/nnet_utils/nnet_stream.h:268 [50]  (0.427 ns)
	'load' operation 32 bit ('pack_cnt', firmware/nnet_utils/nnet_stream.h:268) on local variable 'pack_cnt', firmware/nnet_utils/nnet_stream.h:268 [53]  (0.000 ns)
	'icmp' operation 1 bit ('icmp_ln278', firmware/nnet_utils/nnet_stream.h:278) [164]  (1.016 ns)
	'store' operation 0 bit ('store_ln268', firmware/nnet_utils/nnet_stream.h:268) of variable 'pack_cnt', firmware/nnet_utils/nnet_stream.h:282 on local variable 'pack_cnt', firmware/nnet_utils/nnet_stream.h:268 [168]  (0.427 ns)

 <State 3>: 2.449ns
The critical path consists of the following:
	'or' operation 1 bit ('or_ln275_1', firmware/nnet_utils/nnet_stream.h:275) [118]  (0.000 ns)
	'or' operation 1 bit ('or_ln275_3', firmware/nnet_utils/nnet_stream.h:275) [121]  (0.282 ns)
	'select' operation 16 bit ('out_data', firmware/nnet_utils/nnet_stream.h:275) [122]  (0.342 ns)
	fifo write operation ('write_ln279', firmware/nnet_utils/nnet_stream.h:279) on port 'layer12_out' (firmware/nnet_utils/nnet_stream.h:279) [172]  (1.825 ns)


============================================================
+ Verbose Summary: Binding
============================================================
N/A
* FSMD analyzer results:
  - Output states:
 - Input state : 
  - Chain level:
	State 1
	State 2
	State 3


============================================================
+ Verbose Summary: Datapath Resource usage 
============================================================
N/A
